   Compiling pyo3-build-config v0.25.1
   Compiling pyo3-ffi v0.25.1
   Compiling pyo3-macros-backend v0.25.1
   Compiling pyo3 v0.25.1
   Compiling numpy v0.25.0
   Compiling pyo3-macros v0.25.1
    Checking my_project v0.1.0 (/mnt/c/Rust Projects/my_project)
error: expected argument from function definition `_stream` but got argument `stream`
    --> src/indicators/aroonosc.rs:2098:23
     |
2098 |     #[pyo3(signature=(stream=None, max_version=None, dl_device=None, copy=None))]
     |                       ^^^^^^

error: expected argument from function definition `_stream` but got argument `stream`
    --> src/indicators/dpo.rs:1807:23
     |
1807 |     #[pyo3(signature=(stream=None, max_version=None, dl_device=None, copy=None))]
     |                       ^^^^^^

error: expected argument from function definition `_stream` but got argument `stream`
    --> src/indicators/emd.rs:3205:25
     |
3205 |     #[pyo3(signature = (stream=None, max_version=None, dl_device=None, copy=None))]
     |                         ^^^^^^

error: expected argument from function definition `_stream` but got argument `stream`
   --> src/indicators/moving_averages/alma.rs:123:23
    |
123 |     #[pyo3(signature=(stream=None, max_version=None, dl_device=None, copy=None))]
    |                       ^^^^^^

error: expected argument from function definition `_stream` but got argument `stream`
    --> src/indicators/moving_averages/pwma.rs:2255:23
     |
2255 |     #[pyo3(signature=(stream=None, max_version=None, dl_device=None, copy=None))]
     |                       ^^^^^^

error: expected argument from function definition `_stream` but got argument `stream`
    --> src/indicators/moving_averages/trima.rs:1655:23
     |
1655 |     #[pyo3(signature=(stream=None, max_version=None, dl_device=None, copy=None))]
     |                       ^^^^^^

error: expected argument from function definition `_stream` but got argument `stream`
    --> src/indicators/moving_averages/vwap.rs:2587:25
     |
2587 |     #[pyo3(signature = (stream=None, max_version=None, dl_device=None, copy=None))]
     |                         ^^^^^^

error: expected argument from function definition `_copy` but got argument `copy`
   --> src/cuda/moving_averages/gaussian_wrapper.rs:960:72
    |
960 |     #[pyo3(signature = (stream=None, max_version=None, dl_device=None, copy=None))]
    |                                                                        ^^^^

error[E0425]: cannot find function `cuDevicePrimaryCtxRelease` in crate `_cu`
    --> src/indicators/emd.rs:3167:26
     |
3167 |             let _ = _cu::cuDevicePrimaryCtxRelease(self.dev);
     |                          ^^^^^^^^^^^^^^^^^^^^^^^^^ help: a function with a similar name exists: `cuDevicePrimaryCtxRelease_v2`
     |
    ::: /root/.cargo/registry/src/index.crates.io-1949cf8c6b5b557f/cust_raw-0.11.3/src/cuda.rs:6982:5
     |
6982 |     pub fn cuDevicePrimaryCtxRelease_v2(dev: CUdevice) -> CUresult;
     |     --------------------------------------------------------------- similarly named function `cuDevicePrimaryCtxRelease_v2` defined here

error[E0425]: cannot find function `cuDevicePrimaryCtxRelease` in crate `cust::sys`
    --> src/indicators/moving_averages/alma.rs:77:32
     |
77   |             let _ = cust::sys::cuDevicePrimaryCtxRelease(self.dev);
     |                                ^^^^^^^^^^^^^^^^^^^^^^^^^ help: a function with a similar name exists: `cuDevicePrimaryCtxRelease_v2`
     |
    ::: /root/.cargo/registry/src/index.crates.io-1949cf8c6b5b557f/cust_raw-0.11.3/src/cuda.rs:6982:5
     |
6982 |     pub fn cuDevicePrimaryCtxRelease_v2(dev: CUdevice) -> CUresult;
     |     --------------------------------------------------------------- similarly named function `cuDevicePrimaryCtxRelease_v2` defined here

error[E0425]: cannot find function `cuDevicePrimaryCtxRelease` in crate `cust::sys`
    --> src/indicators/moving_averages/pwma.rs:91:37
     |
91   |         unsafe { let _ = cust::sys::cuDevicePrimaryCtxRelease(self.dev); }
     |                                     ^^^^^^^^^^^^^^^^^^^^^^^^^ help: a function with a similar name exists: `cuDevicePrimaryCtxRelease_v2`
     |
    ::: /root/.cargo/registry/src/index.crates.io-1949cf8c6b5b557f/cust_raw-0.11.3/src/cuda.rs:6982:5
     |
6982 |     pub fn cuDevicePrimaryCtxRelease_v2(dev: CUdevice) -> CUresult;
     |     --------------------------------------------------------------- similarly named function `cuDevicePrimaryCtxRelease_v2` defined here

error[E0425]: cannot find function `cuDevicePrimaryCtxRelease` in crate `cust::sys`
    --> src/indicators/moving_averages/swma.rs:2250:54
     |
2250 |     fn drop(&mut self) { unsafe { let _ = cust::sys::cuDevicePrimaryCtxRelease(self.dev); } }
     |                                                      ^^^^^^^^^^^^^^^^^^^^^^^^^ help: a function with a similar name exists: `cuDevicePrimaryCtxRelease_v2`
     |
    ::: /root/.cargo/registry/src/index.crates.io-1949cf8c6b5b557f/cust_raw-0.11.3/src/cuda.rs:6982:5
     |
6982 |     pub fn cuDevicePrimaryCtxRelease_v2(dev: CUdevice) -> CUresult;
     |     --------------------------------------------------------------- similarly named function `cuDevicePrimaryCtxRelease_v2` defined here

error[E0425]: cannot find value `capsule_destructor_v1` in this scope
    --> src/indicators/moving_averages/swma.rs:2408:131
     |
2365 | ...   unsafe extern "C" fn capsule_destructor(capsule: *mut pyo3::ffi::PyObject) {
     |       -------------------------------------------------------------------------- similarly named function `capsule_destructor` defined here
...
2408 | ...       let capsule = unsafe { pyo3::ffi::PyCapsule_New(mt_ptr as *mut std::ffi::c_void, name.as_ptr() as *const c_char, Some(capsule_destructor_v1)) };
     |                                                                                                                                 ^^^^^^^^^^^^^^^^^^^^^ help: a function with a similar name exists: `capsule_destructor`

error[E0425]: cannot find function `cuDevicePrimaryCtxRelease` in crate `cust::sys`
    --> src/indicators/moving_averages/trima.rs:1715:62
     |
1715 |             fn drop(&mut self) { unsafe { let _ = cust::sys::cuDevicePrimaryCtxRelease(self.dev); } }
     |                                                              ^^^^^^^^^^^^^^^^^^^^^^^^^ help: a function with a similar name exists: `cuDevicePrimaryCtxRelease_v2`
     |
    ::: /root/.cargo/registry/src/index.crates.io-1949cf8c6b5b557f/cust_raw-0.11.3/src/cuda.rs:6982:5
     |
6982 |     pub fn cuDevicePrimaryCtxRelease_v2(dev: CUdevice) -> CUresult;
     |     --------------------------------------------------------------- similarly named function `cuDevicePrimaryCtxRelease_v2` defined here

error[E0425]: cannot find function `cuDevicePrimaryCtxRelease` in crate `cust::sys`
    --> src/indicators/moving_averages/vwap.rs:2553:37
     |
2553 |         unsafe { let _ = cust::sys::cuDevicePrimaryCtxRelease(self.dev); }
     |                                     ^^^^^^^^^^^^^^^^^^^^^^^^^ help: a function with a similar name exists: `cuDevicePrimaryCtxRelease_v2`
     |
    ::: /root/.cargo/registry/src/index.crates.io-1949cf8c6b5b557f/cust_raw-0.11.3/src/cuda.rs:6982:5
     |
6982 |     pub fn cuDevicePrimaryCtxRelease_v2(dev: CUdevice) -> CUresult;
     |     --------------------------------------------------------------- similarly named function `cuDevicePrimaryCtxRelease_v2` defined here

error[E0425]: cannot find function `cuDevicePrimaryCtxRelease` in crate `cu`
    --> src/cuda/moving_averages/gaussian_wrapper.rs:937:75
     |
937  | impl Drop for PrimaryCtxGuard { fn drop(&mut self) { unsafe { let _ = cu::cuDevicePrimaryCtxRelease(self.dev); } } }
     |                                                                           ^^^^^^^^^^^^^^^^^^^^^^^^^ help: a function with a similar name exists: `cuDevicePrimaryCtxRelease_v2`
     |
    ::: /root/.cargo/registry/src/index.crates.io-1949cf8c6b5b557f/cust_raw-0.11.3/src/cuda.rs:6982:5
     |
6982 |     pub fn cuDevicePrimaryCtxRelease_v2(dev: CUdevice) -> CUresult;
     |     --------------------------------------------------------------- similarly named function `cuDevicePrimaryCtxRelease_v2` defined here

error[E0184]: the trait `Copy` cannot be implemented for this type; the type has a destructor
    --> src/indicators/emd.rs:3140:10
     |
3140 | #[derive(Copy, Clone)]
     |          ^^^^ `Copy` not allowed on types with destructors

error[E0277]: `*mut CUctx_st` cannot be sent between threads safely
   --> src/cuda/moving_averages/gaussian_wrapper.rs:909:1
    |
909 | #[pyclass(module = "ta_indicators.cuda", name = "DeviceArrayF32")]
    | ^^^^^^^^^^^^^^^^^^^^^^^^^^^^^^^^^^^^^^^^^^^^^^^^^^^^^^^^^^^^^^^^^^ `*mut CUctx_st` cannot be sent between threads safely
    |
    = help: within `gaussian_wrapper::DeviceArrayF32Py`, the trait `Send` is not implemented for `*mut CUctx_st`
    = help: the trait `pyo3::impl_::pyclass::PyClassThreadChecker<T>` is implemented for `SendablePyClass<T>`
note: required because it appears within the type `gaussian_wrapper::PrimaryCtxGuard`
   --> src/cuda/moving_averages/gaussian_wrapper.rs:920:12
    |
920 | pub struct PrimaryCtxGuard { dev: i32, ctx: cu::CUcontext }
    |            ^^^^^^^^^^^^^^^
note: required because it appears within the type `gaussian_wrapper::DeviceArrayF32Py`
   --> src/cuda/moving_averages/gaussian_wrapper.rs:910:12
    |
910 | pub struct DeviceArrayF32Py {
    |            ^^^^^^^^^^^^^^^^
    = note: required for `SendablePyClass<gaussian_wrapper::DeviceArrayF32Py>` to implement `pyo3::impl_::pyclass::PyClassThreadChecker<gaussian_wrapper::DeviceArrayF32Py>`
note: required by a bound in `PyClassImpl::ThreadChecker`
   --> /root/.cargo/registry/src/index.crates.io-1949cf8c6b5b557f/pyo3-0.25.1/src/impl_/pyclass.rs:205:25
    |
205 |     type ThreadChecker: PyClassThreadChecker<Self>;
    |                         ^^^^^^^^^^^^^^^^^^^^^^^^^^ required by this bound in `PyClassImpl::ThreadChecker`
    = note: this error originates in the attribute macro `pyclass` (in Nightly builds, run with -Z macro-backtrace for more info)

error[E0277]: `*mut CUctx_st` cannot be sent between threads safely
    --> src/cuda/moving_averages/gaussian_wrapper.rs:909:1
     |
909  | #[pyclass(module = "ta_indicators.cuda", name = "DeviceArrayF32")]
     | ^^^^^^^^^^^^^^^^^^^^^^^^^^^^^^^^^^^^^^^^^^^^^^^^^^^^^^^^^^^^^^^^^^ `*mut CUctx_st` cannot be sent between threads safely
     |
     = help: within `gaussian_wrapper::DeviceArrayF32Py`, the trait `Send` is not implemented for `*mut CUctx_st`
note: required because it appears within the type `gaussian_wrapper::PrimaryCtxGuard`
    --> src/cuda/moving_averages/gaussian_wrapper.rs:920:12
     |
920  | pub struct PrimaryCtxGuard { dev: i32, ctx: cu::CUcontext }
     |            ^^^^^^^^^^^^^^^
note: required because it appears within the type `gaussian_wrapper::DeviceArrayF32Py`
    --> src/cuda/moving_averages/gaussian_wrapper.rs:910:12
     |
910  | pub struct DeviceArrayF32Py {
     |            ^^^^^^^^^^^^^^^^
note: required by a bound in `SendablePyClass`
    --> /root/.cargo/registry/src/index.crates.io-1949cf8c6b5b557f/pyo3-0.25.1/src/impl_/pyclass.rs:1083:31
     |
1083 | pub struct SendablePyClass<T: Send>(PhantomData<T>);
     |                               ^^^^ required by this bound in `SendablePyClass`
     = note: this error originates in the attribute macro `pyclass` (in Nightly builds, run with -Z macro-backtrace for more info)

error[E0624]: associated function `new` is private
    --> src/indicators/aroonosc.rs:2213:30
     |
2213 |             PrimaryCtxGuard::new(self.device_id)
     |                              ^^^ private associated function
     |
    ::: src/indicators/moving_averages/alma.rs:54:5
     |
54   |     fn new(device_id: u32) -> Result<Self, cust::error::CudaError> {
     |     -------------------------------------------------------------- private associated function defined here

error[E0624]: method `push_current` is private
    --> src/indicators/aroonosc.rs:2165:38
     |
2165 |                     (*holder_ptr).pc.push_current();
     |                                      ^^^^^^^^^^^^ private method
     |
    ::: src/indicators/moving_averages/alma.rs:67:5
     |
67   |     unsafe fn push_current(&self) {
     |     ----------------------------- private method defined here

error[E0624]: method `push_current` is private
    --> src/indicators/aroonosc.rs:2177:38
     |
2177 |                     (*holder_ptr).pc.push_current();
     |                                      ^^^^^^^^^^^^ private method
     |
    ::: src/indicators/moving_averages/alma.rs:67:5
     |
67   |     unsafe fn push_current(&self) {
     |     ----------------------------- private method defined here

error[E0624]: method `push_current` is private
    --> src/indicators/aroonosc.rs:2312:32
     |
2312 |         unsafe { self.pc_guard.push_current(); }
     |                                ^^^^^^^^^^^^ private method
     |
    ::: src/indicators/moving_averages/alma.rs:67:5
     |
67   |     unsafe fn push_current(&self) {
     |     ----------------------------- private method defined here

error[E0624]: associated function `new` is private
    --> src/indicators/aroonosc.rs:2349:34
     |
2349 |     let guard = PrimaryCtxGuard::new(device_id as u32)
     |                                  ^^^ private associated function
     |
    ::: src/indicators/moving_averages/alma.rs:54:5
     |
54   |     fn new(device_id: u32) -> Result<Self, cust::error::CudaError> {
     |     -------------------------------------------------------------- private associated function defined here

error[E0624]: associated function `new` is private
    --> src/indicators/aroonosc.rs:2386:34
     |
2386 |     let guard = PrimaryCtxGuard::new(device_id as u32)
     |                                  ^^^ private associated function
     |
    ::: src/indicators/moving_averages/alma.rs:54:5
     |
54   |     fn new(device_id: u32) -> Result<Self, cust::error::CudaError> {
     |     -------------------------------------------------------------- private associated function defined here

error: cannot construct `alma::DeviceArrayF32Py` with struct literal syntax due to private fields
    --> src/indicators/bollinger_bands.rs:3354:9
     |
3354 |         DeviceArrayF32Py { inner: up },
     |         ^^^^^^^^^^^^^^^^
     |
     = note: ...and other private fields `device_id` and `pc_guard` that were not provided

error: cannot construct `alma::DeviceArrayF32Py` with struct literal syntax due to private fields
    --> src/indicators/bollinger_bands.rs:3355:9
     |
3355 |         DeviceArrayF32Py { inner: mid },
     |         ^^^^^^^^^^^^^^^^
     |
     = note: ...and other private fields `device_id` and `pc_guard` that were not provided

error: cannot construct `alma::DeviceArrayF32Py` with struct literal syntax due to private fields
    --> src/indicators/bollinger_bands.rs:3356:9
     |
3356 |         DeviceArrayF32Py { inner: lo },
     |         ^^^^^^^^^^^^^^^^
     |
     = note: ...and other private fields `device_id` and `pc_guard` that were not provided

error: cannot construct `alma::DeviceArrayF32Py` with struct literal syntax due to private fields
    --> src/indicators/bollinger_bands.rs:3386:9
     |
3386 |         DeviceArrayF32Py { inner: up },
     |         ^^^^^^^^^^^^^^^^
     |
     = note: ...and other private fields `device_id` and `pc_guard` that were not provided

error: cannot construct `alma::DeviceArrayF32Py` with struct literal syntax due to private fields
    --> src/indicators/bollinger_bands.rs:3387:9
     |
3387 |         DeviceArrayF32Py { inner: mid },
     |         ^^^^^^^^^^^^^^^^
     |
     = note: ...and other private fields `device_id` and `pc_guard` that were not provided

error: cannot construct `alma::DeviceArrayF32Py` with struct literal syntax due to private fields
    --> src/indicators/bollinger_bands.rs:3388:9
     |
3388 |         DeviceArrayF32Py { inner: lo },
     |         ^^^^^^^^^^^^^^^^
     |
     = note: ...and other private fields `device_id` and `pc_guard` that were not provided

error: cannot construct `alma::DeviceArrayF32Py` with struct literal syntax due to private fields
    --> src/indicators/bop.rs:1876:8
     |
1876 |     Ok(DeviceArrayF32Py { inner })
     |        ^^^^^^^^^^^^^^^^
     |
     = note: ...and other private fields `device_id` and `pc_guard` that were not provided

error: cannot construct `alma::DeviceArrayF32Py` with struct literal syntax due to private fields
    --> src/indicators/bop.rs:1922:8
     |
1922 |     Ok(DeviceArrayF32Py { inner })
     |        ^^^^^^^^^^^^^^^^
     |
     = note: ...and other private fields `device_id` and `pc_guard` that were not provided

error: cannot construct `alma::DeviceArrayF32Py` with struct literal syntax due to private fields
    --> src/indicators/cci.rs:2175:8
     |
2175 |     Ok(DeviceArrayF32Py { inner })
     |        ^^^^^^^^^^^^^^^^
     |
     = note: ...and other private fields `device_id` and `pc_guard` that were not provided

error: cannot construct `alma::DeviceArrayF32Py` with struct literal syntax due to private fields
    --> src/indicators/cci.rs:2199:8
     |
2199 |     Ok(DeviceArrayF32Py { inner })
     |        ^^^^^^^^^^^^^^^^
     |
     = note: ...and other private fields `device_id` and `pc_guard` that were not provided

error: cannot construct `alma::DeviceArrayF32Py` with struct literal syntax due to private fields
    --> src/indicators/cci_cycle.rs:1803:8
     |
1803 |     Ok(DeviceArrayF32Py { inner })
     |        ^^^^^^^^^^^^^^^^
     |
     = note: ...and other private fields `device_id` and `pc_guard` that were not provided

error: cannot construct `alma::DeviceArrayF32Py` with struct literal syntax due to private fields
    --> src/indicators/cci_cycle.rs:1836:8
     |
1836 |     Ok(DeviceArrayF32Py { inner })
     |        ^^^^^^^^^^^^^^^^
     |
     = note: ...and other private fields `device_id` and `pc_guard` that were not provided

error[E0599]: no method named `get_inner` found for struct `Arc<cust::context::Context>` in the current scope
    --> src/indicators/cfo.rs:2190:49
     |
2190 |                     let raw = (*holder_ptr).ctx.get_inner();
     |                                                 ^^^^^^^^^ method not found in `Arc<cust::context::Context>`
     |
     = help: items from traits can only be used if the trait is in scope
help: trait `ContextHandle` which provides `get_inner` is implemented but not in scope; perhaps you want to import it
     |
19   + use cust::context::ContextHandle;
     |

error[E0599]: no method named `get_inner` found for struct `Arc<cust::context::Context>` in the current scope
    --> src/indicators/cfo.rs:2201:49
     |
2201 |                     let raw = (*holder_ptr).ctx.get_inner();
     |                                                 ^^^^^^^^^ method not found in `Arc<cust::context::Context>`
     |
     = help: items from traits can only be used if the trait is in scope
help: trait `ContextHandle` which provides `get_inner` is implemented but not in scope; perhaps you want to import it
     |
19   + use cust::context::ContextHandle;
     |

error: cannot construct `alma::DeviceArrayF32Py` with struct literal syntax due to private fields
   --> src/indicators/cg.rs:767:8
    |
767 |     Ok(DeviceArrayF32Py { inner })
    |        ^^^^^^^^^^^^^^^^
    |
    = note: ...and other private fields `device_id` and `pc_guard` that were not provided

error: cannot construct `alma::DeviceArrayF32Py` with struct literal syntax due to private fields
   --> src/indicators/cg.rs:800:8
    |
800 |     Ok(DeviceArrayF32Py { inner })
    |        ^^^^^^^^^^^^^^^^
    |
    = note: ...and other private fields `device_id` and `pc_guard` that were not provided

error: cannot construct `alma::DeviceArrayF32Py` with struct literal syntax due to private fields
    --> src/indicators/chande.rs:2404:8
     |
2404 |     Ok(DeviceArrayF32Py { inner })
     |        ^^^^^^^^^^^^^^^^
     |
     = note: ...and other private fields `device_id` and `pc_guard` that were not provided

error: cannot construct `alma::DeviceArrayF32Py` with struct literal syntax due to private fields
    --> src/indicators/chande.rs:2455:8
     |
2455 |     Ok(DeviceArrayF32Py { inner })
     |        ^^^^^^^^^^^^^^^^
     |
     = note: ...and other private fields `device_id` and `pc_guard` that were not provided

error: cannot construct `alma::DeviceArrayF32Py` with struct literal syntax due to private fields
    --> src/indicators/chandelier_exit.rs:2276:9
     |
2276 |     Ok((DeviceArrayF32Py { inner }, d))
     |         ^^^^^^^^^^^^^^^^
     |
     = note: ...and other private fields `device_id` and `pc_guard` that were not provided

error: cannot construct `alma::DeviceArrayF32Py` with struct literal syntax due to private fields
    --> src/indicators/chandelier_exit.rs:2316:8
     |
2316 |     Ok(DeviceArrayF32Py { inner })
     |        ^^^^^^^^^^^^^^^^
     |
     = note: ...and other private fields `device_id` and `pc_guard` that were not provided

error: cannot construct `alma::DeviceArrayF32Py` with struct literal syntax due to private fields
    --> src/indicators/chop.rs:2438:8
     |
2438 |     Ok(DeviceArrayF32Py { inner })
     |        ^^^^^^^^^^^^^^^^
     |
     = note: ...and other private fields `device_id` and `pc_guard` that were not provided

error: cannot construct `alma::DeviceArrayF32Py` with struct literal syntax due to private fields
    --> src/indicators/chop.rs:2472:8
     |
2472 |     Ok(DeviceArrayF32Py { inner })
     |        ^^^^^^^^^^^^^^^^
     |
     = note: ...and other private fields `device_id` and `pc_guard` that were not provided

error: cannot construct `alma::DeviceArrayF32Py` with struct literal syntax due to private fields
    --> src/indicators/cmo.rs:1297:9
     |
1297 |     Ok((DeviceArrayF32Py { inner }, dict))
     |         ^^^^^^^^^^^^^^^^
     |
     = note: ...and other private fields `device_id` and `pc_guard` that were not provided

error: cannot construct `alma::DeviceArrayF32Py` with struct literal syntax due to private fields
    --> src/indicators/cmo.rs:1325:8
     |
1325 |     Ok(DeviceArrayF32Py { inner })
     |        ^^^^^^^^^^^^^^^^
     |
     = note: ...and other private fields `device_id` and `pc_guard` that were not provided

error: cannot construct `alma::DeviceArrayF32Py` with struct literal syntax due to private fields
    --> src/indicators/coppock.rs:2698:8
     |
2698 |     Ok(DeviceArrayF32Py { inner })
     |        ^^^^^^^^^^^^^^^^
     |
     = note: ...and other private fields `device_id` and `pc_guard` that were not provided

error: cannot construct `alma::DeviceArrayF32Py` with struct literal syntax due to private fields
    --> src/indicators/coppock.rs:2737:8
     |
2737 |     Ok(DeviceArrayF32Py { inner })
     |        ^^^^^^^^^^^^^^^^
     |
     = note: ...and other private fields `device_id` and `pc_guard` that were not provided

error: cannot construct `alma::DeviceArrayF32Py` with struct literal syntax due to private fields
    --> src/indicators/cora_wave.rs:1943:9
     |
1943 |     Ok((DeviceArrayF32Py { inner }, dict))
     |         ^^^^^^^^^^^^^^^^
     |
     = note: ...and other private fields `device_id` and `pc_guard` that were not provided

error: cannot construct `alma::DeviceArrayF32Py` with struct literal syntax due to private fields
    --> src/indicators/cora_wave.rs:1974:8
     |
1974 |     Ok(DeviceArrayF32Py { inner })
     |        ^^^^^^^^^^^^^^^^
     |
     = note: ...and other private fields `device_id` and `pc_guard` that were not provided

error: cannot construct `alma::DeviceArrayF32Py` with struct literal syntax due to private fields
    --> src/indicators/correl_hl.rs:1649:8
     |
1649 |     Ok(DeviceArrayF32Py { inner })
     |        ^^^^^^^^^^^^^^^^
     |
     = note: ...and other private fields `device_id` and `pc_guard` that were not provided

error: cannot construct `alma::DeviceArrayF32Py` with struct literal syntax due to private fields
    --> src/indicators/correl_hl.rs:1682:8
     |
1682 |     Ok(DeviceArrayF32Py { inner })
     |        ^^^^^^^^^^^^^^^^
     |
     = note: ...and other private fields `device_id` and `pc_guard` that were not provided

error[E0599]: no method named `get_inner` found for struct `Arc<cust::context::Context>` in the current scope
    --> src/indicators/correlation_cycle.rs:2970:49
     |
2970 |                     let raw = (*holder_ptr).ctx.get_inner();
     |                                                 ^^^^^^^^^ method not found in `Arc<cust::context::Context>`
     |
     = help: items from traits can only be used if the trait is in scope
help: trait `ContextHandle` which provides `get_inner` is implemented but not in scope; perhaps you want to import it
     |
26   + use cust::context::ContextHandle;
     |

error[E0599]: no method named `get_inner` found for struct `Arc<cust::context::Context>` in the current scope
    --> src/indicators/correlation_cycle.rs:2983:49
     |
2983 |                     let raw = (*holder_ptr).ctx.get_inner();
     |                                                 ^^^^^^^^^ method not found in `Arc<cust::context::Context>`
     |
     = help: items from traits can only be used if the trait is in scope
help: trait `ContextHandle` which provides `get_inner` is implemented but not in scope; perhaps you want to import it
     |
26   + use cust::context::ContextHandle;
     |

error: cannot construct `alma::DeviceArrayF32Py` with struct literal syntax due to private fields
    --> src/indicators/cvi.rs:1217:8
     |
1217 |     Ok(DeviceArrayF32Py { inner })
     |        ^^^^^^^^^^^^^^^^
     |
     = note: ...and other private fields `device_id` and `pc_guard` that were not provided

error: cannot construct `alma::DeviceArrayF32Py` with struct literal syntax due to private fields
    --> src/indicators/cvi.rs:1253:8
     |
1253 |     Ok(DeviceArrayF32Py { inner })
     |        ^^^^^^^^^^^^^^^^
     |
     = note: ...and other private fields `device_id` and `pc_guard` that were not provided

error: cannot construct `alma::DeviceArrayF32Py` with struct literal syntax due to private fields
    --> src/indicators/damiani_volatmeter.rs:3637:8
     |
3637 |     Ok(DeviceArrayF32Py { inner })
     |        ^^^^^^^^^^^^^^^^
     |
     = note: ...and other private fields `device_id` and `pc_guard` that were not provided

error: cannot construct `alma::DeviceArrayF32Py` with struct literal syntax due to private fields
    --> src/indicators/damiani_volatmeter.rs:3677:8
     |
3677 |     Ok(DeviceArrayF32Py { inner })
     |        ^^^^^^^^^^^^^^^^
     |
     = note: ...and other private fields `device_id` and `pc_guard` that were not provided

error: cannot construct `alma::DeviceArrayF32Py` with struct literal syntax due to private fields
    --> src/indicators/dec_osc.rs:1956:8
     |
1956 |     Ok(DeviceArrayF32Py { inner })
     |        ^^^^^^^^^^^^^^^^
     |
     = note: ...and other private fields `device_id` and `pc_guard` that were not provided

error: cannot construct `alma::DeviceArrayF32Py` with struct literal syntax due to private fields
    --> src/indicators/dec_osc.rs:1989:8
     |
1989 |     Ok(DeviceArrayF32Py { inner })
     |        ^^^^^^^^^^^^^^^^
     |
     = note: ...and other private fields `device_id` and `pc_guard` that were not provided

error: cannot construct `alma::DeviceArrayF32Py` with struct literal syntax due to private fields
    --> src/indicators/decycler.rs:1866:8
     |
1866 |     Ok(DeviceArrayF32Py { inner })
     |        ^^^^^^^^^^^^^^^^
     |
     = note: ...and other private fields `device_id` and `pc_guard` that were not provided

error: cannot construct `alma::DeviceArrayF32Py` with struct literal syntax due to private fields
    --> src/indicators/decycler.rs:1903:8
     |
1903 |     Ok(DeviceArrayF32Py { inner })
     |        ^^^^^^^^^^^^^^^^
     |
     = note: ...and other private fields `device_id` and `pc_guard` that were not provided

error: cannot construct `alma::DeviceArrayF32Py` with struct literal syntax due to private fields
    --> src/indicators/devstop.rs:1994:9
     |
1994 |     Ok((DeviceArrayF32Py { inner }, dict))
     |         ^^^^^^^^^^^^^^^^
     |
     = note: ...and other private fields `device_id` and `pc_guard` that were not provided

error: cannot construct `alma::DeviceArrayF32Py` with struct literal syntax due to private fields
    --> src/indicators/devstop.rs:2035:8
     |
2035 |     Ok(DeviceArrayF32Py { inner })
     |        ^^^^^^^^^^^^^^^^
     |
     = note: ...and other private fields `device_id` and `pc_guard` that were not provided

error: cannot construct `alma::DeviceArrayF32Py` with struct literal syntax due to private fields
    --> src/indicators/di.rs:2476:39
     |
2476 |     dict.set_item("plus", Py::new(py, DeviceArrayF32Py { inner: plus_dev })?)?;
     |                                       ^^^^^^^^^^^^^^^^
     |
     = note: ...and other private fields `device_id` and `pc_guard` that were not provided

error: cannot construct `alma::DeviceArrayF32Py` with struct literal syntax due to private fields
    --> src/indicators/di.rs:2477:40
     |
2477 |     dict.set_item("minus", Py::new(py, DeviceArrayF32Py { inner: minus_dev })?)?;
     |                                        ^^^^^^^^^^^^^^^^
     |
     = note: ...and other private fields `device_id` and `pc_guard` that were not provided

error: cannot construct `alma::DeviceArrayF32Py` with struct literal syntax due to private fields
    --> src/indicators/di.rs:2524:39
     |
2524 |     dict.set_item("plus", Py::new(py, DeviceArrayF32Py { inner: pair.plus })?)?;
     |                                       ^^^^^^^^^^^^^^^^
     |
     = note: ...and other private fields `device_id` and `pc_guard` that were not provided

error: cannot construct `alma::DeviceArrayF32Py` with struct literal syntax due to private fields
    --> src/indicators/di.rs:2527:21
     |
2527 |         Py::new(py, DeviceArrayF32Py { inner: pair.minus })?,
     |                     ^^^^^^^^^^^^^^^^
     |
     = note: ...and other private fields `device_id` and `pc_guard` that were not provided

error: cannot construct `alma::DeviceArrayF32Py` with struct literal syntax due to private fields
    --> src/indicators/dm.rs:2230:9
     |
2230 |         DeviceArrayF32Py { inner: pair.plus },
     |         ^^^^^^^^^^^^^^^^
     |
     = note: ...and other private fields `device_id` and `pc_guard` that were not provided

error: cannot construct `alma::DeviceArrayF32Py` with struct literal syntax due to private fields
    --> src/indicators/dm.rs:2231:9
     |
2231 |         DeviceArrayF32Py { inner: pair.minus },
     |         ^^^^^^^^^^^^^^^^
     |
     = note: ...and other private fields `device_id` and `pc_guard` that were not provided

error: cannot construct `alma::DeviceArrayF32Py` with struct literal syntax due to private fields
    --> src/indicators/dm.rs:2259:9
     |
2259 |         DeviceArrayF32Py { inner: pair.plus },
     |         ^^^^^^^^^^^^^^^^
     |
     = note: ...and other private fields `device_id` and `pc_guard` that were not provided

error: cannot construct `alma::DeviceArrayF32Py` with struct literal syntax due to private fields
    --> src/indicators/dm.rs:2260:9
     |
2260 |         DeviceArrayF32Py { inner: pair.minus },
     |         ^^^^^^^^^^^^^^^^
     |
     = note: ...and other private fields `device_id` and `pc_guard` that were not provided

error: cannot construct `alma::DeviceArrayF32Py` with struct literal syntax due to private fields
    --> src/indicators/donchian.rs:2766:21
     |
2766 |         Py::new(py, DeviceArrayF32Py { inner: triplet.wt1 })?,
     |                     ^^^^^^^^^^^^^^^^
     |
     = note: ...and other private fields `device_id` and `pc_guard` that were not provided

error: cannot construct `alma::DeviceArrayF32Py` with struct literal syntax due to private fields
    --> src/indicators/donchian.rs:2770:21
     |
2770 |         Py::new(py, DeviceArrayF32Py { inner: triplet.wt2 })?,
     |                     ^^^^^^^^^^^^^^^^
     |
     = note: ...and other private fields `device_id` and `pc_guard` that were not provided

error: cannot construct `alma::DeviceArrayF32Py` with struct literal syntax due to private fields
    --> src/indicators/donchian.rs:2776:13
     |
2776 |             DeviceArrayF32Py {
     |             ^^^^^^^^^^^^^^^^
     |
     = note: ...and other private fields `device_id` and `pc_guard` that were not provided

error: cannot construct `alma::DeviceArrayF32Py` with struct literal syntax due to private fields
    --> src/indicators/donchian.rs:2832:21
     |
2832 |         Py::new(py, DeviceArrayF32Py { inner: triplet.wt1 })?,
     |                     ^^^^^^^^^^^^^^^^
     |
     = note: ...and other private fields `device_id` and `pc_guard` that were not provided

error: cannot construct `alma::DeviceArrayF32Py` with struct literal syntax due to private fields
    --> src/indicators/donchian.rs:2836:21
     |
2836 |         Py::new(py, DeviceArrayF32Py { inner: triplet.wt2 })?,
     |                     ^^^^^^^^^^^^^^^^
     |
     = note: ...and other private fields `device_id` and `pc_guard` that were not provided

error: cannot construct `alma::DeviceArrayF32Py` with struct literal syntax due to private fields
    --> src/indicators/donchian.rs:2842:13
     |
2842 |             DeviceArrayF32Py {
     |             ^^^^^^^^^^^^^^^^
     |
     = note: ...and other private fields `device_id` and `pc_guard` that were not provided

error[E0308]: mismatched types
   --> src/indicators/dpo.rs:699:5
    |
659 | fn expand_grid(r: &DpoBatchRange) -> Result<Vec<DpoParams>, DpoError> {
    |                                      -------------------------------- expected `Result<Vec<dpo::DpoParams>, DpoError>` because of return type
...
699 |     out
    |     ^^^ expected `Result<Vec<DpoParams>, DpoError>`, found `Vec<DpoParams>`
    |
    = note: expected enum `Result<Vec<_>, DpoError>`
             found struct `Vec<_>`
help: try wrapping the expression in `Ok`
    |
699 |     Ok(out)
    |     +++   +

error[E0624]: associated function `new` is private
    --> src/indicators/dpo.rs:1924:30
     |
1924 |             PrimaryCtxGuard::new(self.device_id)
     |                              ^^^ private associated function
     |
    ::: src/indicators/moving_averages/alma.rs:54:5
     |
54   |     fn new(device_id: u32) -> Result<Self, cust::error::CudaError> {
     |     -------------------------------------------------------------- private associated function defined here

error[E0624]: method `push_current` is private
    --> src/indicators/dpo.rs:1872:38
     |
1872 |                     (*holder_ptr).pc.push_current();
     |                                      ^^^^^^^^^^^^ private method
     |
    ::: src/indicators/moving_averages/alma.rs:67:5
     |
67   |     unsafe fn push_current(&self) {
     |     ----------------------------- private method defined here

error[E0624]: method `push_current` is private
    --> src/indicators/dpo.rs:1883:38
     |
1883 |                     (*holder_ptr).pc.push_current();
     |                                      ^^^^^^^^^^^^ private method
     |
    ::: src/indicators/moving_averages/alma.rs:67:5
     |
67   |     unsafe fn push_current(&self) {
     |     ----------------------------- private method defined here

error[E0624]: method `push_current` is private
    --> src/indicators/dpo.rs:2028:27
     |
2028 |             self.pc_guard.push_current();
     |                           ^^^^^^^^^^^^ private method
     |
    ::: src/indicators/moving_averages/alma.rs:67:5
     |
67   |     unsafe fn push_current(&self) {
     |     ----------------------------- private method defined here

error[E0624]: associated function `new` is private
    --> src/indicators/dpo.rs:2190:34
     |
2190 |     let guard = PrimaryCtxGuard::new(dev_id)
     |                                  ^^^ private associated function
     |
    ::: src/indicators/moving_averages/alma.rs:54:5
     |
54   |     fn new(device_id: u32) -> Result<Self, cust::error::CudaError> {
     |     -------------------------------------------------------------- private associated function defined here

error[E0624]: associated function `new` is private
    --> src/indicators/dpo.rs:2229:34
     |
2229 |     let guard = PrimaryCtxGuard::new(dev_id)
     |                                  ^^^ private associated function
     |
    ::: src/indicators/moving_averages/alma.rs:54:5
     |
54   |     fn new(device_id: u32) -> Result<Self, cust::error::CudaError> {
     |     -------------------------------------------------------------- private associated function defined here

error: cannot construct `alma::DeviceArrayF32Py` with struct literal syntax due to private fields
    --> src/indicators/dti.rs:1357:9
     |
1357 |     Ok((DeviceArrayF32Py { inner }, dict))
     |         ^^^^^^^^^^^^^^^^
     |
     = note: ...and other private fields `device_id` and `pc_guard` that were not provided

error: cannot construct `alma::DeviceArrayF32Py` with struct literal syntax due to private fields
    --> src/indicators/dti.rs:1394:8
     |
1394 |     Ok(DeviceArrayF32Py { inner })
     |        ^^^^^^^^^^^^^^^^
     |
     = note: ...and other private fields `device_id` and `pc_guard` that were not provided

error: cannot construct `alma::DeviceArrayF32Py` with struct literal syntax due to private fields
    --> src/indicators/dvdiqqe.rs:2635:13
     |
2635 |             DeviceArrayF32Py { inner: quad.dvdi },
     |             ^^^^^^^^^^^^^^^^
     |
     = note: ...and other private fields `device_id` and `pc_guard` that were not provided

error: cannot construct `alma::DeviceArrayF32Py` with struct literal syntax due to private fields
    --> src/indicators/dvdiqqe.rs:2636:13
     |
2636 |             DeviceArrayF32Py { inner: quad.fast },
     |             ^^^^^^^^^^^^^^^^
     |
     = note: ...and other private fields `device_id` and `pc_guard` that were not provided

error: cannot construct `alma::DeviceArrayF32Py` with struct literal syntax due to private fields
    --> src/indicators/dvdiqqe.rs:2637:13
     |
2637 |             DeviceArrayF32Py { inner: quad.slow },
     |             ^^^^^^^^^^^^^^^^
     |
     = note: ...and other private fields `device_id` and `pc_guard` that were not provided

error: cannot construct `alma::DeviceArrayF32Py` with struct literal syntax due to private fields
    --> src/indicators/dvdiqqe.rs:2638:13
     |
2638 |             DeviceArrayF32Py { inner: quad.center },
     |             ^^^^^^^^^^^^^^^^
     |
     = note: ...and other private fields `device_id` and `pc_guard` that were not provided

error[E0277]: `*mut CUctx_st` cannot be sent between threads safely
    --> src/indicators/dvdiqqe.rs:2629:41
     |
2629 |     let (dvdi, fast, slow, center) = py.allow_threads(|| {
     |                                         ^^^^^^^^^^^^^ `*mut CUctx_st` cannot be sent between threads safely
     |
     = help: within `Result<(DeviceArrayF32Py, DeviceArrayF32Py, ..., ...), ...>`, the trait `Send` is not implemented for `*mut CUctx_st`
note: required because it appears within the type `alma::PrimaryCtxGuard`
    --> src/indicators/moving_averages/alma.rs:47:12
     |
47   | pub struct PrimaryCtxGuard {
     |            ^^^^^^^^^^^^^^^
note: required because it appears within the type `alma::DeviceArrayF32Py`
    --> src/indicators/moving_averages/alma.rs:39:12
     |
39   | pub struct DeviceArrayF32Py {
     |            ^^^^^^^^^^^^^^^^
     = note: required because it appears within the type `(DeviceArrayF32Py, DeviceArrayF32Py, DeviceArrayF32Py, ...)`
note: required because it appears within the type `Result<(DeviceArrayF32Py, DeviceArrayF32Py, ..., ...), ...>`
    --> /rustc/35f6036521777bdc0dcea1f980be4c192962a168/library/core/src/result.rs:548:10
     = note: required for `Result<(DeviceArrayF32Py, DeviceArrayF32Py, ..., ...), ...>` to implement `Ungil`
note: required by a bound in `pyo3::Python::<'py>::allow_threads`
    --> /root/.cargo/registry/src/index.crates.io-1949cf8c6b5b557f/pyo3-0.25.1/src/marker.rs:513:12
     |
510  |     pub fn allow_threads<T, F>(self, f: F) -> T
     |            ------------- required by a bound in this associated function
...
513  |         T: Ungil,
     |            ^^^^^ required by this bound in `Python::<'py>::allow_threads`
     = note: the full name for the type has been written to '/mnt/c/Rust Projects/my_project/target/debug/deps/my_project-cff0dcac15f0d326.long-type-11602466830767148237.txt'
     = note: consider using `--verbose` to print the full type name to the console

error: cannot construct `alma::DeviceArrayF32Py` with struct literal syntax due to private fields
    --> src/indicators/dvdiqqe.rs:2711:13
     |
2711 |             DeviceArrayF32Py { inner: quad.dvdi },
     |             ^^^^^^^^^^^^^^^^
     |
     = note: ...and other private fields `device_id` and `pc_guard` that were not provided

error: cannot construct `alma::DeviceArrayF32Py` with struct literal syntax due to private fields
    --> src/indicators/dvdiqqe.rs:2712:13
     |
2712 |             DeviceArrayF32Py { inner: quad.fast },
     |             ^^^^^^^^^^^^^^^^
     |
     = note: ...and other private fields `device_id` and `pc_guard` that were not provided

error: cannot construct `alma::DeviceArrayF32Py` with struct literal syntax due to private fields
    --> src/indicators/dvdiqqe.rs:2713:13
     |
2713 |             DeviceArrayF32Py { inner: quad.slow },
     |             ^^^^^^^^^^^^^^^^
     |
     = note: ...and other private fields `device_id` and `pc_guard` that were not provided

error: cannot construct `alma::DeviceArrayF32Py` with struct literal syntax due to private fields
    --> src/indicators/dvdiqqe.rs:2714:13
     |
2714 |             DeviceArrayF32Py { inner: quad.center },
     |             ^^^^^^^^^^^^^^^^
     |
     = note: ...and other private fields `device_id` and `pc_guard` that were not provided

error[E0277]: `*mut CUctx_st` cannot be sent between threads safely
    --> src/indicators/dvdiqqe.rs:2692:41
     |
2692 |     let (dvdi, fast, slow, center) = py.allow_threads(|| {
     |                                         ^^^^^^^^^^^^^ `*mut CUctx_st` cannot be sent between threads safely
     |
     = help: within `Result<(DeviceArrayF32Py, DeviceArrayF32Py, ..., ...), ...>`, the trait `Send` is not implemented for `*mut CUctx_st`
note: required because it appears within the type `alma::PrimaryCtxGuard`
    --> src/indicators/moving_averages/alma.rs:47:12
     |
47   | pub struct PrimaryCtxGuard {
     |            ^^^^^^^^^^^^^^^
note: required because it appears within the type `alma::DeviceArrayF32Py`
    --> src/indicators/moving_averages/alma.rs:39:12
     |
39   | pub struct DeviceArrayF32Py {
     |            ^^^^^^^^^^^^^^^^
     = note: required because it appears within the type `(DeviceArrayF32Py, DeviceArrayF32Py, DeviceArrayF32Py, ...)`
note: required because it appears within the type `Result<(DeviceArrayF32Py, DeviceArrayF32Py, ..., ...), ...>`
    --> /rustc/35f6036521777bdc0dcea1f980be4c192962a168/library/core/src/result.rs:548:10
     = note: required for `Result<(DeviceArrayF32Py, DeviceArrayF32Py, ..., ...), ...>` to implement `Ungil`
note: required by a bound in `pyo3::Python::<'py>::allow_threads`
    --> /root/.cargo/registry/src/index.crates.io-1949cf8c6b5b557f/pyo3-0.25.1/src/marker.rs:513:12
     |
510  |     pub fn allow_threads<T, F>(self, f: F) -> T
     |            ------------- required by a bound in this associated function
...
513  |         T: Ungil,
     |            ^^^^^ required by this bound in `Python::<'py>::allow_threads`
     = note: the full name for the type has been written to '/mnt/c/Rust Projects/my_project/target/debug/deps/my_project-cff0dcac15f0d326.long-type-11602466830767148237.txt'
     = note: consider using `--verbose` to print the full type name to the console

error: cannot construct `alma::DeviceArrayF32Py` with struct literal syntax due to private fields
    --> src/indicators/dx.rs:2024:9
     |
2024 |     Ok((DeviceArrayF32Py { inner }, dict))
     |         ^^^^^^^^^^^^^^^^
     |
     = note: ...and other private fields `device_id` and `pc_guard` that were not provided

error: cannot construct `alma::DeviceArrayF32Py` with struct literal syntax due to private fields
    --> src/indicators/dx.rs:2052:8
     |
2052 |     Ok(DeviceArrayF32Py { inner })
     |        ^^^^^^^^^^^^^^^^
     |
     = note: ...and other private fields `device_id` and `pc_guard` that were not provided

error: cannot construct `alma::DeviceArrayF32Py` with struct literal syntax due to private fields
    --> src/indicators/efi.rs:1194:8
     |
1194 |     Ok(DeviceArrayF32Py { inner })
     |        ^^^^^^^^^^^^^^^^
     |
     = note: ...and other private fields `device_id` and `pc_guard` that were not provided

error: cannot construct `alma::DeviceArrayF32Py` with struct literal syntax due to private fields
    --> src/indicators/efi.rs:1231:8
     |
1231 |     Ok(DeviceArrayF32Py { inner })
     |        ^^^^^^^^^^^^^^^^
     |
     = note: ...and other private fields `device_id` and `pc_guard` that were not provided

error[E0599]: no method named `result` found for enum `CUresult` in the current scope
    --> src/indicators/emd.rs:3152:68
     |
3152 |             _cu::cuDevicePrimaryCtxRetain(&mut ctx as *mut _, dev).result()?;
     |                                                                    ^^^^^^ method not found in `CUresult`

error: cannot construct `alma::DeviceArrayF32Py` with struct literal syntax due to private fields
    --> src/indicators/emv.rs:1658:8
     |
1658 |     Ok(DeviceArrayF32Py { inner })
     |        ^^^^^^^^^^^^^^^^
     |
     = note: ...and other private fields `device_id` and `pc_guard` that were not provided

error: cannot construct `alma::DeviceArrayF32Py` with struct literal syntax due to private fields
    --> src/indicators/emv.rs:1688:8
     |
1688 |     Ok(DeviceArrayF32Py { inner })
     |        ^^^^^^^^^^^^^^^^
     |
     = note: ...and other private fields `device_id` and `pc_guard` that were not provided

error: cannot construct `alma::DeviceArrayF32Py` with struct literal syntax due to private fields
    --> src/indicators/er.rs:1329:8
     |
1329 |     Ok(DeviceArrayF32Py { inner })
     |        ^^^^^^^^^^^^^^^^
     |
     = note: ...and other private fields `device_id` and `pc_guard` that were not provided

error: cannot construct `alma::DeviceArrayF32Py` with struct literal syntax due to private fields
    --> src/indicators/er.rs:1353:8
     |
1353 |     Ok(DeviceArrayF32Py { inner })
     |        ^^^^^^^^^^^^^^^^
     |
     = note: ...and other private fields `device_id` and `pc_guard` that were not provided

error: cannot construct `alma::DeviceArrayF32Py` with struct literal syntax due to private fields
    --> src/indicators/eri.rs:1885:9
     |
1885 |         DeviceArrayF32Py { inner: bull },
     |         ^^^^^^^^^^^^^^^^
     |
     = note: ...and other private fields `device_id` and `pc_guard` that were not provided

error: cannot construct `alma::DeviceArrayF32Py` with struct literal syntax due to private fields
    --> src/indicators/eri.rs:1886:9
     |
1886 |         DeviceArrayF32Py { inner: bear },
     |         ^^^^^^^^^^^^^^^^
     |
     = note: ...and other private fields `device_id` and `pc_guard` that were not provided

error: cannot construct `alma::DeviceArrayF32Py` with struct literal syntax due to private fields
    --> src/indicators/eri.rs:1917:9
     |
1917 |         DeviceArrayF32Py { inner: bull },
     |         ^^^^^^^^^^^^^^^^
     |
     = note: ...and other private fields `device_id` and `pc_guard` that were not provided

error: cannot construct `alma::DeviceArrayF32Py` with struct literal syntax due to private fields
    --> src/indicators/eri.rs:1918:9
     |
1918 |         DeviceArrayF32Py { inner: bear },
     |         ^^^^^^^^^^^^^^^^
     |
     = note: ...and other private fields `device_id` and `pc_guard` that were not provided

error: cannot construct `alma::DeviceArrayF32Py` with struct literal syntax due to private fields
    --> src/indicators/fisher.rs:2242:21
     |
2242 |         Py::new(py, DeviceArrayF32Py { inner: pair.fisher })?,
     |                     ^^^^^^^^^^^^^^^^
     |
     = note: ...and other private fields `device_id` and `pc_guard` that were not provided

error: cannot construct `alma::DeviceArrayF32Py` with struct literal syntax due to private fields
    --> src/indicators/fisher.rs:2246:21
     |
2246 |         Py::new(py, DeviceArrayF32Py { inner: pair.signal })?,
     |                     ^^^^^^^^^^^^^^^^
     |
     = note: ...and other private fields `device_id` and `pc_guard` that were not provided

error: cannot construct `alma::DeviceArrayF32Py` with struct literal syntax due to private fields
    --> src/indicators/fisher.rs:2286:21
     |
2286 |         Py::new(py, DeviceArrayF32Py { inner: pair.fisher })?,
     |                     ^^^^^^^^^^^^^^^^
     |
     = note: ...and other private fields `device_id` and `pc_guard` that were not provided

error: cannot construct `alma::DeviceArrayF32Py` with struct literal syntax due to private fields
    --> src/indicators/fisher.rs:2290:21
     |
2290 |         Py::new(py, DeviceArrayF32Py { inner: pair.signal })?,
     |                     ^^^^^^^^^^^^^^^^
     |
     = note: ...and other private fields `device_id` and `pc_guard` that were not provided

error: cannot construct `alma::DeviceArrayF32Py` with struct literal syntax due to private fields
    --> src/indicators/fvg_trailing_stop.rs:2208:9
     |
2208 |         DeviceArrayF32Py { inner: u },
     |         ^^^^^^^^^^^^^^^^
     |
     = note: ...and other private fields `device_id` and `pc_guard` that were not provided

error: cannot construct `alma::DeviceArrayF32Py` with struct literal syntax due to private fields
    --> src/indicators/fvg_trailing_stop.rs:2209:9
     |
2209 |         DeviceArrayF32Py { inner: lwr },
     |         ^^^^^^^^^^^^^^^^
     |
     = note: ...and other private fields `device_id` and `pc_guard` that were not provided

error: cannot construct `alma::DeviceArrayF32Py` with struct literal syntax due to private fields
    --> src/indicators/fvg_trailing_stop.rs:2210:9
     |
2210 |         DeviceArrayF32Py { inner: uts },
     |         ^^^^^^^^^^^^^^^^
     |
     = note: ...and other private fields `device_id` and `pc_guard` that were not provided

error: cannot construct `alma::DeviceArrayF32Py` with struct literal syntax due to private fields
    --> src/indicators/fvg_trailing_stop.rs:2211:9
     |
2211 |         DeviceArrayF32Py { inner: lts },
     |         ^^^^^^^^^^^^^^^^
     |
     = note: ...and other private fields `device_id` and `pc_guard` that were not provided

error: cannot construct `alma::DeviceArrayF32Py` with struct literal syntax due to private fields
    --> src/indicators/fvg_trailing_stop.rs:2261:9
     |
2261 |         DeviceArrayF32Py { inner: u },
     |         ^^^^^^^^^^^^^^^^
     |
     = note: ...and other private fields `device_id` and `pc_guard` that were not provided

error: cannot construct `alma::DeviceArrayF32Py` with struct literal syntax due to private fields
    --> src/indicators/fvg_trailing_stop.rs:2262:9
     |
2262 |         DeviceArrayF32Py { inner: lw },
     |         ^^^^^^^^^^^^^^^^
     |
     = note: ...and other private fields `device_id` and `pc_guard` that were not provided

error: cannot construct `alma::DeviceArrayF32Py` with struct literal syntax due to private fields
    --> src/indicators/fvg_trailing_stop.rs:2263:9
     |
2263 |         DeviceArrayF32Py { inner: uts },
     |         ^^^^^^^^^^^^^^^^
     |
     = note: ...and other private fields `device_id` and `pc_guard` that were not provided

error: cannot construct `alma::DeviceArrayF32Py` with struct literal syntax due to private fields
    --> src/indicators/fvg_trailing_stop.rs:2264:9
     |
2264 |         DeviceArrayF32Py { inner: lts },
     |         ^^^^^^^^^^^^^^^^
     |
     = note: ...and other private fields `device_id` and `pc_guard` that were not provided

error: cannot construct `alma::DeviceArrayF32Py` with struct literal syntax due to private fields
    --> src/indicators/gatorosc.rs:3902:13
     |
3902 |             DeviceArrayF32Py { inner: quad.upper },
     |             ^^^^^^^^^^^^^^^^
     |
     = note: ...and other private fields `device_id` and `pc_guard` that were not provided

error: cannot construct `alma::DeviceArrayF32Py` with struct literal syntax due to private fields
    --> src/indicators/gatorosc.rs:3903:13
     |
3903 |             DeviceArrayF32Py { inner: quad.lower },
     |             ^^^^^^^^^^^^^^^^
     |
     = note: ...and other private fields `device_id` and `pc_guard` that were not provided

error: cannot construct `alma::DeviceArrayF32Py` with struct literal syntax due to private fields
    --> src/indicators/gatorosc.rs:3904:13
     |
3904 |             DeviceArrayF32Py {
     |             ^^^^^^^^^^^^^^^^
     |
     = note: ...and other private fields `device_id` and `pc_guard` that were not provided

error: cannot construct `alma::DeviceArrayF32Py` with struct literal syntax due to private fields
    --> src/indicators/gatorosc.rs:3907:13
     |
3907 |             DeviceArrayF32Py {
     |             ^^^^^^^^^^^^^^^^
     |
     = note: ...and other private fields `device_id` and `pc_guard` that were not provided

error[E0277]: `*mut CUctx_st` cannot be sent between threads safely
    --> src/indicators/gatorosc.rs:3895:57
     |
3895 |     let (upper, lower, upper_change, lower_change) = py.allow_threads(|| {
     |                                                         ^^^^^^^^^^^^^ `*mut CUctx_st` cannot be sent between threads safely
     |
     = help: within `Result<(DeviceArrayF32Py, DeviceArrayF32Py, ..., ...), ...>`, the trait `Send` is not implemented for `*mut CUctx_st`
note: required because it appears within the type `alma::PrimaryCtxGuard`
    --> src/indicators/moving_averages/alma.rs:47:12
     |
47   | pub struct PrimaryCtxGuard {
     |            ^^^^^^^^^^^^^^^
note: required because it appears within the type `alma::DeviceArrayF32Py`
    --> src/indicators/moving_averages/alma.rs:39:12
     |
39   | pub struct DeviceArrayF32Py {
     |            ^^^^^^^^^^^^^^^^
     = note: required because it appears within the type `(DeviceArrayF32Py, DeviceArrayF32Py, DeviceArrayF32Py, ...)`
note: required because it appears within the type `Result<(DeviceArrayF32Py, DeviceArrayF32Py, ..., ...), ...>`
    --> /rustc/35f6036521777bdc0dcea1f980be4c192962a168/library/core/src/result.rs:548:10
     = note: required for `Result<(DeviceArrayF32Py, DeviceArrayF32Py, ..., ...), ...>` to implement `Ungil`
note: required by a bound in `pyo3::Python::<'py>::allow_threads`
    --> /root/.cargo/registry/src/index.crates.io-1949cf8c6b5b557f/pyo3-0.25.1/src/marker.rs:513:12
     |
510  |     pub fn allow_threads<T, F>(self, f: F) -> T
     |            ------------- required by a bound in this associated function
...
513  |         T: Ungil,
     |            ^^^^^ required by this bound in `Python::<'py>::allow_threads`
     = note: the full name for the type has been written to '/mnt/c/Rust Projects/my_project/target/debug/deps/my_project-cff0dcac15f0d326.long-type-11602466830767148237.txt'
     = note: consider using `--verbose` to print the full type name to the console

error: cannot construct `alma::DeviceArrayF32Py` with struct literal syntax due to private fields
    --> src/indicators/gatorosc.rs:3963:13
     |
3963 |             DeviceArrayF32Py { inner: quad.upper },
     |             ^^^^^^^^^^^^^^^^
     |
     = note: ...and other private fields `device_id` and `pc_guard` that were not provided

error: cannot construct `alma::DeviceArrayF32Py` with struct literal syntax due to private fields
    --> src/indicators/gatorosc.rs:3964:13
     |
3964 |             DeviceArrayF32Py { inner: quad.lower },
     |             ^^^^^^^^^^^^^^^^
     |
     = note: ...and other private fields `device_id` and `pc_guard` that were not provided

error: cannot construct `alma::DeviceArrayF32Py` with struct literal syntax due to private fields
    --> src/indicators/gatorosc.rs:3965:13
     |
3965 |             DeviceArrayF32Py {
     |             ^^^^^^^^^^^^^^^^
     |
     = note: ...and other private fields `device_id` and `pc_guard` that were not provided

error: cannot construct `alma::DeviceArrayF32Py` with struct literal syntax due to private fields
    --> src/indicators/gatorosc.rs:3968:13
     |
3968 |             DeviceArrayF32Py {
     |             ^^^^^^^^^^^^^^^^
     |
     = note: ...and other private fields `device_id` and `pc_guard` that were not provided

error[E0277]: `*mut CUctx_st` cannot be sent between threads safely
    --> src/indicators/gatorosc.rs:3946:57
     |
3946 |     let (upper, lower, upper_change, lower_change) = py.allow_threads(|| {
     |                                                         ^^^^^^^^^^^^^ `*mut CUctx_st` cannot be sent between threads safely
     |
     = help: within `Result<(DeviceArrayF32Py, DeviceArrayF32Py, ..., ...), ...>`, the trait `Send` is not implemented for `*mut CUctx_st`
note: required because it appears within the type `alma::PrimaryCtxGuard`
    --> src/indicators/moving_averages/alma.rs:47:12
     |
47   | pub struct PrimaryCtxGuard {
     |            ^^^^^^^^^^^^^^^
note: required because it appears within the type `alma::DeviceArrayF32Py`
    --> src/indicators/moving_averages/alma.rs:39:12
     |
39   | pub struct DeviceArrayF32Py {
     |            ^^^^^^^^^^^^^^^^
     = note: required because it appears within the type `(DeviceArrayF32Py, DeviceArrayF32Py, DeviceArrayF32Py, ...)`
note: required because it appears within the type `Result<(DeviceArrayF32Py, DeviceArrayF32Py, ..., ...), ...>`
    --> /rustc/35f6036521777bdc0dcea1f980be4c192962a168/library/core/src/result.rs:548:10
     = note: required for `Result<(DeviceArrayF32Py, DeviceArrayF32Py, ..., ...), ...>` to implement `Ungil`
note: required by a bound in `pyo3::Python::<'py>::allow_threads`
    --> /root/.cargo/registry/src/index.crates.io-1949cf8c6b5b557f/pyo3-0.25.1/src/marker.rs:513:12
     |
510  |     pub fn allow_threads<T, F>(self, f: F) -> T
     |            ------------- required by a bound in this associated function
...
513  |         T: Ungil,
     |            ^^^^^ required by this bound in `Python::<'py>::allow_threads`
     = note: the full name for the type has been written to '/mnt/c/Rust Projects/my_project/target/debug/deps/my_project-cff0dcac15f0d326.long-type-11602466830767148237.txt'
     = note: consider using `--verbose` to print the full type name to the console

error: cannot construct `alma::DeviceArrayF32Py` with struct literal syntax due to private fields
    --> src/indicators/halftrend.rs:3206:13
     |
3206 |             DeviceArrayF32Py {
     |             ^^^^^^^^^^^^^^^^
     |
     = note: ...and other private fields `device_id` and `pc_guard` that were not provided

error: cannot construct `alma::DeviceArrayF32Py` with struct literal syntax due to private fields
    --> src/indicators/halftrend.rs:3213:21
     |
3213 |         Py::new(py, DeviceArrayF32Py { inner: batch.trend })?,
     |                     ^^^^^^^^^^^^^^^^
     |
     = note: ...and other private fields `device_id` and `pc_guard` that were not provided

error: cannot construct `alma::DeviceArrayF32Py` with struct literal syntax due to private fields
    --> src/indicators/halftrend.rs:3219:13
     |
3219 |             DeviceArrayF32Py {
     |             ^^^^^^^^^^^^^^^^
     |
     = note: ...and other private fields `device_id` and `pc_guard` that were not provided

error: cannot construct `alma::DeviceArrayF32Py` with struct literal syntax due to private fields
    --> src/indicators/halftrend.rs:3228:13
     |
3228 |             DeviceArrayF32Py {
     |             ^^^^^^^^^^^^^^^^
     |
     = note: ...and other private fields `device_id` and `pc_guard` that were not provided

error: cannot construct `alma::DeviceArrayF32Py` with struct literal syntax due to private fields
    --> src/indicators/halftrend.rs:3235:21
     |
3235 |         Py::new(py, DeviceArrayF32Py { inner: batch.buy })?,
     |                     ^^^^^^^^^^^^^^^^
     |
     = note: ...and other private fields `device_id` and `pc_guard` that were not provided

error: cannot construct `alma::DeviceArrayF32Py` with struct literal syntax due to private fields
    --> src/indicators/halftrend.rs:3239:21
     |
3239 |         Py::new(py, DeviceArrayF32Py { inner: batch.sell })?,
     |                     ^^^^^^^^^^^^^^^^
     |
     = note: ...and other private fields `device_id` and `pc_guard` that were not provided

error: cannot construct `alma::DeviceArrayF32Py` with struct literal syntax due to private fields
    --> src/indicators/halftrend.rs:3313:13
     |
3313 |             DeviceArrayF32Py {
     |             ^^^^^^^^^^^^^^^^
     |
     = note: ...and other private fields `device_id` and `pc_guard` that were not provided

error: cannot construct `alma::DeviceArrayF32Py` with struct literal syntax due to private fields
    --> src/indicators/halftrend.rs:3318:40
     |
3318 |     dict.set_item("trend", Py::new(py, DeviceArrayF32Py { inner: out.trend })?)?;
     |                                        ^^^^^^^^^^^^^^^^
     |
     = note: ...and other private fields `device_id` and `pc_guard` that were not provided

error: cannot construct `alma::DeviceArrayF32Py` with struct literal syntax due to private fields
    --> src/indicators/halftrend.rs:3323:13
     |
3323 |             DeviceArrayF32Py {
     |             ^^^^^^^^^^^^^^^^
     |
     = note: ...and other private fields `device_id` and `pc_guard` that were not provided

error: cannot construct `alma::DeviceArrayF32Py` with struct literal syntax due to private fields
    --> src/indicators/halftrend.rs:3330:21
     |
3330 |         Py::new(py, DeviceArrayF32Py { inner: out.atr_low })?,
     |                     ^^^^^^^^^^^^^^^^
     |
     = note: ...and other private fields `device_id` and `pc_guard` that were not provided

error: cannot construct `alma::DeviceArrayF32Py` with struct literal syntax due to private fields
    --> src/indicators/halftrend.rs:3334:21
     |
3334 |         Py::new(py, DeviceArrayF32Py { inner: out.buy })?,
     |                     ^^^^^^^^^^^^^^^^
     |
     = note: ...and other private fields `device_id` and `pc_guard` that were not provided

error: cannot construct `alma::DeviceArrayF32Py` with struct literal syntax due to private fields
    --> src/indicators/halftrend.rs:3338:21
     |
3338 |         Py::new(py, DeviceArrayF32Py { inner: out.sell })?,
     |                     ^^^^^^^^^^^^^^^^
     |
     = note: ...and other private fields `device_id` and `pc_guard` that were not provided

error: cannot construct `alma::DeviceArrayF32Py` with struct literal syntax due to private fields
    --> src/indicators/ift_rsi.rs:2341:8
     |
2341 |     Ok(DeviceArrayF32Py { inner })
     |        ^^^^^^^^^^^^^^^^
     |
     = note: ...and other private fields `device_id` and `pc_guard` that were not provided

error: cannot construct `alma::DeviceArrayF32Py` with struct literal syntax due to private fields
    --> src/indicators/ift_rsi.rs:2373:8
     |
2373 |     Ok(DeviceArrayF32Py { inner })
     |        ^^^^^^^^^^^^^^^^
     |
     = note: ...and other private fields `device_id` and `pc_guard` that were not provided

error: cannot construct `alma::DeviceArrayF32Py` with struct literal syntax due to private fields
    --> src/indicators/kaufmanstop.rs:1558:8
     |
1558 |     Ok(DeviceArrayF32Py { inner })
     |        ^^^^^^^^^^^^^^^^
     |
     = note: ...and other private fields `device_id` and `pc_guard` that were not provided

error: cannot construct `alma::DeviceArrayF32Py` with struct literal syntax due to private fields
    --> src/indicators/kaufmanstop.rs:1599:8
     |
1599 |     Ok(DeviceArrayF32Py { inner })
     |        ^^^^^^^^^^^^^^^^
     |
     = note: ...and other private fields `device_id` and `pc_guard` that were not provided

error: cannot construct `alma::DeviceArrayF32Py` with struct literal syntax due to private fields
    --> src/indicators/kdj.rs:3714:9
     |
3714 |         DeviceArrayF32Py { inner: k },
     |         ^^^^^^^^^^^^^^^^
     |
     = note: ...and other private fields `device_id` and `pc_guard` that were not provided

error: cannot construct `alma::DeviceArrayF32Py` with struct literal syntax due to private fields
    --> src/indicators/kdj.rs:3715:9
     |
3715 |         DeviceArrayF32Py { inner: d },
     |         ^^^^^^^^^^^^^^^^
     |
     = note: ...and other private fields `device_id` and `pc_guard` that were not provided

error: cannot construct `alma::DeviceArrayF32Py` with struct literal syntax due to private fields
    --> src/indicators/kdj.rs:3716:9
     |
3716 |         DeviceArrayF32Py { inner: j },
     |         ^^^^^^^^^^^^^^^^
     |
     = note: ...and other private fields `device_id` and `pc_guard` that were not provided

error: cannot construct `alma::DeviceArrayF32Py` with struct literal syntax due to private fields
    --> src/indicators/kdj.rs:3756:9
     |
3756 |         DeviceArrayF32Py { inner: k },
     |         ^^^^^^^^^^^^^^^^
     |
     = note: ...and other private fields `device_id` and `pc_guard` that were not provided

error: cannot construct `alma::DeviceArrayF32Py` with struct literal syntax due to private fields
    --> src/indicators/kdj.rs:3757:9
     |
3757 |         DeviceArrayF32Py { inner: d },
     |         ^^^^^^^^^^^^^^^^
     |
     = note: ...and other private fields `device_id` and `pc_guard` that were not provided

error: cannot construct `alma::DeviceArrayF32Py` with struct literal syntax due to private fields
    --> src/indicators/kdj.rs:3758:9
     |
3758 |         DeviceArrayF32Py { inner: j },
     |         ^^^^^^^^^^^^^^^^
     |
     = note: ...and other private fields `device_id` and `pc_guard` that were not provided

error: cannot construct `alma::DeviceArrayF32Py` with struct literal syntax due to private fields
    --> src/indicators/keltner.rs:2855:40
     |
2855 |     dict.set_item("upper", Py::new(py, DeviceArrayF32Py { inner: up })?)?;
     |                                        ^^^^^^^^^^^^^^^^
     |
     = note: ...and other private fields `device_id` and `pc_guard` that were not provided

error: cannot construct `alma::DeviceArrayF32Py` with struct literal syntax due to private fields
    --> src/indicators/keltner.rs:2856:41
     |
2856 |     dict.set_item("middle", Py::new(py, DeviceArrayF32Py { inner: mid })?)?;
     |                                         ^^^^^^^^^^^^^^^^
     |
     = note: ...and other private fields `device_id` and `pc_guard` that were not provided

error: cannot construct `alma::DeviceArrayF32Py` with struct literal syntax due to private fields
    --> src/indicators/keltner.rs:2857:40
     |
2857 |     dict.set_item("lower", Py::new(py, DeviceArrayF32Py { inner: low })?)?;
     |                                        ^^^^^^^^^^^^^^^^
     |
     = note: ...and other private fields `device_id` and `pc_guard` that were not provided

error: cannot construct `alma::DeviceArrayF32Py` with struct literal syntax due to private fields
    --> src/indicators/keltner.rs:2904:9
     |
2904 |         DeviceArrayF32Py { inner: up },
     |         ^^^^^^^^^^^^^^^^
     |
     = note: ...and other private fields `device_id` and `pc_guard` that were not provided

error: cannot construct `alma::DeviceArrayF32Py` with struct literal syntax due to private fields
    --> src/indicators/keltner.rs:2905:9
     |
2905 |         DeviceArrayF32Py { inner: mid },
     |         ^^^^^^^^^^^^^^^^
     |
     = note: ...and other private fields `device_id` and `pc_guard` that were not provided

error: cannot construct `alma::DeviceArrayF32Py` with struct literal syntax due to private fields
    --> src/indicators/keltner.rs:2906:9
     |
2906 |         DeviceArrayF32Py { inner: low },
     |         ^^^^^^^^^^^^^^^^
     |
     = note: ...and other private fields `device_id` and `pc_guard` that were not provided

error: cannot construct `alma::DeviceArrayF32Py` with struct literal syntax due to private fields
    --> src/indicators/kst.rs:3315:9
     |
3315 |         DeviceArrayF32Py { inner: pair.line },
     |         ^^^^^^^^^^^^^^^^
     |
     = note: ...and other private fields `device_id` and `pc_guard` that were not provided

error: cannot construct `alma::DeviceArrayF32Py` with struct literal syntax due to private fields
    --> src/indicators/kst.rs:3316:9
     |
3316 |         DeviceArrayF32Py { inner: pair.signal },
     |         ^^^^^^^^^^^^^^^^
     |
     = note: ...and other private fields `device_id` and `pc_guard` that were not provided

error: cannot construct `alma::DeviceArrayF32Py` with struct literal syntax due to private fields
    --> src/indicators/kst.rs:3368:9
     |
3368 |         DeviceArrayF32Py { inner: pair.line },
     |         ^^^^^^^^^^^^^^^^
     |
     = note: ...and other private fields `device_id` and `pc_guard` that were not provided

error: cannot construct `alma::DeviceArrayF32Py` with struct literal syntax due to private fields
    --> src/indicators/kst.rs:3369:9
     |
3369 |         DeviceArrayF32Py { inner: pair.signal },
     |         ^^^^^^^^^^^^^^^^
     |
     = note: ...and other private fields `device_id` and `pc_guard` that were not provided

error: cannot construct `alma::DeviceArrayF32Py` with struct literal syntax due to private fields
    --> src/indicators/kurtosis.rs:1865:8
     |
1865 |     Ok(DeviceArrayF32Py { inner })
     |        ^^^^^^^^^^^^^^^^
     |
     = note: ...and other private fields `device_id` and `pc_guard` that were not provided

error: cannot construct `alma::DeviceArrayF32Py` with struct literal syntax due to private fields
    --> src/indicators/kurtosis.rs:1896:8
     |
1896 |     Ok(DeviceArrayF32Py { inner })
     |        ^^^^^^^^^^^^^^^^
     |
     = note: ...and other private fields `device_id` and `pc_guard` that were not provided

error: cannot construct `alma::DeviceArrayF32Py` with struct literal syntax due to private fields
    --> src/indicators/kvo.rs:2231:9
     |
2231 |     Ok((DeviceArrayF32Py { inner }, dict))
     |         ^^^^^^^^^^^^^^^^
     |
     = note: ...and other private fields `device_id` and `pc_guard` that were not provided

error: cannot construct `alma::DeviceArrayF32Py` with struct literal syntax due to private fields
    --> src/indicators/kvo.rs:2277:8
     |
2277 |     Ok(DeviceArrayF32Py { inner })
     |        ^^^^^^^^^^^^^^^^
     |
     = note: ...and other private fields `device_id` and `pc_guard` that were not provided

error: cannot construct `alma::DeviceArrayF32Py` with struct literal syntax due to private fields
    --> src/indicators/linearreg_angle.rs:2178:8
     |
2178 |     Ok(DeviceArrayF32Py { inner })
     |        ^^^^^^^^^^^^^^^^
     |
     = note: ...and other private fields `device_id` and `pc_guard` that were not provided

error: cannot construct `alma::DeviceArrayF32Py` with struct literal syntax due to private fields
    --> src/indicators/linearreg_angle.rs:2205:8
     |
2205 |     Ok(DeviceArrayF32Py { inner })
     |        ^^^^^^^^^^^^^^^^
     |
     = note: ...and other private fields `device_id` and `pc_guard` that were not provided

error: cannot construct `alma::DeviceArrayF32Py` with struct literal syntax due to private fields
    --> src/indicators/linearreg_intercept.rs:1088:8
     |
1088 |     Ok(DeviceArrayF32Py { inner })
     |        ^^^^^^^^^^^^^^^^
     |
     = note: ...and other private fields `device_id` and `pc_guard` that were not provided

error: cannot construct `alma::DeviceArrayF32Py` with struct literal syntax due to private fields
    --> src/indicators/linearreg_intercept.rs:1123:8
     |
1123 |     Ok(DeviceArrayF32Py { inner })
     |        ^^^^^^^^^^^^^^^^
     |
     = note: ...and other private fields `device_id` and `pc_guard` that were not provided

error: cannot construct `alma::DeviceArrayF32Py` with struct literal syntax due to private fields
    --> src/indicators/linearreg_slope.rs:1192:9
     |
1192 |     Ok((DeviceArrayF32Py { inner }, dict))
     |         ^^^^^^^^^^^^^^^^
     |
     = note: ...and other private fields `device_id` and `pc_guard` that were not provided

error: cannot construct `alma::DeviceArrayF32Py` with struct literal syntax due to private fields
    --> src/indicators/linearreg_slope.rs:1225:8
     |
1225 |     Ok(DeviceArrayF32Py { inner })
     |        ^^^^^^^^^^^^^^^^
     |
     = note: ...and other private fields `device_id` and `pc_guard` that were not provided

error: cannot construct `alma::DeviceArrayF32Py` with struct literal syntax due to private fields
    --> src/indicators/lpc.rs:1885:21
     |
1885 |         Py::new(py, DeviceArrayF32Py { inner: triplet.wt1 })?,
     |                     ^^^^^^^^^^^^^^^^
     |
     = note: ...and other private fields `device_id` and `pc_guard` that were not provided

error: cannot construct `alma::DeviceArrayF32Py` with struct literal syntax due to private fields
    --> src/indicators/lpc.rs:1889:21
     |
1889 |         Py::new(py, DeviceArrayF32Py { inner: triplet.wt2 })?,
     |                     ^^^^^^^^^^^^^^^^
     |
     = note: ...and other private fields `device_id` and `pc_guard` that were not provided

error: cannot construct `alma::DeviceArrayF32Py` with struct literal syntax due to private fields
    --> src/indicators/lpc.rs:1895:13
     |
1895 |             DeviceArrayF32Py {
     |             ^^^^^^^^^^^^^^^^
     |
     = note: ...and other private fields `device_id` and `pc_guard` that were not provided

error: cannot construct `alma::DeviceArrayF32Py` with struct literal syntax due to private fields
    --> src/indicators/lpc.rs:1981:21
     |
1981 |         Py::new(py, DeviceArrayF32Py { inner: triplet.wt1 })?,
     |                     ^^^^^^^^^^^^^^^^
     |
     = note: ...and other private fields `device_id` and `pc_guard` that were not provided

error: cannot construct `alma::DeviceArrayF32Py` with struct literal syntax due to private fields
    --> src/indicators/lpc.rs:1985:21
     |
1985 |         Py::new(py, DeviceArrayF32Py { inner: triplet.wt2 })?,
     |                     ^^^^^^^^^^^^^^^^
     |
     = note: ...and other private fields `device_id` and `pc_guard` that were not provided

error: cannot construct `alma::DeviceArrayF32Py` with struct literal syntax due to private fields
    --> src/indicators/lpc.rs:1991:13
     |
1991 |             DeviceArrayF32Py {
     |             ^^^^^^^^^^^^^^^^
     |
     = note: ...and other private fields `device_id` and `pc_guard` that were not provided

error: cannot construct `alma::DeviceArrayF32Py` with struct literal syntax due to private fields
    --> src/indicators/lrsi.rs:2138:8
     |
2138 |     Ok(crate::indicators::moving_averages::alma::DeviceArrayF32Py { inner })
     |        ^^^^^^^^^^^^^^^^^^^^^^^^^^^^^^^^^^^^^^^^^^^^^^^^^^^^^^^^^^
     |
     = note: ...and other private fields `device_id` and `pc_guard` that were not provided

error: cannot construct `alma::DeviceArrayF32Py` with struct literal syntax due to private fields
    --> src/indicators/lrsi.rs:2170:8
     |
2170 |     Ok(crate::indicators::moving_averages::alma::DeviceArrayF32Py { inner })
     |        ^^^^^^^^^^^^^^^^^^^^^^^^^^^^^^^^^^^^^^^^^^^^^^^^^^^^^^^^^^
     |
     = note: ...and other private fields `device_id` and `pc_guard` that were not provided

error: cannot construct `alma::DeviceArrayF32Py` with struct literal syntax due to private fields
    --> src/indicators/mab.rs:2215:9
     |
2215 |         DeviceArrayF32Py { inner: up },
     |         ^^^^^^^^^^^^^^^^
     |
     = note: ...and other private fields `device_id` and `pc_guard` that were not provided

error: cannot construct `alma::DeviceArrayF32Py` with struct literal syntax due to private fields
    --> src/indicators/mab.rs:2216:9
     |
2216 |         DeviceArrayF32Py { inner: mid },
     |         ^^^^^^^^^^^^^^^^
     |
     = note: ...and other private fields `device_id` and `pc_guard` that were not provided

error: cannot construct `alma::DeviceArrayF32Py` with struct literal syntax due to private fields
    --> src/indicators/mab.rs:2217:9
     |
2217 |         DeviceArrayF32Py { inner: lo },
     |         ^^^^^^^^^^^^^^^^
     |
     = note: ...and other private fields `device_id` and `pc_guard` that were not provided

error: cannot construct `alma::DeviceArrayF32Py` with struct literal syntax due to private fields
    --> src/indicators/mab.rs:2257:9
     |
2257 |         DeviceArrayF32Py { inner: up },
     |         ^^^^^^^^^^^^^^^^
     |
     = note: ...and other private fields `device_id` and `pc_guard` that were not provided

error: cannot construct `alma::DeviceArrayF32Py` with struct literal syntax due to private fields
    --> src/indicators/mab.rs:2258:9
     |
2258 |         DeviceArrayF32Py { inner: mid },
     |         ^^^^^^^^^^^^^^^^
     |
     = note: ...and other private fields `device_id` and `pc_guard` that were not provided

error: cannot construct `alma::DeviceArrayF32Py` with struct literal syntax due to private fields
    --> src/indicators/mab.rs:2259:9
     |
2259 |         DeviceArrayF32Py { inner: lo },
     |         ^^^^^^^^^^^^^^^^
     |
     = note: ...and other private fields `device_id` and `pc_guard` that were not provided

error: cannot construct `alma::DeviceArrayF32Py` with struct literal syntax due to private fields
    --> src/indicators/macd.rs:2034:13
     |
2034 |             super::moving_averages::alma::DeviceArrayF32Py { inner: macd },
     |             ^^^^^^^^^^^^^^^^^^^^^^^^^^^^^^^^^^^^^^^^^^^^^^
     |
     = note: ...and other private fields `device_id` and `pc_guard` that were not provided

error: cannot construct `alma::DeviceArrayF32Py` with struct literal syntax due to private fields
    --> src/indicators/macd.rs:2041:13
     |
2041 |             super::moving_averages::alma::DeviceArrayF32Py { inner: signal },
     |             ^^^^^^^^^^^^^^^^^^^^^^^^^^^^^^^^^^^^^^^^^^^^^^
     |
     = note: ...and other private fields `device_id` and `pc_guard` that were not provided

error: cannot construct `alma::DeviceArrayF32Py` with struct literal syntax due to private fields
    --> src/indicators/macd.rs:2048:13
     |
2048 |             super::moving_averages::alma::DeviceArrayF32Py { inner: hist },
     |             ^^^^^^^^^^^^^^^^^^^^^^^^^^^^^^^^^^^^^^^^^^^^^^
     |
     = note: ...and other private fields `device_id` and `pc_guard` that were not provided

error: cannot construct `alma::DeviceArrayF32Py` with struct literal syntax due to private fields
    --> src/indicators/macd.rs:2122:13
     |
2122 |             super::moving_averages::alma::DeviceArrayF32Py { inner: macd },
     |             ^^^^^^^^^^^^^^^^^^^^^^^^^^^^^^^^^^^^^^^^^^^^^^
     |
     = note: ...and other private fields `device_id` and `pc_guard` that were not provided

error: cannot construct `alma::DeviceArrayF32Py` with struct literal syntax due to private fields
    --> src/indicators/macd.rs:2129:13
     |
2129 |             super::moving_averages::alma::DeviceArrayF32Py { inner: signal },
     |             ^^^^^^^^^^^^^^^^^^^^^^^^^^^^^^^^^^^^^^^^^^^^^^
     |
     = note: ...and other private fields `device_id` and `pc_guard` that were not provided

error: cannot construct `alma::DeviceArrayF32Py` with struct literal syntax due to private fields
    --> src/indicators/macd.rs:2136:13
     |
2136 |             super::moving_averages::alma::DeviceArrayF32Py { inner: hist },
     |             ^^^^^^^^^^^^^^^^^^^^^^^^^^^^^^^^^^^^^^^^^^^^^^
     |
     = note: ...and other private fields `device_id` and `pc_guard` that were not provided

error: cannot construct `alma::DeviceArrayF32Py` with struct literal syntax due to private fields
    --> src/indicators/macz.rs:2337:9
     |
2337 |     Ok((DeviceArrayF32Py { inner }, dict))
     |         ^^^^^^^^^^^^^^^^
     |
     = note: ...and other private fields `device_id` and `pc_guard` that were not provided

error: cannot construct `alma::DeviceArrayF32Py` with struct literal syntax due to private fields
    --> src/indicators/macz.rs:2382:8
     |
2382 |     Ok(DeviceArrayF32Py { inner })
     |        ^^^^^^^^^^^^^^^^
     |
     = note: ...and other private fields `device_id` and `pc_guard` that were not provided

error: cannot construct `alma::DeviceArrayF32Py` with struct literal syntax due to private fields
   --> src/indicators/marketefi.rs:928:8
    |
928 |     Ok(DeviceArrayF32Py { inner })
    |        ^^^^^^^^^^^^^^^^
    |
    = note: ...and other private fields `device_id` and `pc_guard` that were not provided

error: cannot construct `alma::DeviceArrayF32Py` with struct literal syntax due to private fields
   --> src/indicators/marketefi.rs:964:8
    |
964 |     Ok(DeviceArrayF32Py { inner })
    |        ^^^^^^^^^^^^^^^^
    |
    = note: ...and other private fields `device_id` and `pc_guard` that were not provided

error: cannot construct `alma::DeviceArrayF32Py` with struct literal syntax due to private fields
    --> src/indicators/mass.rs:1905:9
     |
1905 |     Ok((DeviceArrayF32Py { inner }, dict))
     |         ^^^^^^^^^^^^^^^^
     |
     = note: ...and other private fields `device_id` and `pc_guard` that were not provided

error: cannot construct `alma::DeviceArrayF32Py` with struct literal syntax due to private fields
    --> src/indicators/mass.rs:1943:8
     |
1943 |     Ok(DeviceArrayF32Py { inner })
     |        ^^^^^^^^^^^^^^^^
     |
     = note: ...and other private fields `device_id` and `pc_guard` that were not provided

error: cannot construct `alma::DeviceArrayF32Py` with struct literal syntax due to private fields
    --> src/indicators/mean_ad.rs:1738:8
     |
1738 |     Ok(DeviceArrayF32Py { inner })
     |        ^^^^^^^^^^^^^^^^
     |
     = note: ...and other private fields `device_id` and `pc_guard` that were not provided

error: cannot construct `alma::DeviceArrayF32Py` with struct literal syntax due to private fields
    --> src/indicators/mean_ad.rs:1764:8
     |
1764 |     Ok(DeviceArrayF32Py { inner })
     |        ^^^^^^^^^^^^^^^^
     |
     = note: ...and other private fields `device_id` and `pc_guard` that were not provided

error: cannot construct `alma::DeviceArrayF32Py` with struct literal syntax due to private fields
    --> src/indicators/medium_ad.rs:2279:8
     |
2279 |     Ok(DeviceArrayF32Py { inner })
     |        ^^^^^^^^^^^^^^^^
     |
     = note: ...and other private fields `device_id` and `pc_guard` that were not provided

error: cannot construct `alma::DeviceArrayF32Py` with struct literal syntax due to private fields
    --> src/indicators/medium_ad.rs:2304:8
     |
2304 |     Ok(DeviceArrayF32Py { inner })
     |        ^^^^^^^^^^^^^^^^
     |
     = note: ...and other private fields `device_id` and `pc_guard` that were not provided

error: cannot construct `alma::DeviceArrayF32Py` with struct literal syntax due to private fields
    --> src/indicators/medprice.rs:1178:8
     |
1178 |     Ok(DeviceArrayF32Py { inner })
     |        ^^^^^^^^^^^^^^^^
     |
     = note: ...and other private fields `device_id` and `pc_guard` that were not provided

error: cannot construct `alma::DeviceArrayF32Py` with struct literal syntax due to private fields
    --> src/indicators/medprice.rs:1201:8
     |
1201 |     Ok(DeviceArrayF32Py { inner })
     |        ^^^^^^^^^^^^^^^^
     |
     = note: ...and other private fields `device_id` and `pc_guard` that were not provided

error: cannot construct `alma::DeviceArrayF32Py` with struct literal syntax due to private fields
    --> src/indicators/medprice.rs:1226:8
     |
1226 |     Ok(DeviceArrayF32Py { inner })
     |        ^^^^^^^^^^^^^^^^
     |
     = note: ...and other private fields `device_id` and `pc_guard` that were not provided

error: cannot construct `alma::DeviceArrayF32Py` with struct literal syntax due to private fields
    --> src/indicators/mfi.rs:1343:8
     |
1343 |     Ok(DeviceArrayF32Py { inner })
     |        ^^^^^^^^^^^^^^^^
     |
     = note: ...and other private fields `device_id` and `pc_guard` that were not provided

error: cannot construct `alma::DeviceArrayF32Py` with struct literal syntax due to private fields
    --> src/indicators/mfi.rs:1374:8
     |
1374 |     Ok(DeviceArrayF32Py { inner })
     |        ^^^^^^^^^^^^^^^^
     |
     = note: ...and other private fields `device_id` and `pc_guard` that were not provided

error: cannot construct `alma::DeviceArrayF32Py` with struct literal syntax due to private fields
   --> src/indicators/minmax.rs:479:13
    |
479 |             DeviceArrayF32Py {
    |             ^^^^^^^^^^^^^^^^
    |
    = note: ...and other private fields `device_id` and `pc_guard` that were not provided

error: cannot construct `alma::DeviceArrayF32Py` with struct literal syntax due to private fields
   --> src/indicators/minmax.rs:492:13
    |
492 |             DeviceArrayF32Py {
    |             ^^^^^^^^^^^^^^^^
    |
    = note: ...and other private fields `device_id` and `pc_guard` that were not provided

error: cannot construct `alma::DeviceArrayF32Py` with struct literal syntax due to private fields
   --> src/indicators/minmax.rs:505:13
    |
505 |             DeviceArrayF32Py {
    |             ^^^^^^^^^^^^^^^^
    |
    = note: ...and other private fields `device_id` and `pc_guard` that were not provided

error: cannot construct `alma::DeviceArrayF32Py` with struct literal syntax due to private fields
   --> src/indicators/minmax.rs:518:13
    |
518 |             DeviceArrayF32Py {
    |             ^^^^^^^^^^^^^^^^
    |
    = note: ...and other private fields `device_id` and `pc_guard` that were not provided

error: cannot construct `alma::DeviceArrayF32Py` with struct literal syntax due to private fields
   --> src/indicators/minmax.rs:576:13
    |
576 |             DeviceArrayF32Py {
    |             ^^^^^^^^^^^^^^^^
    |
    = note: ...and other private fields `device_id` and `pc_guard` that were not provided

error: cannot construct `alma::DeviceArrayF32Py` with struct literal syntax due to private fields
   --> src/indicators/minmax.rs:589:13
    |
589 |             DeviceArrayF32Py {
    |             ^^^^^^^^^^^^^^^^
    |
    = note: ...and other private fields `device_id` and `pc_guard` that were not provided

error: cannot construct `alma::DeviceArrayF32Py` with struct literal syntax due to private fields
   --> src/indicators/minmax.rs:602:13
    |
602 |             DeviceArrayF32Py {
    |             ^^^^^^^^^^^^^^^^
    |
    = note: ...and other private fields `device_id` and `pc_guard` that were not provided

error: cannot construct `alma::DeviceArrayF32Py` with struct literal syntax due to private fields
   --> src/indicators/minmax.rs:615:13
    |
615 |             DeviceArrayF32Py {
    |             ^^^^^^^^^^^^^^^^
    |
    = note: ...and other private fields `device_id` and `pc_guard` that were not provided

error: cannot construct `alma::DeviceArrayF32Py` with struct literal syntax due to private fields
    --> src/indicators/mod_god_mode.rs:3768:44
     |
3768 |     dict.set_item("wavetrend", Py::new(py, DeviceArrayF32Py { inner: wt })?)?;
     |                                            ^^^^^^^^^^^^^^^^
     |
     = note: ...and other private fields `device_id` and `pc_guard` that were not provided

error: cannot construct `alma::DeviceArrayF32Py` with struct literal syntax due to private fields
    --> src/indicators/mod_god_mode.rs:3769:41
     |
3769 |     dict.set_item("signal", Py::new(py, DeviceArrayF32Py { inner: sig })?)?;
     |                                         ^^^^^^^^^^^^^^^^
     |
     = note: ...and other private fields `device_id` and `pc_guard` that were not provided

error: cannot construct `alma::DeviceArrayF32Py` with struct literal syntax due to private fields
    --> src/indicators/mod_god_mode.rs:3770:44
     |
3770 |     dict.set_item("histogram", Py::new(py, DeviceArrayF32Py { inner: hist })?)?;
     |                                            ^^^^^^^^^^^^^^^^
     |
     = note: ...and other private fields `device_id` and `pc_guard` that were not provided

error: cannot construct `alma::DeviceArrayF32Py` with struct literal syntax due to private fields
    --> src/indicators/mod_god_mode.rs:3859:44
     |
3859 |     dict.set_item("wavetrend", Py::new(py, DeviceArrayF32Py { inner: wt })?)?;
     |                                            ^^^^^^^^^^^^^^^^
     |
     = note: ...and other private fields `device_id` and `pc_guard` that were not provided

error: cannot construct `alma::DeviceArrayF32Py` with struct literal syntax due to private fields
    --> src/indicators/mod_god_mode.rs:3860:41
     |
3860 |     dict.set_item("signal", Py::new(py, DeviceArrayF32Py { inner: sig })?)?;
     |                                         ^^^^^^^^^^^^^^^^
     |
     = note: ...and other private fields `device_id` and `pc_guard` that were not provided

error: cannot construct `alma::DeviceArrayF32Py` with struct literal syntax due to private fields
    --> src/indicators/mod_god_mode.rs:3861:44
     |
3861 |     dict.set_item("histogram", Py::new(py, DeviceArrayF32Py { inner: hist })?)?;
     |                                            ^^^^^^^^^^^^^^^^
     |
     = note: ...and other private fields `device_id` and `pc_guard` that were not provided

error: cannot construct `alma::DeviceArrayF32Py` with struct literal syntax due to private fields
    --> src/indicators/mom.rs:1838:8
     |
1838 |     Ok(DeviceArrayF32Py { inner })
     |        ^^^^^^^^^^^^^^^^
     |
     = note: ...and other private fields `device_id` and `pc_guard` that were not provided

error: cannot construct `alma::DeviceArrayF32Py` with struct literal syntax due to private fields
    --> src/indicators/mom.rs:1868:8
     |
1868 |     Ok(DeviceArrayF32Py { inner })
     |        ^^^^^^^^^^^^^^^^
     |
     = note: ...and other private fields `device_id` and `pc_guard` that were not provided

error[E0599]: no method named `result` found for enum `CUresult` in the current scope
  --> src/indicators/moving_averages/alma.rs:60:18
   |
59 | /             cust::sys::cuDevicePrimaryCtxRetain(&mut ctx as *mut _, dev)
60 | |                 .result()
   | |                 -^^^^^^ method not found in `CUresult`
   | |_________________|
   |

error[E0559]: variant `CudaError::UnknownError` has no field named `msg`
  --> src/indicators/moving_averages/alma.rs:61:69
   |
61 |                 .map_err(|e| cust::error::CudaError::UnknownError { msg: format!("cuDevicePrimaryCtxRetain: {:?}", e) })?;
   |                                                                     ^^^ `CudaError::UnknownError` does not have this field
   |
   = note: all struct fields are already assigned

error[E0599]: no method named `extract` found for reference `&pyo3::PyAny` in the current scope
    --> src/indicators/moving_averages/jma.rs:2550:33
     |
2550 |             .and_then(|obj| obj.extract::<i64>().ok())
     |                                 ^^^^^^^ method not found in `&pyo3::PyAny`

error[E0599]: no method named `extract` found for reference `&pyo3::PyAny` in the current scope
    --> src/indicators/moving_averages/jma.rs:2555:40
     |
2555 |             if let Ok((dt, did)) = dev.extract::<(i32, i32)>() {
     |                                        ^^^^^^^ method not found in `&pyo3::PyAny`

error[E0599]: no method named `extract` found for reference `&pyo3::PyAny` in the current scope
    --> src/indicators/moving_averages/jma.rs:2564:33
     |
2564 |             if let Ok(true) = c.extract::<bool>() {
     |                                 ^^^^^^^ method not found in `&pyo3::PyAny`

error[E0599]: no method named `extract` found for reference `&pyo3::PyAny` in the current scope
    --> src/indicators/moving_averages/jma.rs:2573:45
     |
2573 |             if let Ok((maj, min)) = ver_any.extract::<(u32, u32)>() {
     |                                             ^^^^^^^ method not found in `&pyo3::PyAny`

error[E0277]: the trait bound `&pyo3::PyAny: PyFunctionArgument<'_, '_, false>` is not satisfied
    --> src/indicators/moving_averages/jma.rs:2469:17
     |
2469 |         stream: Option<&PyAny>,
     |                 ^^^^^^^^^^^^^^ the trait `PyClass` is not implemented for `&pyo3::PyAny`
     |
     = help: the following other types implement trait `PyClass`:
               AcoscDeviceArrayF32Py
               AcoscStreamPy
               AdDeviceArrayF32Py
               AdStreamPy
               AdoscStreamPy
               AdxStreamPy
               AdxrDeviceArrayF32Py
               AdxrStreamPy
             and 252 others
     = note: required for `&pyo3::PyAny` to implement `FromPyObject<'_>`
     = note: required for `&pyo3::PyAny` to implement `FromPyObjectBound<'_, '_>`
     = note: required for `&pyo3::PyAny` to implement `PyFunctionArgument<'_, '_, false>`
note: required by a bound in `extract_optional_argument`
    --> /root/.cargo/registry/src/index.crates.io-1949cf8c6b5b557f/pyo3-0.25.1/src/impl_/extract_argument.rs:137:8
     |
130  | pub fn extract_optional_argument<'a, 'py, T, const IS_OPTION: bool>(
     |        ------------------------- required by a bound in this function
...
137  |     T: PyFunctionArgument<'a, 'py, IS_OPTION>,
     |        ^^^^^^^^^^^^^^^^^^^^^^^^^^^^^^^^^^^^^^ required by this bound in `extract_optional_argument`

error[E0277]: the trait bound `&pyo3::PyAny: PyFunctionArgument<'_, '_, false>` is not satisfied
    --> src/indicators/moving_averages/jma.rs:2470:22
     |
2470 |         max_version: Option<&PyAny>,
     |                      ^^^^^^^^^^^^^^ the trait `PyClass` is not implemented for `&pyo3::PyAny`
     |
     = help: the following other types implement trait `PyClass`:
               AcoscDeviceArrayF32Py
               AcoscStreamPy
               AdDeviceArrayF32Py
               AdStreamPy
               AdoscStreamPy
               AdxStreamPy
               AdxrDeviceArrayF32Py
               AdxrStreamPy
             and 252 others
     = note: required for `&pyo3::PyAny` to implement `FromPyObject<'_>`
     = note: required for `&pyo3::PyAny` to implement `FromPyObjectBound<'_, '_>`
     = note: required for `&pyo3::PyAny` to implement `PyFunctionArgument<'_, '_, false>`
note: required by a bound in `extract_optional_argument`
    --> /root/.cargo/registry/src/index.crates.io-1949cf8c6b5b557f/pyo3-0.25.1/src/impl_/extract_argument.rs:137:8
     |
130  | pub fn extract_optional_argument<'a, 'py, T, const IS_OPTION: bool>(
     |        ------------------------- required by a bound in this function
...
137  |     T: PyFunctionArgument<'a, 'py, IS_OPTION>,
     |        ^^^^^^^^^^^^^^^^^^^^^^^^^^^^^^^^^^^^^^ required by this bound in `extract_optional_argument`

error[E0277]: the trait bound `&pyo3::PyAny: PyFunctionArgument<'_, '_, false>` is not satisfied
    --> src/indicators/moving_averages/jma.rs:2471:20
     |
2471 |         dl_device: Option<&PyAny>,
     |                    ^^^^^^^^^^^^^^ the trait `PyClass` is not implemented for `&pyo3::PyAny`
     |
     = help: the following other types implement trait `PyClass`:
               AcoscDeviceArrayF32Py
               AcoscStreamPy
               AdDeviceArrayF32Py
               AdStreamPy
               AdoscStreamPy
               AdxStreamPy
               AdxrDeviceArrayF32Py
               AdxrStreamPy
             and 252 others
     = note: required for `&pyo3::PyAny` to implement `FromPyObject<'_>`
     = note: required for `&pyo3::PyAny` to implement `FromPyObjectBound<'_, '_>`
     = note: required for `&pyo3::PyAny` to implement `PyFunctionArgument<'_, '_, false>`
note: required by a bound in `extract_optional_argument`
    --> /root/.cargo/registry/src/index.crates.io-1949cf8c6b5b557f/pyo3-0.25.1/src/impl_/extract_argument.rs:137:8
     |
130  | pub fn extract_optional_argument<'a, 'py, T, const IS_OPTION: bool>(
     |        ------------------------- required by a bound in this function
...
137  |     T: PyFunctionArgument<'a, 'py, IS_OPTION>,
     |        ^^^^^^^^^^^^^^^^^^^^^^^^^^^^^^^^^^^^^^ required by this bound in `extract_optional_argument`

error[E0277]: the trait bound `&pyo3::PyAny: PyFunctionArgument<'_, '_, false>` is not satisfied
    --> src/indicators/moving_averages/jma.rs:2472:15
     |
2472 |         copy: Option<&PyAny>,
     |               ^^^^^^^^^^^^^^ the trait `PyClass` is not implemented for `&pyo3::PyAny`
     |
     = help: the following other types implement trait `PyClass`:
               AcoscDeviceArrayF32Py
               AcoscStreamPy
               AdDeviceArrayF32Py
               AdStreamPy
               AdoscStreamPy
               AdxStreamPy
               AdxrDeviceArrayF32Py
               AdxrStreamPy
             and 252 others
     = note: required for `&pyo3::PyAny` to implement `FromPyObject<'_>`
     = note: required for `&pyo3::PyAny` to implement `FromPyObjectBound<'_, '_>`
     = note: required for `&pyo3::PyAny` to implement `PyFunctionArgument<'_, '_, false>`
note: required by a bound in `extract_optional_argument`
    --> /root/.cargo/registry/src/index.crates.io-1949cf8c6b5b557f/pyo3-0.25.1/src/impl_/extract_argument.rs:137:8
     |
130  | pub fn extract_optional_argument<'a, 'py, T, const IS_OPTION: bool>(
     |        ------------------------- required by a bound in this function
...
137  |     T: PyFunctionArgument<'a, 'py, IS_OPTION>,
     |        ^^^^^^^^^^^^^^^^^^^^^^^^^^^^^^^^^^^^^^ required by this bound in `extract_optional_argument`

error[E0599]: no method named `result` found for enum `CUresult` in the current scope
    --> src/indicators/moving_averages/maaq.rs:2122:18
     |
2121 | /             cust::sys::cuDevicePrimaryCtxRetain(&mut ctx as *mut _, dev)
2122 | |                 .result()
     | |                 -^^^^^^ method not found in `CUresult`
     | |_________________|
     |

error[E0559]: variant `CudaError::UnknownError` has no field named `msg`
    --> src/indicators/moving_averages/maaq.rs:2123:69
     |
2123 |                 .map_err(|e| cust::error::CudaError::UnknownError { msg: format!("cuDevicePrimaryCtxRetain: {:?}", e) })?;
     |                                                                     ^^^ `CudaError::UnknownError` does not have this field
     |
     = note: all struct fields are already assigned

error[E0599]: no method named `result` found for enum `CUresult` in the current scope
  --> src/indicators/moving_averages/pwma.rs:78:74
   |
78 |             cust::sys::cuDevicePrimaryCtxRetain(&mut ctx as *mut _, dev).result()?;
   |                                                                          ^^^^^^ method not found in `CUresult`

error[E0277]: `*mut CUctx_st` cannot be sent between threads safely
    --> src/indicators/moving_averages/sinwma.rs:2321:21
     |
2321 |     let handle = py.allow_threads(|| {
     |                     ^^^^^^^^^^^^^ `*mut CUctx_st` cannot be sent between threads safely
     |
     = help: within `Result<gaussian_wrapper::DeviceArrayF32Py, pyo3::PyErr>`, the trait `Send` is not implemented for `*mut CUctx_st`
note: required because it appears within the type `gaussian_wrapper::PrimaryCtxGuard`
    --> src/cuda/moving_averages/gaussian_wrapper.rs:920:12
     |
920  | pub struct PrimaryCtxGuard { dev: i32, ctx: cu::CUcontext }
     |            ^^^^^^^^^^^^^^^
note: required because it appears within the type `gaussian_wrapper::DeviceArrayF32Py`
    --> src/cuda/moving_averages/gaussian_wrapper.rs:910:12
     |
910  | pub struct DeviceArrayF32Py {
     |            ^^^^^^^^^^^^^^^^
note: required because it appears within the type `Result<gaussian_wrapper::DeviceArrayF32Py, pyo3::PyErr>`
    --> /rustc/35f6036521777bdc0dcea1f980be4c192962a168/library/core/src/result.rs:548:10
     = note: required for `Result<gaussian_wrapper::DeviceArrayF32Py, pyo3::PyErr>` to implement `Ungil`
note: required by a bound in `pyo3::Python::<'py>::allow_threads`
    --> /root/.cargo/registry/src/index.crates.io-1949cf8c6b5b557f/pyo3-0.25.1/src/marker.rs:513:12
     |
510  |     pub fn allow_threads<T, F>(self, f: F) -> T
     |            ------------- required by a bound in this associated function
...
513  |         T: Ungil,
     |            ^^^^^ required by this bound in `Python::<'py>::allow_threads`

error[E0277]: `*mut CUctx_st` cannot be sent between threads safely
    --> src/indicators/moving_averages/sinwma.rs:2352:21
     |
2352 |     let handle = py.allow_threads(|| {
     |                     ^^^^^^^^^^^^^ `*mut CUctx_st` cannot be sent between threads safely
     |
     = help: within `Result<gaussian_wrapper::DeviceArrayF32Py, pyo3::PyErr>`, the trait `Send` is not implemented for `*mut CUctx_st`
note: required because it appears within the type `gaussian_wrapper::PrimaryCtxGuard`
    --> src/cuda/moving_averages/gaussian_wrapper.rs:920:12
     |
920  | pub struct PrimaryCtxGuard { dev: i32, ctx: cu::CUcontext }
     |            ^^^^^^^^^^^^^^^
note: required because it appears within the type `gaussian_wrapper::DeviceArrayF32Py`
    --> src/cuda/moving_averages/gaussian_wrapper.rs:910:12
     |
910  | pub struct DeviceArrayF32Py {
     |            ^^^^^^^^^^^^^^^^
note: required because it appears within the type `Result<gaussian_wrapper::DeviceArrayF32Py, pyo3::PyErr>`
    --> /rustc/35f6036521777bdc0dcea1f980be4c192962a168/library/core/src/result.rs:548:10
     = note: required for `Result<gaussian_wrapper::DeviceArrayF32Py, pyo3::PyErr>` to implement `Ungil`
note: required by a bound in `pyo3::Python::<'py>::allow_threads`
    --> /root/.cargo/registry/src/index.crates.io-1949cf8c6b5b557f/pyo3-0.25.1/src/marker.rs:513:12
     |
510  |     pub fn allow_threads<T, F>(self, f: F) -> T
     |            ------------- required by a bound in this associated function
...
513  |         T: Ungil,
     |            ^^^^^ required by this bound in `Python::<'py>::allow_threads`

error[E0599]: no method named `result` found for enum `CUresult` in the current scope
    --> src/indicators/moving_averages/swma.rs:2237:18
     |
2236 | /             cust::sys::cuDevicePrimaryCtxRetain(&mut ctx as *mut _, dev)
2237 | |                 .result()
     | |                 -^^^^^^ method not found in `CUresult`
     | |_________________|
     |

error[E0559]: variant `CudaError::UnknownError` has no field named `msg`
    --> src/indicators/moving_averages/swma.rs:2238:69
     |
2238 |                 .map_err(|e| cust::error::CudaError::UnknownError { msg: format!("cuDevicePrimaryCtxRetain: {:?}", e) })?;
     |                                                                     ^^^ `CudaError::UnknownError` does not have this field
     |
     = note: all struct fields are already assigned

error[E0599]: no method named `extract` found for reference `&pyo3::PyAny` in the current scope
    --> src/indicators/moving_averages/swma.rs:2296:40
     |
2296 |             if let Ok(tuple) = dev_obj.extract::<(i32, i32)>() {
     |                                        ^^^^^^^ method not found in `&pyo3::PyAny`

error[E0277]: the trait bound `&pyo3::PyAny: PyFunctionArgument<'_, '_, false>` is not satisfied
    --> src/indicators/moving_averages/swma.rs:2289:20
     |
2289 |         dl_device: Option<&PyAny>,
     |                    ^^^^^^^^^^^^^^ the trait `PyClass` is not implemented for `&pyo3::PyAny`
     |
     = help: the following other types implement trait `PyClass`:
               AcoscDeviceArrayF32Py
               AcoscStreamPy
               AdDeviceArrayF32Py
               AdStreamPy
               AdoscStreamPy
               AdxStreamPy
               AdxrDeviceArrayF32Py
               AdxrStreamPy
             and 252 others
     = note: required for `&pyo3::PyAny` to implement `FromPyObject<'_>`
     = note: required for `&pyo3::PyAny` to implement `FromPyObjectBound<'_, '_>`
     = note: required for `&pyo3::PyAny` to implement `PyFunctionArgument<'_, '_, false>`
note: required by a bound in `extract_optional_argument`
    --> /root/.cargo/registry/src/index.crates.io-1949cf8c6b5b557f/pyo3-0.25.1/src/impl_/extract_argument.rs:137:8
     |
130  | pub fn extract_optional_argument<'a, 'py, T, const IS_OPTION: bool>(
     |        ------------------------- required by a bound in this function
...
137  |     T: PyFunctionArgument<'a, 'py, IS_OPTION>,
     |        ^^^^^^^^^^^^^^^^^^^^^^^^^^^^^^^^^^^^^^ required by this bound in `extract_optional_argument`

error[E0599]: no method named `result` found for enum `CUresult` in the current scope
    --> src/indicators/moving_averages/trima.rs:1705:26
     |
1704 | /                     cust::sys::cuDevicePrimaryCtxRetain(&mut ctx as *mut _, dev)
1705 | |                         .result()
     | |                         -^^^^^^ method not found in `CUresult`
     | |_________________________|
     |

error[E0559]: variant `CudaError::UnknownError` has no field named `msg`
    --> src/indicators/moving_averages/trima.rs:1706:77
     |
1706 |                         .map_err(|e| cust::error::CudaError::UnknownError { msg: format!("cuDevicePrimaryCtxRetain: {:?}", e) })?;
     |                                                                             ^^^ `CudaError::UnknownError` does not have this field
     |
     = note: all struct fields are already assigned

error[E0599]: no method named `result` found for enum `CUresult` in the current scope
    --> src/indicators/moving_averages/vwap.rs:2539:18
     |
2538 | /             cust::sys::cuDevicePrimaryCtxRetain(&mut ctx as *mut _, dev)
2539 | |                 .result()
     | |                 -^^^^^^ method not found in `CUresult`
     | |_________________|
     |

error[E0559]: variant `CudaError::UnknownError` has no field named `msg`
    --> src/indicators/moving_averages/vwap.rs:2540:69
     |
2540 |                 .map_err(|e| cust::error::CudaError::UnknownError { msg: format!("cuDevicePrimaryCtxRetain: {:?}", e) })?;
     |                                                                     ^^^ `CudaError::UnknownError` does not have this field
     |
     = note: all struct fields are already assigned

error[E0308]: mismatched types
    --> src/indicators/moving_averages/vwap.rs:2688:13
     |
2686 |         let inner = std::mem::replace(
     |                     ----------------- arguments to this function are incorrect
2687 |             &mut self.inner,
2688 |             VwapDeviceArrayF32 { buf: dummy, rows: 0, cols: 0, _ctx: self.pc_guard_ret_ctx_clone_for_dummy()?, device_id: self.device_id },
     |             ^^^^^^^^^^^^^^^^^^^^^^^^^^^^^^^^^^^^^^^^^^^^^^^^^^^^^^^^^^^^^^^^^^^^^^^^^^^^^^^^^^^^^^^^^^^^^^^^^^^^^^^^^^^^^^^^^^^^^^^^^^^^^^ expected `Option<VwapDeviceArrayF32>`, found `VwapDeviceArrayF32`
     |
     = note: expected enum `std::option::Option<VwapDeviceArrayF32>`
              found struct `VwapDeviceArrayF32`
help: the return type of this call is `VwapDeviceArrayF32` due to the type of the argument passed
    --> src/indicators/moving_averages/vwap.rs:2686:21
     |
2686 |           let inner = std::mem::replace(
     |  _____________________^
2687 | |             &mut self.inner,
2688 | |             VwapDeviceArrayF32 { buf: dummy, rows: 0, cols: 0, _ctx: self.pc_guard_ret_ctx_clone_for_dummy()?, device_id: self.device_id },
     | |             ------------------------------------------------------------------------------------------------------------------------------ this argument influences the return type of `replace`
2689 | |         );
     | |_________^
note: function defined here
    --> /rustc/35f6036521777bdc0dcea1f980be4c192962a168/library/core/src/mem/mod.rs:872:14
help: try wrapping the expression in `Some`
     |
2688 |             Some(VwapDeviceArrayF32 { buf: dummy, rows: 0, cols: 0, _ctx: self.pc_guard_ret_ctx_clone_for_dummy()?, device_id: self.device_id }),
     |             +++++                                                                                                                              +

error[E0609]: no field `rows` on type `std::option::Option<VwapDeviceArrayF32>`
    --> src/indicators/moving_averages/vwap.rs:2694:33
     |
2694 | ...   let data_ptr = if inner.rows == 0 || inner.cols == 0 { std::ptr::null_mut() } else { inner.buf.as_device_ptr().as_raw() as *mut std...
     |                               ^^^^ unknown field
     |
help: one of the expressions' fields has a field of the same name
     |
2694 |         let data_ptr = if inner.unwrap().rows == 0 || inner.cols == 0 { std::ptr::null_mut() } else { inner.buf.as_device_ptr().as_raw() as *mut std::ffi::c_void };
     |                                 +++++++++

error[E0609]: no field `cols` on type `std::option::Option<VwapDeviceArrayF32>`
    --> src/indicators/moving_averages/vwap.rs:2694:52
     |
2694 | ...   let data_ptr = if inner.rows == 0 || inner.cols == 0 { std::ptr::null_mut() } else { inner.buf.as_device_ptr().as_raw() as *mut std...
     |                                                  ^^^^ unknown field
     |
help: one of the expressions' fields has a field of the same name
     |
2694 |         let data_ptr = if inner.rows == 0 || inner.unwrap().cols == 0 { std::ptr::null_mut() } else { inner.buf.as_device_ptr().as_raw() as *mut std::ffi::c_void };
     |                                                    +++++++++

error[E0609]: no field `buf` on type `std::option::Option<VwapDeviceArrayF32>`
    --> src/indicators/moving_averages/vwap.rs:2694:100
     |
2694 | ...   let data_ptr = if inner.rows == 0 || inner.cols == 0 { std::ptr::null_mut() } else { inner.buf.as_device_ptr().as_raw() as *mut std...
     |                                                                                                  ^^^ unknown field
     |
help: one of the expressions' fields has a field of the same name
     |
2694 |         let data_ptr = if inner.rows == 0 || inner.cols == 0 { std::ptr::null_mut() } else { inner.unwrap().buf.as_device_ptr().as_raw() as *mut std::ffi::c_void };
     |                                                                                                    +++++++++

error[E0609]: no field `rows` on type `std::option::Option<VwapDeviceArrayF32>`
    --> src/indicators/moving_averages/vwap.rs:2713:31
     |
2713 |                 shape: [inner.rows as i64, inner.cols as i64],
     |                               ^^^^ unknown field
     |
help: one of the expressions' fields has a field of the same name
     |
2713 |                 shape: [inner.unwrap().rows as i64, inner.cols as i64],
     |                               +++++++++

error[E0609]: no field `cols` on type `std::option::Option<VwapDeviceArrayF32>`
    --> src/indicators/moving_averages/vwap.rs:2713:50
     |
2713 |                 shape: [inner.rows as i64, inner.cols as i64],
     |                                                  ^^^^ unknown field
     |
help: one of the expressions' fields has a field of the same name
     |
2713 |                 shape: [inner.rows as i64, inner.unwrap().cols as i64],
     |                                                  +++++++++

error[E0609]: no field `cols` on type `std::option::Option<VwapDeviceArrayF32>`
    --> src/indicators/moving_averages/vwap.rs:2714:33
     |
2714 |                 strides: [inner.cols as i64, 1],
     |                                 ^^^^ unknown field
     |
help: one of the expressions' fields has a field of the same name
     |
2714 |                 strides: [inner.unwrap().cols as i64, 1],
     |                                 +++++++++

error[E0308]: mismatched types
    --> src/indicators/moving_averages/vwap.rs:2715:22
     |
2715 |                 arr: inner,
     |                      ^^^^^ expected `VwapDeviceArrayF32`, found `Option<VwapDeviceArrayF32>`
     |
     = note: expected struct `VwapDeviceArrayF32`
                  found enum `std::option::Option<VwapDeviceArrayF32>`
help: consider using `Option::expect` to unwrap the `std::option::Option<VwapDeviceArrayF32>` value, panicking if the value is an `Option::None`
     |
2715 |                 arr: inner.expect("REASON"),
     |                           +++++++++++++++++

error[E0609]: no field `rows` on type `std::option::Option<VwapDeviceArrayF32>`
    --> src/indicators/moving_averages/vwap.rs:2745:31
     |
2745 |                 shape: [inner.rows as i64, inner.cols as i64],
     |                               ^^^^ unknown field
     |
help: one of the expressions' fields has a field of the same name
     |
2745 |                 shape: [inner.unwrap().rows as i64, inner.cols as i64],
     |                               +++++++++

error[E0609]: no field `cols` on type `std::option::Option<VwapDeviceArrayF32>`
    --> src/indicators/moving_averages/vwap.rs:2745:50
     |
2745 |                 shape: [inner.rows as i64, inner.cols as i64],
     |                                                  ^^^^ unknown field
     |
help: one of the expressions' fields has a field of the same name
     |
2745 |                 shape: [inner.rows as i64, inner.unwrap().cols as i64],
     |                                                  +++++++++

error[E0609]: no field `cols` on type `std::option::Option<VwapDeviceArrayF32>`
    --> src/indicators/moving_averages/vwap.rs:2746:33
     |
2746 |                 strides: [inner.cols as i64, 1],
     |                                 ^^^^ unknown field
     |
help: one of the expressions' fields has a field of the same name
     |
2746 |                 strides: [inner.unwrap().cols as i64, 1],
     |                                 +++++++++

error[E0308]: mismatched types
    --> src/indicators/moving_averages/vwap.rs:2747:22
     |
2747 |                 arr: inner,
     |                      ^^^^^ expected `VwapDeviceArrayF32`, found `Option<VwapDeviceArrayF32>`
     |
     = note: expected struct `VwapDeviceArrayF32`
                  found enum `std::option::Option<VwapDeviceArrayF32>`
help: consider using `Option::expect` to unwrap the `std::option::Option<VwapDeviceArrayF32>` value, panicking if the value is an `Option::None`
     |
2747 |                 arr: inner.expect("REASON"),
     |                           +++++++++++++++++

error[E0277]: `?` couldn't convert the error to `pyo3::PyErr`
    --> src/indicators/moving_averages/vwap.rs:2772:70
     |
2772 |         let device = cust::device::Device::get_device(self.device_id)?;
     |                      ------------------------------------------------^ the trait `From<CudaError>` is not implemented for `pyo3::PyErr`
     |                      |
     |                      this can't be annotated with `?` because it has type `Result<_, CudaError>`
     |
     = note: the question mark operation (`?`) implicitly performs a conversion on the error value using the `From` trait
     = help: the following other types implement trait `From<T>`:
               `pyo3::PyErr` implements `From<AddrParseError>`
               `pyo3::PyErr` implements `From<AtrError>`
               `pyo3::PyErr` implements `From<DecodeUtf16Error>`
               `pyo3::PyErr` implements `From<DowncastError<'_, '_>>`
               `pyo3::PyErr` implements `From<DowncastIntoError<'_>>`
               `pyo3::PyErr` implements `From<FromUtf16Error>`
               `pyo3::PyErr` implements `From<FromVecError>`
               `pyo3::PyErr` implements `From<Infallible>`
             and 18 others

error[E0277]: `?` couldn't convert the error to `pyo3::PyErr`
    --> src/indicators/moving_averages/vwap.rs:2773:54
     |
2773 |         let ctx = cust::context::Context::new(device)?;
     |                   -----------------------------------^ the trait `From<CudaError>` is not implemented for `pyo3::PyErr`
     |                   |
     |                   this can't be annotated with `?` because it has type `Result<_, CudaError>`
     |
     = note: the question mark operation (`?`) implicitly performs a conversion on the error value using the `From` trait
     = help: the following other types implement trait `From<T>`:
               `pyo3::PyErr` implements `From<AddrParseError>`
               `pyo3::PyErr` implements `From<AtrError>`
               `pyo3::PyErr` implements `From<DecodeUtf16Error>`
               `pyo3::PyErr` implements `From<DowncastError<'_, '_>>`
               `pyo3::PyErr` implements `From<DowncastIntoError<'_>>`
               `pyo3::PyErr` implements `From<FromUtf16Error>`
               `pyo3::PyErr` implements `From<FromVecError>`
               `pyo3::PyErr` implements `From<Infallible>`
             and 18 others

error: cannot construct `alma::DeviceArrayF32Py` with struct literal syntax due to private fields
    --> src/indicators/msw.rs:2819:9
     |
2819 |     Ok((DeviceArrayF32Py { inner }, dict))
     |         ^^^^^^^^^^^^^^^^
     |
     = note: ...and other private fields `device_id` and `pc_guard` that were not provided

error: cannot construct `alma::DeviceArrayF32Py` with struct literal syntax due to private fields
    --> src/indicators/msw.rs:2850:8
     |
2850 |     Ok(DeviceArrayF32Py { inner })
     |        ^^^^^^^^^^^^^^^^
     |
     = note: ...and other private fields `device_id` and `pc_guard` that were not provided

error: cannot construct `alma::DeviceArrayF32Py` with struct literal syntax due to private fields
    --> src/indicators/nadaraya_watson_envelope.rs:1696:21
     |
1696 |         Py::new(py, DeviceArrayF32Py { inner: pair.upper })?,
     |                     ^^^^^^^^^^^^^^^^
     |
     = note: ...and other private fields `device_id` and `pc_guard` that were not provided

error: cannot construct `alma::DeviceArrayF32Py` with struct literal syntax due to private fields
    --> src/indicators/nadaraya_watson_envelope.rs:1700:21
     |
1700 |         Py::new(py, DeviceArrayF32Py { inner: pair.lower })?,
     |                     ^^^^^^^^^^^^^^^^
     |
     = note: ...and other private fields `device_id` and `pc_guard` that were not provided

error: cannot construct `alma::DeviceArrayF32Py` with struct literal syntax due to private fields
    --> src/indicators/nadaraya_watson_envelope.rs:1750:21
     |
1750 |         Py::new(py, DeviceArrayF32Py { inner: pair.upper })?,
     |                     ^^^^^^^^^^^^^^^^
     |
     = note: ...and other private fields `device_id` and `pc_guard` that were not provided

error: cannot construct `alma::DeviceArrayF32Py` with struct literal syntax due to private fields
    --> src/indicators/nadaraya_watson_envelope.rs:1754:21
     |
1754 |         Py::new(py, DeviceArrayF32Py { inner: pair.lower })?,
     |                     ^^^^^^^^^^^^^^^^
     |
     = note: ...and other private fields `device_id` and `pc_guard` that were not provided

error: cannot construct `alma::DeviceArrayF32Py` with struct literal syntax due to private fields
    --> src/indicators/natr.rs:2683:8
     |
2683 |     Ok(DeviceArrayF32Py { inner })
     |        ^^^^^^^^^^^^^^^^
     |
     = note: ...and other private fields `device_id` and `pc_guard` that were not provided

error: cannot construct `alma::DeviceArrayF32Py` with struct literal syntax due to private fields
    --> src/indicators/natr.rs:2716:8
     |
2716 |     Ok(DeviceArrayF32Py { inner })
     |        ^^^^^^^^^^^^^^^^
     |
     = note: ...and other private fields `device_id` and `pc_guard` that were not provided

error: cannot construct `alma::DeviceArrayF32Py` with struct literal syntax due to private fields
    --> src/indicators/net_myrsi.rs:1280:8
     |
1280 |     Ok(DeviceArrayF32Py { inner })
     |        ^^^^^^^^^^^^^^^^
     |
     = note: ...and other private fields `device_id` and `pc_guard` that were not provided

error: cannot construct `alma::DeviceArrayF32Py` with struct literal syntax due to private fields
    --> src/indicators/net_myrsi.rs:1309:8
     |
1309 |     Ok(DeviceArrayF32Py { inner })
     |        ^^^^^^^^^^^^^^^^
     |
     = note: ...and other private fields `device_id` and `pc_guard` that were not provided

error: cannot construct `alma::DeviceArrayF32Py` with struct literal syntax due to private fields
    --> src/indicators/nvi.rs:1441:8
     |
1441 |     Ok(DeviceArrayF32Py { inner })
     |        ^^^^^^^^^^^^^^^^
     |
     = note: ...and other private fields `device_id` and `pc_guard` that were not provided

error: cannot construct `alma::DeviceArrayF32Py` with struct literal syntax due to private fields
    --> src/indicators/nvi.rs:1465:8
     |
1465 |     Ok(DeviceArrayF32Py { inner })
     |        ^^^^^^^^^^^^^^^^
     |
     = note: ...and other private fields `device_id` and `pc_guard` that were not provided

error: cannot construct `alma::DeviceArrayF32Py` with struct literal syntax due to private fields
    --> src/indicators/obv.rs:1350:8
     |
1350 |     Ok(DeviceArrayF32Py { inner })
     |        ^^^^^^^^^^^^^^^^
     |
     = note: ...and other private fields `device_id` and `pc_guard` that were not provided

error: cannot construct `alma::DeviceArrayF32Py` with struct literal syntax due to private fields
    --> src/indicators/obv.rs:1381:8
     |
1381 |     Ok(DeviceArrayF32Py { inner })
     |        ^^^^^^^^^^^^^^^^
     |
     = note: ...and other private fields `device_id` and `pc_guard` that were not provided

error: cannot construct `alma::DeviceArrayF32Py` with struct literal syntax due to private fields
    --> src/indicators/ott.rs:1865:8
     |
1865 |     Ok(DeviceArrayF32Py { inner })
     |        ^^^^^^^^^^^^^^^^
     |
     = note: ...and other private fields `device_id` and `pc_guard` that were not provided

error: cannot construct `alma::DeviceArrayF32Py` with struct literal syntax due to private fields
    --> src/indicators/ott.rs:1896:8
     |
1896 |     Ok(DeviceArrayF32Py { inner })
     |        ^^^^^^^^^^^^^^^^
     |
     = note: ...and other private fields `device_id` and `pc_guard` that were not provided

error: cannot construct `alma::DeviceArrayF32Py` with struct literal syntax due to private fields
    --> src/indicators/otto.rs:2278:9
     |
2278 |         DeviceArrayF32Py { inner: hott },
     |         ^^^^^^^^^^^^^^^^
     |
     = note: ...and other private fields `device_id` and `pc_guard` that were not provided

error: cannot construct `alma::DeviceArrayF32Py` with struct literal syntax due to private fields
    --> src/indicators/otto.rs:2279:9
     |
2279 |         DeviceArrayF32Py { inner: lott },
     |         ^^^^^^^^^^^^^^^^
     |
     = note: ...and other private fields `device_id` and `pc_guard` that were not provided

error: cannot construct `alma::DeviceArrayF32Py` with struct literal syntax due to private fields
    --> src/indicators/otto.rs:2319:9
     |
2319 |         DeviceArrayF32Py { inner: hott },
     |         ^^^^^^^^^^^^^^^^
     |
     = note: ...and other private fields `device_id` and `pc_guard` that were not provided

error: cannot construct `alma::DeviceArrayF32Py` with struct literal syntax due to private fields
    --> src/indicators/otto.rs:2320:9
     |
2320 |         DeviceArrayF32Py { inner: lott },
     |         ^^^^^^^^^^^^^^^^
     |
     = note: ...and other private fields `device_id` and `pc_guard` that were not provided

error: cannot construct `alma::DeviceArrayF32Py` with struct literal syntax due to private fields
    --> src/indicators/percentile_nearest_rank.rs:2102:9
     |
2102 |     Ok((DeviceArrayF32Py { inner }, dict))
     |         ^^^^^^^^^^^^^^^^
     |
     = note: ...and other private fields `device_id` and `pc_guard` that were not provided

error: cannot construct `alma::DeviceArrayF32Py` with struct literal syntax due to private fields
    --> src/indicators/percentile_nearest_rank.rs:2127:8
     |
2127 |     Ok(DeviceArrayF32Py { inner })
     |        ^^^^^^^^^^^^^^^^
     |
     = note: ...and other private fields `device_id` and `pc_guard` that were not provided

error: cannot construct `alma::DeviceArrayF32Py` with struct literal syntax due to private fields
    --> src/indicators/pfe.rs:1369:8
     |
1369 |     Ok(DeviceArrayF32Py { inner })
     |        ^^^^^^^^^^^^^^^^
     |
     = note: ...and other private fields `device_id` and `pc_guard` that were not provided

error: cannot construct `alma::DeviceArrayF32Py` with struct literal syntax due to private fields
    --> src/indicators/pfe.rs:1394:8
     |
1394 |     Ok(DeviceArrayF32Py { inner })
     |        ^^^^^^^^^^^^^^^^
     |
     = note: ...and other private fields `device_id` and `pc_guard` that were not provided

error: cannot construct `alma::DeviceArrayF32Py` with struct literal syntax due to private fields
    --> src/indicators/pivot.rs:2201:9
     |
2201 |     Ok((DeviceArrayF32Py { inner }, dict))
     |         ^^^^^^^^^^^^^^^^
     |
     = note: ...and other private fields `device_id` and `pc_guard` that were not provided

error: cannot construct `alma::DeviceArrayF32Py` with struct literal syntax due to private fields
    --> src/indicators/pivot.rs:2231:8
     |
2231 |     Ok(DeviceArrayF32Py { inner })
     |        ^^^^^^^^^^^^^^^^
     |
     = note: ...and other private fields `device_id` and `pc_guard` that were not provided

error: cannot construct `alma::DeviceArrayF32Py` with struct literal syntax due to private fields
    --> src/indicators/pma.rs:1240:9
     |
1240 |         DeviceArrayF32Py {
     |         ^^^^^^^^^^^^^^^^
     |
     = note: ...and other private fields `device_id` and `pc_guard` that were not provided

error: cannot construct `alma::DeviceArrayF32Py` with struct literal syntax due to private fields
    --> src/indicators/pma.rs:1243:9
     |
1243 |         DeviceArrayF32Py {
     |         ^^^^^^^^^^^^^^^^
     |
     = note: ...and other private fields `device_id` and `pc_guard` that were not provided

error: cannot construct `alma::DeviceArrayF32Py` with struct literal syntax due to private fields
    --> src/indicators/pma.rs:1273:9
     |
1273 |         DeviceArrayF32Py {
     |         ^^^^^^^^^^^^^^^^
     |
     = note: ...and other private fields `device_id` and `pc_guard` that were not provided

error: cannot construct `alma::DeviceArrayF32Py` with struct literal syntax due to private fields
    --> src/indicators/pma.rs:1276:9
     |
1276 |         DeviceArrayF32Py {
     |         ^^^^^^^^^^^^^^^^
     |
     = note: ...and other private fields `device_id` and `pc_guard` that were not provided

error: cannot construct `alma::DeviceArrayF32Py` with struct literal syntax due to private fields
    --> src/indicators/ppo.rs:2432:9
     |
2432 |         crate::indicators::moving_averages::alma::DeviceArrayF32Py { inner },
     |         ^^^^^^^^^^^^^^^^^^^^^^^^^^^^^^^^^^^^^^^^^^^^^^^^^^^^^^^^^^
     |
     = note: ...and other private fields `device_id` and `pc_guard` that were not provided

error: cannot construct `alma::DeviceArrayF32Py` with struct literal syntax due to private fields
    --> src/indicators/ppo.rs:2472:8
     |
2472 |     Ok(crate::indicators::moving_averages::alma::DeviceArrayF32Py { inner })
     |        ^^^^^^^^^^^^^^^^^^^^^^^^^^^^^^^^^^^^^^^^^^^^^^^^^^^^^^^^^^
     |
     = note: ...and other private fields `device_id` and `pc_guard` that were not provided

error: cannot construct `alma::DeviceArrayF32Py` with struct literal syntax due to private fields
    --> src/indicators/prb.rs:2549:9
     |
2549 |         DeviceArrayF32Py { inner: main_d },
     |         ^^^^^^^^^^^^^^^^
     |
     = note: ...and other private fields `device_id` and `pc_guard` that were not provided

error: cannot construct `alma::DeviceArrayF32Py` with struct literal syntax due to private fields
    --> src/indicators/prb.rs:2550:9
     |
2550 |         DeviceArrayF32Py { inner: up_d },
     |         ^^^^^^^^^^^^^^^^
     |
     = note: ...and other private fields `device_id` and `pc_guard` that were not provided

error: cannot construct `alma::DeviceArrayF32Py` with struct literal syntax due to private fields
    --> src/indicators/prb.rs:2551:9
     |
2551 |         DeviceArrayF32Py { inner: lo_d },
     |         ^^^^^^^^^^^^^^^^
     |
     = note: ...and other private fields `device_id` and `pc_guard` that were not provided

error: cannot construct `alma::DeviceArrayF32Py` with struct literal syntax due to private fields
    --> src/indicators/prb.rs:2590:9
     |
2590 |         DeviceArrayF32Py { inner: m_d },
     |         ^^^^^^^^^^^^^^^^
     |
     = note: ...and other private fields `device_id` and `pc_guard` that were not provided

error: cannot construct `alma::DeviceArrayF32Py` with struct literal syntax due to private fields
    --> src/indicators/prb.rs:2591:9
     |
2591 |         DeviceArrayF32Py { inner: u_d },
     |         ^^^^^^^^^^^^^^^^
     |
     = note: ...and other private fields `device_id` and `pc_guard` that were not provided

error: cannot construct `alma::DeviceArrayF32Py` with struct literal syntax due to private fields
    --> src/indicators/prb.rs:2592:9
     |
2592 |         DeviceArrayF32Py { inner: l_d },
     |         ^^^^^^^^^^^^^^^^
     |
     = note: ...and other private fields `device_id` and `pc_guard` that were not provided

error: cannot construct `alma::DeviceArrayF32Py` with struct literal syntax due to private fields
    --> src/indicators/pvi.rs:2117:8
     |
2117 |     Ok(DeviceArrayF32Py { inner })
     |        ^^^^^^^^^^^^^^^^
     |
     = note: ...and other private fields `device_id` and `pc_guard` that were not provided

error: cannot construct `alma::DeviceArrayF32Py` with struct literal syntax due to private fields
    --> src/indicators/pvi.rs:2148:8
     |
2148 |     Ok(DeviceArrayF32Py { inner })
     |        ^^^^^^^^^^^^^^^^
     |
     = note: ...and other private fields `device_id` and `pc_guard` that were not provided

error: cannot construct `alma::DeviceArrayF32Py` with struct literal syntax due to private fields
    --> src/indicators/qqe.rs:1648:9
     |
1648 |     Ok((DeviceArrayF32Py { inner }, dict))
     |         ^^^^^^^^^^^^^^^^
     |
     = note: ...and other private fields `device_id` and `pc_guard` that were not provided

error: cannot construct `alma::DeviceArrayF32Py` with struct literal syntax due to private fields
    --> src/indicators/qqe.rs:1683:8
     |
1683 |     Ok(DeviceArrayF32Py { inner })
     |        ^^^^^^^^^^^^^^^^
     |
     = note: ...and other private fields `device_id` and `pc_guard` that were not provided

error: cannot construct `alma::DeviceArrayF32Py` with struct literal syntax due to private fields
    --> src/indicators/qstick.rs:1984:8
     |
1984 |     Ok(DeviceArrayF32Py { inner })
     |        ^^^^^^^^^^^^^^^^
     |
     = note: ...and other private fields `device_id` and `pc_guard` that were not provided

error: cannot construct `alma::DeviceArrayF32Py` with struct literal syntax due to private fields
    --> src/indicators/qstick.rs:2017:8
     |
2017 |     Ok(DeviceArrayF32Py { inner })
     |        ^^^^^^^^^^^^^^^^
     |
     = note: ...and other private fields `device_id` and `pc_guard` that were not provided

error: cannot construct `alma::DeviceArrayF32Py` with struct literal syntax due to private fields
    --> src/indicators/range_filter.rs:1654:13
     |
1654 |             DeviceArrayF32Py {
     |             ^^^^^^^^^^^^^^^^
     |
     = note: ...and other private fields `device_id` and `pc_guard` that were not provided

error: cannot construct `alma::DeviceArrayF32Py` with struct literal syntax due to private fields
    --> src/indicators/range_filter.rs:1667:13
     |
1667 |             DeviceArrayF32Py {
     |             ^^^^^^^^^^^^^^^^
     |
     = note: ...and other private fields `device_id` and `pc_guard` that were not provided

error: cannot construct `alma::DeviceArrayF32Py` with struct literal syntax due to private fields
    --> src/indicators/range_filter.rs:1680:13
     |
1680 |             DeviceArrayF32Py {
     |             ^^^^^^^^^^^^^^^^
     |
     = note: ...and other private fields `device_id` and `pc_guard` that were not provided

error: cannot construct `alma::DeviceArrayF32Py` with struct literal syntax due to private fields
    --> src/indicators/range_filter.rs:1763:13
     |
1763 |             DeviceArrayF32Py {
     |             ^^^^^^^^^^^^^^^^
     |
     = note: ...and other private fields `device_id` and `pc_guard` that were not provided

error: cannot construct `alma::DeviceArrayF32Py` with struct literal syntax due to private fields
    --> src/indicators/range_filter.rs:1776:13
     |
1776 |             DeviceArrayF32Py {
     |             ^^^^^^^^^^^^^^^^
     |
     = note: ...and other private fields `device_id` and `pc_guard` that were not provided

error: cannot construct `alma::DeviceArrayF32Py` with struct literal syntax due to private fields
    --> src/indicators/range_filter.rs:1789:13
     |
1789 |             DeviceArrayF32Py {
     |             ^^^^^^^^^^^^^^^^
     |
     = note: ...and other private fields `device_id` and `pc_guard` that were not provided

error: cannot construct `alma::DeviceArrayF32Py` with struct literal syntax due to private fields
    --> src/indicators/reverse_rsi.rs:1606:9
     |
1606 |     Ok((DeviceArrayF32Py { inner }, dict))
     |         ^^^^^^^^^^^^^^^^
     |
     = note: ...and other private fields `device_id` and `pc_guard` that were not provided

error: cannot construct `alma::DeviceArrayF32Py` with struct literal syntax due to private fields
    --> src/indicators/reverse_rsi.rs:1635:8
     |
1635 |     Ok(DeviceArrayF32Py { inner })
     |        ^^^^^^^^^^^^^^^^
     |
     = note: ...and other private fields `device_id` and `pc_guard` that were not provided

error: cannot construct `alma::DeviceArrayF32Py` with struct literal syntax due to private fields
    --> src/indicators/rocp.rs:1114:9
     |
1114 |     Ok((DeviceArrayF32Py { inner }, dict))
     |         ^^^^^^^^^^^^^^^^
     |
     = note: ...and other private fields `device_id` and `pc_guard` that were not provided

error: cannot construct `alma::DeviceArrayF32Py` with struct literal syntax due to private fields
    --> src/indicators/rocp.rs:1138:8
     |
1138 |     Ok(DeviceArrayF32Py { inner })
     |        ^^^^^^^^^^^^^^^^
     |
     = note: ...and other private fields `device_id` and `pc_guard` that were not provided

error: cannot construct `alma::DeviceArrayF32Py` with struct literal syntax due to private fields
    --> src/indicators/rocr.rs:1145:8
     |
1145 |     Ok(DeviceArrayF32Py { inner })
     |        ^^^^^^^^^^^^^^^^
     |
     = note: ...and other private fields `device_id` and `pc_guard` that were not provided

error: cannot construct `alma::DeviceArrayF32Py` with struct literal syntax due to private fields
    --> src/indicators/rocr.rs:1172:8
     |
1172 |     Ok(DeviceArrayF32Py { inner })
     |        ^^^^^^^^^^^^^^^^
     |
     = note: ...and other private fields `device_id` and `pc_guard` that were not provided

error: cannot construct `alma::DeviceArrayF32Py` with struct literal syntax due to private fields
    --> src/indicators/rsi.rs:2077:9
     |
2077 |         crate::indicators::moving_averages::alma::DeviceArrayF32Py { inner },
     |         ^^^^^^^^^^^^^^^^^^^^^^^^^^^^^^^^^^^^^^^^^^^^^^^^^^^^^^^^^^
     |
     = note: ...and other private fields `device_id` and `pc_guard` that were not provided

error: cannot construct `alma::DeviceArrayF32Py` with struct literal syntax due to private fields
    --> src/indicators/rsi.rs:2106:8
     |
2106 |     Ok(crate::indicators::moving_averages::alma::DeviceArrayF32Py { inner })
     |        ^^^^^^^^^^^^^^^^^^^^^^^^^^^^^^^^^^^^^^^^^^^^^^^^^^^^^^^^^^
     |
     = note: ...and other private fields `device_id` and `pc_guard` that were not provided

error: cannot construct `alma::DeviceArrayF32Py` with struct literal syntax due to private fields
    --> src/indicators/rsmk.rs:2411:9
     |
2411 |         DeviceArrayF32Py { inner: pair.a },
     |         ^^^^^^^^^^^^^^^^
     |
     = note: ...and other private fields `device_id` and `pc_guard` that were not provided

error: cannot construct `alma::DeviceArrayF32Py` with struct literal syntax due to private fields
    --> src/indicators/rsmk.rs:2412:9
     |
2412 |         DeviceArrayF32Py { inner: pair.b },
     |         ^^^^^^^^^^^^^^^^
     |
     = note: ...and other private fields `device_id` and `pc_guard` that were not provided

error: cannot construct `alma::DeviceArrayF32Py` with struct literal syntax due to private fields
    --> src/indicators/rsmk.rs:2448:9
     |
2448 |         DeviceArrayF32Py { inner: pair.a },
     |         ^^^^^^^^^^^^^^^^
     |
     = note: ...and other private fields `device_id` and `pc_guard` that were not provided

error: cannot construct `alma::DeviceArrayF32Py` with struct literal syntax due to private fields
    --> src/indicators/rsmk.rs:2449:9
     |
2449 |         DeviceArrayF32Py { inner: pair.b },
     |         ^^^^^^^^^^^^^^^^
     |
     = note: ...and other private fields `device_id` and `pc_guard` that were not provided

error: cannot construct `alma::DeviceArrayF32Py` with struct literal syntax due to private fields
    --> src/indicators/rsx.rs:2065:8
     |
2065 |     Ok(DeviceArrayF32Py { inner })
     |        ^^^^^^^^^^^^^^^^
     |
     = note: ...and other private fields `device_id` and `pc_guard` that were not provided

error: cannot construct `alma::DeviceArrayF32Py` with struct literal syntax due to private fields
    --> src/indicators/rsx.rs:2094:8
     |
2094 |     Ok(DeviceArrayF32Py { inner })
     |        ^^^^^^^^^^^^^^^^
     |
     = note: ...and other private fields `device_id` and `pc_guard` that were not provided

error: cannot construct `alma::DeviceArrayF32Py` with struct literal syntax due to private fields
    --> src/indicators/rvi.rs:3799:9
     |
3799 |     Ok((DeviceArrayF32Py { inner }, dict))
     |         ^^^^^^^^^^^^^^^^
     |
     = note: ...and other private fields `device_id` and `pc_guard` that were not provided

error: cannot construct `alma::DeviceArrayF32Py` with struct literal syntax due to private fields
    --> src/indicators/rvi.rs:3832:8
     |
3832 |     Ok(DeviceArrayF32Py { inner })
     |        ^^^^^^^^^^^^^^^^
     |
     = note: ...and other private fields `device_id` and `pc_guard` that were not provided

error: cannot construct `alma::DeviceArrayF32Py` with struct literal syntax due to private fields
    --> src/indicators/safezonestop.rs:2951:9
     |
2951 |     Ok((DeviceArrayF32Py { inner }, dict))
     |         ^^^^^^^^^^^^^^^^
     |
     = note: ...and other private fields `device_id` and `pc_guard` that were not provided

error: cannot construct `alma::DeviceArrayF32Py` with struct literal syntax due to private fields
    --> src/indicators/safezonestop.rs:2989:8
     |
2989 |     Ok(DeviceArrayF32Py { inner })
     |        ^^^^^^^^^^^^^^^^
     |
     = note: ...and other private fields `device_id` and `pc_guard` that were not provided

error: cannot construct `alma::DeviceArrayF32Py` with struct literal syntax due to private fields
    --> src/indicators/sar.rs:1402:8
     |
1402 |     Ok(DeviceArrayF32Py { inner })
     |        ^^^^^^^^^^^^^^^^
     |
     = note: ...and other private fields `device_id` and `pc_guard` that were not provided

error: cannot construct `alma::DeviceArrayF32Py` with struct literal syntax due to private fields
    --> src/indicators/sar.rs:1440:8
     |
1440 |     Ok(DeviceArrayF32Py { inner })
     |        ^^^^^^^^^^^^^^^^
     |
     = note: ...and other private fields `device_id` and `pc_guard` that were not provided

error: cannot construct `alma::DeviceArrayF32Py` with struct literal syntax due to private fields
    --> src/indicators/squeeze_momentum.rs:2206:9
     |
2206 |         DeviceArrayF32Py { inner: sq },
     |         ^^^^^^^^^^^^^^^^
     |
     = note: ...and other private fields `device_id` and `pc_guard` that were not provided

error: cannot construct `alma::DeviceArrayF32Py` with struct literal syntax due to private fields
    --> src/indicators/squeeze_momentum.rs:2207:9
     |
2207 |         DeviceArrayF32Py { inner: mo },
     |         ^^^^^^^^^^^^^^^^
     |
     = note: ...and other private fields `device_id` and `pc_guard` that were not provided

error: cannot construct `alma::DeviceArrayF32Py` with struct literal syntax due to private fields
    --> src/indicators/squeeze_momentum.rs:2208:9
     |
2208 |         DeviceArrayF32Py { inner: si },
     |         ^^^^^^^^^^^^^^^^
     |
     = note: ...and other private fields `device_id` and `pc_guard` that were not provided

error: cannot construct `alma::DeviceArrayF32Py` with struct literal syntax due to private fields
    --> src/indicators/squeeze_momentum.rs:2243:9
     |
2243 |         DeviceArrayF32Py { inner: sq },
     |         ^^^^^^^^^^^^^^^^
     |
     = note: ...and other private fields `device_id` and `pc_guard` that were not provided

error: cannot construct `alma::DeviceArrayF32Py` with struct literal syntax due to private fields
    --> src/indicators/squeeze_momentum.rs:2244:9
     |
2244 |         DeviceArrayF32Py { inner: mo },
     |         ^^^^^^^^^^^^^^^^
     |
     = note: ...and other private fields `device_id` and `pc_guard` that were not provided

error: cannot construct `alma::DeviceArrayF32Py` with struct literal syntax due to private fields
    --> src/indicators/squeeze_momentum.rs:2245:9
     |
2245 |         DeviceArrayF32Py { inner: si },
     |         ^^^^^^^^^^^^^^^^
     |
     = note: ...and other private fields `device_id` and `pc_guard` that were not provided

error: cannot construct `alma::DeviceArrayF32Py` with struct literal syntax due to private fields
    --> src/indicators/srsi.rs:1591:13
     |
1591 |             super::moving_averages::alma::DeviceArrayF32Py { inner: pair.k },
     |             ^^^^^^^^^^^^^^^^^^^^^^^^^^^^^^^^^^^^^^^^^^^^^^
     |
     = note: ...and other private fields `device_id` and `pc_guard` that were not provided

error: cannot construct `alma::DeviceArrayF32Py` with struct literal syntax due to private fields
    --> src/indicators/srsi.rs:1598:13
     |
1598 |             super::moving_averages::alma::DeviceArrayF32Py { inner: pair.d },
     |             ^^^^^^^^^^^^^^^^^^^^^^^^^^^^^^^^^^^^^^^^^^^^^^
     |
     = note: ...and other private fields `device_id` and `pc_guard` that were not provided

error: cannot construct `alma::DeviceArrayF32Py` with struct literal syntax due to private fields
    --> src/indicators/srsi.rs:1680:13
     |
1680 |             super::moving_averages::alma::DeviceArrayF32Py { inner: pair.k },
     |             ^^^^^^^^^^^^^^^^^^^^^^^^^^^^^^^^^^^^^^^^^^^^^^
     |
     = note: ...and other private fields `device_id` and `pc_guard` that were not provided

error: cannot construct `alma::DeviceArrayF32Py` with struct literal syntax due to private fields
    --> src/indicators/srsi.rs:1687:13
     |
1687 |             super::moving_averages::alma::DeviceArrayF32Py { inner: pair.d },
     |             ^^^^^^^^^^^^^^^^^^^^^^^^^^^^^^^^^^^^^^^^^^^^^^
     |
     = note: ...and other private fields `device_id` and `pc_guard` that were not provided

error: cannot construct `alma::DeviceArrayF32Py` with struct literal syntax due to private fields
    --> src/indicators/stc.rs:2145:9
     |
2145 |     Ok((DeviceArrayF32Py { inner }, dict))
     |         ^^^^^^^^^^^^^^^^
     |
     = note: ...and other private fields `device_id` and `pc_guard` that were not provided

error: cannot construct `alma::DeviceArrayF32Py` with struct literal syntax due to private fields
    --> src/indicators/stc.rs:2180:8
     |
2180 |     Ok(DeviceArrayF32Py { inner })
     |        ^^^^^^^^^^^^^^^^
     |
     = note: ...and other private fields `device_id` and `pc_guard` that were not provided

error: cannot construct `alma::DeviceArrayF32Py` with struct literal syntax due to private fields
    --> src/indicators/stddev.rs:1344:8
     |
1344 |     Ok(DeviceArrayF32Py { inner })
     |        ^^^^^^^^^^^^^^^^
     |
     = note: ...and other private fields `device_id` and `pc_guard` that were not provided

error: cannot construct `alma::DeviceArrayF32Py` with struct literal syntax due to private fields
    --> src/indicators/stddev.rs:1370:8
     |
1370 |     Ok(DeviceArrayF32Py { inner })
     |        ^^^^^^^^^^^^^^^^
     |
     = note: ...and other private fields `device_id` and `pc_guard` that were not provided

error: cannot construct `alma::DeviceArrayF32Py` with struct literal syntax due to private fields
    --> src/indicators/stoch.rs:1970:9
     |
1970 |     Ok((DeviceArrayF32Py { inner: k }, DeviceArrayF32Py { inner: d }))
     |         ^^^^^^^^^^^^^^^^
     |
     = note: ...and other private fields `device_id` and `pc_guard` that were not provided

error: cannot construct `alma::DeviceArrayF32Py` with struct literal syntax due to private fields
    --> src/indicators/stoch.rs:1970:40
     |
1970 |     Ok((DeviceArrayF32Py { inner: k }, DeviceArrayF32Py { inner: d }))
     |                                        ^^^^^^^^^^^^^^^^
     |
     = note: ...and other private fields `device_id` and `pc_guard` that were not provided

error: cannot construct `alma::DeviceArrayF32Py` with struct literal syntax due to private fields
    --> src/indicators/stoch.rs:2010:9
     |
2010 |     Ok((DeviceArrayF32Py { inner: k }, DeviceArrayF32Py { inner: d }))
     |         ^^^^^^^^^^^^^^^^
     |
     = note: ...and other private fields `device_id` and `pc_guard` that were not provided

error: cannot construct `alma::DeviceArrayF32Py` with struct literal syntax due to private fields
    --> src/indicators/stoch.rs:2010:40
     |
2010 |     Ok((DeviceArrayF32Py { inner: k }, DeviceArrayF32Py { inner: d }))
     |                                        ^^^^^^^^^^^^^^^^
     |
     = note: ...and other private fields `device_id` and `pc_guard` that were not provided

error: cannot construct `alma::DeviceArrayF32Py` with struct literal syntax due to private fields
    --> src/indicators/stochf.rs:2330:9
     |
2330 |         DeviceArrayF32Py { inner: pair.a },
     |         ^^^^^^^^^^^^^^^^
     |
     = note: ...and other private fields `device_id` and `pc_guard` that were not provided

error: cannot construct `alma::DeviceArrayF32Py` with struct literal syntax due to private fields
    --> src/indicators/stochf.rs:2331:9
     |
2331 |         DeviceArrayF32Py { inner: pair.b },
     |         ^^^^^^^^^^^^^^^^
     |
     = note: ...and other private fields `device_id` and `pc_guard` that were not provided

error: cannot construct `alma::DeviceArrayF32Py` with struct literal syntax due to private fields
    --> src/indicators/stochf.rs:2366:9
     |
2366 |     Ok((DeviceArrayF32Py { inner: k }, DeviceArrayF32Py { inner: d }))
     |         ^^^^^^^^^^^^^^^^
     |
     = note: ...and other private fields `device_id` and `pc_guard` that were not provided

error: cannot construct `alma::DeviceArrayF32Py` with struct literal syntax due to private fields
    --> src/indicators/stochf.rs:2366:40
     |
2366 |     Ok((DeviceArrayF32Py { inner: k }, DeviceArrayF32Py { inner: d }))
     |                                        ^^^^^^^^^^^^^^^^
     |
     = note: ...and other private fields `device_id` and `pc_guard` that were not provided

error: cannot construct `alma::DeviceArrayF32Py` with struct literal syntax due to private fields
    --> src/indicators/supertrend.rs:1096:40
     |
1096 |     dict.set_item("trend", Py::new(py, DeviceArrayF32Py { inner: trend })?)?;
     |                                        ^^^^^^^^^^^^^^^^
     |
     = note: ...and other private fields `device_id` and `pc_guard` that were not provided

error: cannot construct `alma::DeviceArrayF32Py` with struct literal syntax due to private fields
    --> src/indicators/supertrend.rs:1097:42
     |
1097 |     dict.set_item("changed", Py::new(py, DeviceArrayF32Py { inner: changed })?)?;
     |                                          ^^^^^^^^^^^^^^^^
     |
     = note: ...and other private fields `device_id` and `pc_guard` that were not provided

error: cannot construct `alma::DeviceArrayF32Py` with struct literal syntax due to private fields
    --> src/indicators/supertrend.rs:1148:40
     |
1148 |     dict.set_item("trend", Py::new(py, DeviceArrayF32Py { inner: out.plus })?)?;
     |                                        ^^^^^^^^^^^^^^^^
     |
     = note: ...and other private fields `device_id` and `pc_guard` that were not provided

error: cannot construct `alma::DeviceArrayF32Py` with struct literal syntax due to private fields
    --> src/indicators/supertrend.rs:1151:21
     |
1151 |         Py::new(py, DeviceArrayF32Py { inner: out.minus })?,
     |                     ^^^^^^^^^^^^^^^^
     |
     = note: ...and other private fields `device_id` and `pc_guard` that were not provided

error: cannot construct `alma::DeviceArrayF32Py` with struct literal syntax due to private fields
    --> src/indicators/trix.rs:1199:9
     |
1199 |     Ok((DeviceArrayF32Py { inner }, dict))
     |         ^^^^^^^^^^^^^^^^
     |
     = note: ...and other private fields `device_id` and `pc_guard` that were not provided

error: cannot construct `alma::DeviceArrayF32Py` with struct literal syntax due to private fields
    --> src/indicators/trix.rs:1228:8
     |
1228 |     Ok(DeviceArrayF32Py { inner })
     |        ^^^^^^^^^^^^^^^^
     |
     = note: ...and other private fields `device_id` and `pc_guard` that were not provided

error: cannot construct `alma::DeviceArrayF32Py` with struct literal syntax due to private fields
    --> src/indicators/tsi.rs:2196:9
     |
2196 |     Ok((DeviceArrayF32Py { inner }, dict))
     |         ^^^^^^^^^^^^^^^^
     |
     = note: ...and other private fields `device_id` and `pc_guard` that were not provided

error: cannot construct `alma::DeviceArrayF32Py` with struct literal syntax due to private fields
    --> src/indicators/tsi.rs:2226:8
     |
2226 |     Ok(DeviceArrayF32Py { inner })
     |        ^^^^^^^^^^^^^^^^
     |
     = note: ...and other private fields `device_id` and `pc_guard` that were not provided

error: cannot construct `alma::DeviceArrayF32Py` with struct literal syntax due to private fields
    --> src/indicators/ttm_squeeze.rs:1577:9
     |
1577 |         DeviceArrayF32Py { inner: mo },
     |         ^^^^^^^^^^^^^^^^
     |
     = note: ...and other private fields `device_id` and `pc_guard` that were not provided

error: cannot construct `alma::DeviceArrayF32Py` with struct literal syntax due to private fields
    --> src/indicators/ttm_squeeze.rs:1578:9
     |
1578 |         DeviceArrayF32Py { inner: sq },
     |         ^^^^^^^^^^^^^^^^
     |
     = note: ...and other private fields `device_id` and `pc_guard` that were not provided

error: cannot construct `alma::DeviceArrayF32Py` with struct literal syntax due to private fields
    --> src/indicators/ttm_squeeze.rs:1614:9
     |
1614 |         DeviceArrayF32Py { inner: mo },
     |         ^^^^^^^^^^^^^^^^
     |
     = note: ...and other private fields `device_id` and `pc_guard` that were not provided

error: cannot construct `alma::DeviceArrayF32Py` with struct literal syntax due to private fields
    --> src/indicators/ttm_squeeze.rs:1615:9
     |
1615 |         DeviceArrayF32Py { inner: sq },
     |         ^^^^^^^^^^^^^^^^
     |
     = note: ...and other private fields `device_id` and `pc_guard` that were not provided

error: cannot construct `alma::DeviceArrayF32Py` with struct literal syntax due to private fields
    --> src/indicators/ttm_trend.rs:1079:8
     |
1079 |     Ok(DeviceArrayF32Py { inner })
     |        ^^^^^^^^^^^^^^^^
     |
     = note: ...and other private fields `device_id` and `pc_guard` that were not provided

error: cannot construct `alma::DeviceArrayF32Py` with struct literal syntax due to private fields
    --> src/indicators/ttm_trend.rs:1106:8
     |
1106 |     Ok(DeviceArrayF32Py { inner })
     |        ^^^^^^^^^^^^^^^^
     |
     = note: ...and other private fields `device_id` and `pc_guard` that were not provided

error: cannot construct `alma::DeviceArrayF32Py` with struct literal syntax due to private fields
    --> src/indicators/ui.rs:1582:8
     |
1582 |     Ok(DeviceArrayF32Py { inner })
     |        ^^^^^^^^^^^^^^^^
     |
     = note: ...and other private fields `device_id` and `pc_guard` that were not provided

error: cannot construct `alma::DeviceArrayF32Py` with struct literal syntax due to private fields
    --> src/indicators/ui.rs:1612:8
     |
1612 |     Ok(DeviceArrayF32Py { inner })
     |        ^^^^^^^^^^^^^^^^
     |
     = note: ...and other private fields `device_id` and `pc_guard` that were not provided

error: cannot construct `alma::DeviceArrayF32Py` with struct literal syntax due to private fields
    --> src/indicators/ultosc.rs:2326:8
     |
2326 |     Ok(DeviceArrayF32Py { inner })
     |        ^^^^^^^^^^^^^^^^
     |
     = note: ...and other private fields `device_id` and `pc_guard` that were not provided

error: cannot construct `alma::DeviceArrayF32Py` with struct literal syntax due to private fields
    --> src/indicators/ultosc.rs:2367:8
     |
2367 |     Ok(DeviceArrayF32Py { inner })
     |        ^^^^^^^^^^^^^^^^
     |
     = note: ...and other private fields `device_id` and `pc_guard` that were not provided

error: cannot construct `alma::DeviceArrayF32Py` with struct literal syntax due to private fields
    --> src/indicators/var.rs:2288:8
     |
2288 |     Ok(DeviceArrayF32Py { inner })
     |        ^^^^^^^^^^^^^^^^
     |
     = note: ...and other private fields `device_id` and `pc_guard` that were not provided

error: cannot construct `alma::DeviceArrayF32Py` with struct literal syntax due to private fields
    --> src/indicators/var.rs:2316:8
     |
2316 |     Ok(DeviceArrayF32Py { inner })
     |        ^^^^^^^^^^^^^^^^
     |
     = note: ...and other private fields `device_id` and `pc_guard` that were not provided

error: cannot construct `alma::DeviceArrayF32Py` with struct literal syntax due to private fields
    --> src/indicators/vi.rs:2716:39
     |
2716 |     dict.set_item("plus", Py::new(py, DeviceArrayF32Py { inner: pair.a })?)?;
     |                                       ^^^^^^^^^^^^^^^^
     |
     = note: ...and other private fields `device_id` and `pc_guard` that were not provided

error: cannot construct `alma::DeviceArrayF32Py` with struct literal syntax due to private fields
    --> src/indicators/vi.rs:2717:40
     |
2717 |     dict.set_item("minus", Py::new(py, DeviceArrayF32Py { inner: pair.b })?)?;
     |                                        ^^^^^^^^^^^^^^^^
     |
     = note: ...and other private fields `device_id` and `pc_guard` that were not provided

error: cannot construct `alma::DeviceArrayF32Py` with struct literal syntax due to private fields
    --> src/indicators/vi.rs:2769:39
     |
2769 |     dict.set_item("plus", Py::new(py, DeviceArrayF32Py { inner: pair.a })?)?;
     |                                       ^^^^^^^^^^^^^^^^
     |
     = note: ...and other private fields `device_id` and `pc_guard` that were not provided

error: cannot construct `alma::DeviceArrayF32Py` with struct literal syntax due to private fields
    --> src/indicators/vi.rs:2770:40
     |
2770 |     dict.set_item("minus", Py::new(py, DeviceArrayF32Py { inner: pair.b })?)?;
     |                                        ^^^^^^^^^^^^^^^^
     |
     = note: ...and other private fields `device_id` and `pc_guard` that were not provided

error: cannot construct `alma::DeviceArrayF32Py` with struct literal syntax due to private fields
    --> src/indicators/vidya.rs:2362:8
     |
2362 |     Ok(DeviceArrayF32Py { inner })
     |        ^^^^^^^^^^^^^^^^
     |
     = note: ...and other private fields `device_id` and `pc_guard` that were not provided

error: cannot construct `alma::DeviceArrayF32Py` with struct literal syntax due to private fields
    --> src/indicators/vidya.rs:2399:8
     |
2399 |     Ok(DeviceArrayF32Py { inner })
     |        ^^^^^^^^^^^^^^^^
     |
     = note: ...and other private fields `device_id` and `pc_guard` that were not provided

error: cannot construct `alma::DeviceArrayF32Py` with struct literal syntax due to private fields
    --> src/indicators/vlma.rs:1885:8
     |
1885 |     Ok(DeviceArrayF32Py { inner })
     |        ^^^^^^^^^^^^^^^^
     |
     = note: ...and other private fields `device_id` and `pc_guard` that were not provided

error: cannot construct `alma::DeviceArrayF32Py` with struct literal syntax due to private fields
    --> src/indicators/vlma.rs:1918:8
     |
1918 |     Ok(DeviceArrayF32Py { inner })
     |        ^^^^^^^^^^^^^^^^
     |
     = note: ...and other private fields `device_id` and `pc_guard` that were not provided

error: cannot construct `alma::DeviceArrayF32Py` with struct literal syntax due to private fields
    --> src/indicators/vosc.rs:1999:8
     |
1999 |     Ok(DeviceArrayF32Py { inner })
     |        ^^^^^^^^^^^^^^^^
     |
     = note: ...and other private fields `device_id` and `pc_guard` that were not provided

error: cannot construct `alma::DeviceArrayF32Py` with struct literal syntax due to private fields
    --> src/indicators/vosc.rs:2031:8
     |
2031 |     Ok(DeviceArrayF32Py { inner })
     |        ^^^^^^^^^^^^^^^^
     |
     = note: ...and other private fields `device_id` and `pc_guard` that were not provided

error: cannot construct `alma::DeviceArrayF32Py` with struct literal syntax due to private fields
    --> src/indicators/voss.rs:1393:39
     |
1393 |     dict.set_item("voss", Py::new(py, DeviceArrayF32Py { inner: voss_dev })?)?;
     |                                       ^^^^^^^^^^^^^^^^
     |
     = note: ...and other private fields `device_id` and `pc_guard` that were not provided

error: cannot construct `alma::DeviceArrayF32Py` with struct literal syntax due to private fields
    --> src/indicators/voss.rs:1394:39
     |
1394 |     dict.set_item("filt", Py::new(py, DeviceArrayF32Py { inner: filt_dev })?)?;
     |                                       ^^^^^^^^^^^^^^^^
     |
     = note: ...and other private fields `device_id` and `pc_guard` that were not provided

error: cannot construct `alma::DeviceArrayF32Py` with struct literal syntax due to private fields
    --> src/indicators/voss.rs:1455:9
     |
1455 |         DeviceArrayF32Py { inner: voss_dev },
     |         ^^^^^^^^^^^^^^^^
     |
     = note: ...and other private fields `device_id` and `pc_guard` that were not provided

error: cannot construct `alma::DeviceArrayF32Py` with struct literal syntax due to private fields
    --> src/indicators/voss.rs:1456:9
     |
1456 |         DeviceArrayF32Py { inner: filt_dev },
     |         ^^^^^^^^^^^^^^^^
     |
     = note: ...and other private fields `device_id` and `pc_guard` that were not provided

error: cannot construct `alma::DeviceArrayF32Py` with struct literal syntax due to private fields
    --> src/indicators/vpci.rs:2743:39
     |
2743 |     dict.set_item("vpci", Py::new(py, DeviceArrayF32Py { inner: pair.a })?)?;
     |                                       ^^^^^^^^^^^^^^^^
     |
     = note: ...and other private fields `device_id` and `pc_guard` that were not provided

error: cannot construct `alma::DeviceArrayF32Py` with struct literal syntax due to private fields
    --> src/indicators/vpci.rs:2744:40
     |
2744 |     dict.set_item("vpcis", Py::new(py, DeviceArrayF32Py { inner: pair.b })?)?;
     |                                        ^^^^^^^^^^^^^^^^
     |
     = note: ...and other private fields `device_id` and `pc_guard` that were not provided

error: cannot construct `alma::DeviceArrayF32Py` with struct literal syntax due to private fields
    --> src/indicators/vpci.rs:2804:39
     |
2804 |     dict.set_item("vpci", Py::new(py, DeviceArrayF32Py { inner: pair.a })?)?;
     |                                       ^^^^^^^^^^^^^^^^
     |
     = note: ...and other private fields `device_id` and `pc_guard` that were not provided

error: cannot construct `alma::DeviceArrayF32Py` with struct literal syntax due to private fields
    --> src/indicators/vpci.rs:2805:40
     |
2805 |     dict.set_item("vpcis", Py::new(py, DeviceArrayF32Py { inner: pair.b })?)?;
     |                                        ^^^^^^^^^^^^^^^^
     |
     = note: ...and other private fields `device_id` and `pc_guard` that were not provided

error: cannot construct `alma::DeviceArrayF32Py` with struct literal syntax due to private fields
    --> src/indicators/vpt.rs:1363:8
     |
1363 |     Ok(DeviceArrayF32Py { inner })
     |        ^^^^^^^^^^^^^^^^
     |
     = note: ...and other private fields `device_id` and `pc_guard` that were not provided

error: cannot construct `alma::DeviceArrayF32Py` with struct literal syntax due to private fields
    --> src/indicators/vpt.rs:1387:8
     |
1387 |     Ok(DeviceArrayF32Py { inner })
     |        ^^^^^^^^^^^^^^^^
     |
     = note: ...and other private fields `device_id` and `pc_guard` that were not provided

error: cannot construct `alma::DeviceArrayF32Py` with struct literal syntax due to private fields
    --> src/indicators/vwmacd.rs:3072:13
     |
3072 |             DeviceArrayF32Py {
     |             ^^^^^^^^^^^^^^^^
     |
     = note: ...and other private fields `device_id` and `pc_guard` that were not provided

error: cannot construct `alma::DeviceArrayF32Py` with struct literal syntax due to private fields
    --> src/indicators/vwmacd.rs:3081:13
     |
3081 |             DeviceArrayF32Py {
     |             ^^^^^^^^^^^^^^^^
     |
     = note: ...and other private fields `device_id` and `pc_guard` that were not provided

error: cannot construct `alma::DeviceArrayF32Py` with struct literal syntax due to private fields
    --> src/indicators/vwmacd.rs:3090:13
     |
3090 |             DeviceArrayF32Py {
     |             ^^^^^^^^^^^^^^^^
     |
     = note: ...and other private fields `device_id` and `pc_guard` that were not provided

error: cannot construct `alma::DeviceArrayF32Py` with struct literal syntax due to private fields
    --> src/indicators/vwmacd.rs:3171:13
     |
3171 |             DeviceArrayF32Py {
     |             ^^^^^^^^^^^^^^^^
     |
     = note: ...and other private fields `device_id` and `pc_guard` that were not provided

error: cannot construct `alma::DeviceArrayF32Py` with struct literal syntax due to private fields
    --> src/indicators/vwmacd.rs:3180:13
     |
3180 |             DeviceArrayF32Py {
     |             ^^^^^^^^^^^^^^^^
     |
     = note: ...and other private fields `device_id` and `pc_guard` that were not provided

error: cannot construct `alma::DeviceArrayF32Py` with struct literal syntax due to private fields
    --> src/indicators/vwmacd.rs:3189:13
     |
3189 |             DeviceArrayF32Py {
     |             ^^^^^^^^^^^^^^^^
     |
     = note: ...and other private fields `device_id` and `pc_guard` that were not provided

error: cannot construct `alma::DeviceArrayF32Py` with struct literal syntax due to private fields
    --> src/indicators/wad.rs:1537:8
     |
1537 |     Ok(DeviceArrayF32Py { inner })
     |        ^^^^^^^^^^^^^^^^
     |
     = note: ...and other private fields `device_id` and `pc_guard` that were not provided

error: cannot construct `alma::DeviceArrayF32Py` with struct literal syntax due to private fields
    --> src/indicators/wad.rs:1561:8
     |
1561 |     Ok(DeviceArrayF32Py { inner })
     |        ^^^^^^^^^^^^^^^^
     |
     = note: ...and other private fields `device_id` and `pc_guard` that were not provided

error: cannot construct `alma::DeviceArrayF32Py` with struct literal syntax due to private fields
    --> src/indicators/wad.rs:1591:8
     |
1591 |     Ok(DeviceArrayF32Py { inner })
     |        ^^^^^^^^^^^^^^^^
     |
     = note: ...and other private fields `device_id` and `pc_guard` that were not provided

error: cannot construct `alma::DeviceArrayF32Py` with struct literal syntax due to private fields
    --> src/indicators/wavetrend.rs:3535:38
     |
3535 |     dict.set_item("wt1", Py::new(py, DeviceArrayF32Py { inner: batch.wt1 })?)?;
     |                                      ^^^^^^^^^^^^^^^^
     |
     = note: ...and other private fields `device_id` and `pc_guard` that were not provided

error: cannot construct `alma::DeviceArrayF32Py` with struct literal syntax due to private fields
    --> src/indicators/wavetrend.rs:3536:38
     |
3536 |     dict.set_item("wt2", Py::new(py, DeviceArrayF32Py { inner: batch.wt2 })?)?;
     |                                      ^^^^^^^^^^^^^^^^
     |
     = note: ...and other private fields `device_id` and `pc_guard` that were not provided

error: cannot construct `alma::DeviceArrayF32Py` with struct literal syntax due to private fields
    --> src/indicators/wavetrend.rs:3541:13
     |
3541 |             DeviceArrayF32Py {
     |             ^^^^^^^^^^^^^^^^
     |
     = note: ...and other private fields `device_id` and `pc_guard` that were not provided

error: cannot construct `alma::DeviceArrayF32Py` with struct literal syntax due to private fields
    --> src/indicators/wavetrend.rs:3627:38
     |
3627 |     dict.set_item("wt1", Py::new(py, DeviceArrayF32Py { inner: wt1 })?)?;
     |                                      ^^^^^^^^^^^^^^^^
     |
     = note: ...and other private fields `device_id` and `pc_guard` that were not provided

error: cannot construct `alma::DeviceArrayF32Py` with struct literal syntax due to private fields
    --> src/indicators/wavetrend.rs:3628:38
     |
3628 |     dict.set_item("wt2", Py::new(py, DeviceArrayF32Py { inner: wt2 })?)?;
     |                                      ^^^^^^^^^^^^^^^^
     |
     = note: ...and other private fields `device_id` and `pc_guard` that were not provided

error: cannot construct `alma::DeviceArrayF32Py` with struct literal syntax due to private fields
    --> src/indicators/wavetrend.rs:3629:42
     |
3629 |     dict.set_item("wt_diff", Py::new(py, DeviceArrayF32Py { inner: wt_diff })?)?;
     |                                          ^^^^^^^^^^^^^^^^
     |
     = note: ...and other private fields `device_id` and `pc_guard` that were not provided

error: cannot construct `alma::DeviceArrayF32Py` with struct literal syntax due to private fields
   --> src/indicators/wclprice.rs:925:8
    |
925 |     Ok(DeviceArrayF32Py { inner })
    |        ^^^^^^^^^^^^^^^^
    |
    = note: ...and other private fields `device_id` and `pc_guard` that were not provided

error: cannot construct `alma::DeviceArrayF32Py` with struct literal syntax due to private fields
   --> src/indicators/wclprice.rs:950:8
    |
950 |     Ok(DeviceArrayF32Py { inner })
    |        ^^^^^^^^^^^^^^^^
    |
    = note: ...and other private fields `device_id` and `pc_guard` that were not provided

error: cannot construct `alma::DeviceArrayF32Py` with struct literal syntax due to private fields
   --> src/indicators/wclprice.rs:984:8
    |
984 |     Ok(DeviceArrayF32Py { inner })
    |        ^^^^^^^^^^^^^^^^
    |
    = note: ...and other private fields `device_id` and `pc_guard` that were not provided

error: cannot construct `alma::DeviceArrayF32Py` with struct literal syntax due to private fields
    --> src/indicators/willr.rs:2761:8
     |
2761 |     Ok(DeviceArrayF32Py { inner })
     |        ^^^^^^^^^^^^^^^^
     |
     = note: ...and other private fields `device_id` and `pc_guard` that were not provided

error: cannot construct `alma::DeviceArrayF32Py` with struct literal syntax due to private fields
    --> src/indicators/willr.rs:2800:8
     |
2800 |     Ok(DeviceArrayF32Py { inner })
     |        ^^^^^^^^^^^^^^^^
     |
     = note: ...and other private fields `device_id` and `pc_guard` that were not provided

error: cannot construct `alma::DeviceArrayF32Py` with struct literal syntax due to private fields
    --> src/indicators/wto.rs:2384:38
     |
2384 |     dict.set_item("wt1", Py::new(py, DeviceArrayF32Py { inner: wt1 })?)?;
     |                                      ^^^^^^^^^^^^^^^^
     |
     = note: ...and other private fields `device_id` and `pc_guard` that were not provided

error: cannot construct `alma::DeviceArrayF32Py` with struct literal syntax due to private fields
    --> src/indicators/wto.rs:2385:38
     |
2385 |     dict.set_item("wt2", Py::new(py, DeviceArrayF32Py { inner: wt2 })?)?;
     |                                      ^^^^^^^^^^^^^^^^
     |
     = note: ...and other private fields `device_id` and `pc_guard` that were not provided

error: cannot construct `alma::DeviceArrayF32Py` with struct literal syntax due to private fields
    --> src/indicators/wto.rs:2386:39
     |
2386 |     dict.set_item("hist", Py::new(py, DeviceArrayF32Py { inner: hist })?)?;
     |                                       ^^^^^^^^^^^^^^^^
     |
     = note: ...and other private fields `device_id` and `pc_guard` that were not provided

error: cannot construct `alma::DeviceArrayF32Py` with struct literal syntax due to private fields
    --> src/indicators/wto.rs:2435:38
     |
2435 |     dict.set_item("wt1", Py::new(py, DeviceArrayF32Py { inner: wt1 })?)?;
     |                                      ^^^^^^^^^^^^^^^^
     |
     = note: ...and other private fields `device_id` and `pc_guard` that were not provided

error: cannot construct `alma::DeviceArrayF32Py` with struct literal syntax due to private fields
    --> src/indicators/wto.rs:2436:38
     |
2436 |     dict.set_item("wt2", Py::new(py, DeviceArrayF32Py { inner: wt2 })?)?;
     |                                      ^^^^^^^^^^^^^^^^
     |
     = note: ...and other private fields `device_id` and `pc_guard` that were not provided

error: cannot construct `alma::DeviceArrayF32Py` with struct literal syntax due to private fields
    --> src/indicators/wto.rs:2437:39
     |
2437 |     dict.set_item("hist", Py::new(py, DeviceArrayF32Py { inner: hist })?)?;
     |                                       ^^^^^^^^^^^^^^^^
     |
     = note: ...and other private fields `device_id` and `pc_guard` that were not provided

error: cannot construct `alma::DeviceArrayF32Py` with struct literal syntax due to private fields
    --> src/indicators/zscore.rs:2115:9
     |
2115 |     Ok((DeviceArrayF32Py { inner }, dict))
     |         ^^^^^^^^^^^^^^^^
     |
     = note: ...and other private fields `device_id` and `pc_guard` that were not provided

error: cannot construct `alma::DeviceArrayF32Py` with struct literal syntax due to private fields
    --> src/indicators/zscore.rs:2148:8
     |
2148 |     Ok(DeviceArrayF32Py { inner })
     |        ^^^^^^^^^^^^^^^^
     |
     = note: ...and other private fields `device_id` and `pc_guard` that were not provided

error[E0277]: `*mut CUctx_st` cannot be shared between threads safely
   --> src/cuda/moving_averages/gaussian_wrapper.rs:910:12
    |
910 | pub struct DeviceArrayF32Py {
    |            ^^^^^^^^^^^^^^^^ `*mut CUctx_st` cannot be shared between threads safely
    |
    = help: within `gaussian_wrapper::DeviceArrayF32Py`, the trait `Sync` is not implemented for `*mut CUctx_st`
note: required because it appears within the type `gaussian_wrapper::PrimaryCtxGuard`
   --> src/cuda/moving_averages/gaussian_wrapper.rs:920:12
    |
920 | pub struct PrimaryCtxGuard { dev: i32, ctx: cu::CUcontext }
    |            ^^^^^^^^^^^^^^^
note: required because it appears within the type `gaussian_wrapper::DeviceArrayF32Py`
   --> src/cuda/moving_averages/gaussian_wrapper.rs:910:12
    |
910 | pub struct DeviceArrayF32Py {
    |            ^^^^^^^^^^^^^^^^
note: required by a bound in `assert_pyclass_sync`
   --> /root/.cargo/registry/src/index.crates.io-1949cf8c6b5b557f/pyo3-0.25.1/src/impl_/pyclass/assertions.rs:12:22
    |
10  | pub const fn assert_pyclass_sync<T>()
    |              ------------------- required by a bound in this function
11  | where
12  |     T: PyClassSync + Sync,
    |                      ^^^^ required by this bound in `assert_pyclass_sync`

error[E0599]: no method named `result` found for enum `CUresult` in the current scope
   --> src/cuda/moving_averages/gaussian_wrapper.rs:927:67
    |
927 |             cu::cuDevicePrimaryCtxRetain(&mut ctx as *mut _, dev).result()?;
    |                                                                   ^^^^^^ method not found in `CUresult`

error: cannot construct `alma::DeviceArrayF32Py` with struct literal syntax due to private fields
    --> src/bindings/python.rs:1289:9
     |
1289 |     Ok((DeviceArrayF32Py { inner }, dict))
     |         ^^^^^^^^^^^^^^^^
     |
     = note: ...and other private fields `device_id` and `pc_guard` that were not provided

error: cannot construct `alma::DeviceArrayF32Py` with struct literal syntax due to private fields
    --> src/bindings/python.rs:1316:8
     |
1316 |     Ok(DeviceArrayF32Py { inner })
     |        ^^^^^^^^^^^^^^^^
     |
     = note: ...and other private fields `device_id` and `pc_guard` that were not provided

error: cannot construct `alma::DeviceArrayF32Py` with struct literal syntax due to private fields
    --> src/bindings/python.rs:1341:8
     |
1341 |     Ok(DeviceArrayF32Py { inner })
     |        ^^^^^^^^^^^^^^^^
     |
     = note: ...and other private fields `device_id` and `pc_guard` that were not provided

error: cannot construct `alma::DeviceArrayF32Py` with struct literal syntax due to private fields
    --> src/bindings/python.rs:1370:8
     |
1370 |     Ok(DeviceArrayF32Py { inner })
     |        ^^^^^^^^^^^^^^^^
     |
     = note: ...and other private fields `device_id` and `pc_guard` that were not provided

error[E0502]: cannot borrow `self.inner.ctx` as immutable because it is also borrowed as mutable
    --> src/indicators/moving_averages/pwma.rs:2355:113
     |
2355 | ...et inner = core::mem::replace(&mut self.inner, DeviceArrayF32Pwma { buf: dummy, rows: 0, cols: 0, ctx: self.inner.ctx.clone(), device_...
     |               ------------------ --------------- mutable borrow occurs here                               ^^^^^^^^^^^^^^ immutable borrow occurs here
     |               |
     |               mutable borrow later used by call

error[E0596]: cannot borrow `ring_stride_mid` as mutable, as it is not declared as mutable
   --> src/cuda/emd_wrapper.rs:490:17
    |
490 |                 &mut ring_stride_mid as *mut _ as *mut c_void,
    |                 ^^^^^^^^^^^^^^^^^^^^ cannot borrow as mutable
    |
help: consider changing this to be mutable
    |
380 |         let mut ring_stride_mid = max_p
    |             +++

Some errors have detailed explanations: E0184, E0277, E0308, E0425, E0502, E0559, E0596, E0599, E0609...
For more information about an error, try `rustc --explain E0184`.
error: could not compile `my_project` (lib) due to 433 previous errors
