=== acosc_cuda ===
   Compiling my_project v0.1.0 (/mnt/c/Rust Projects/my_project)
warning: function `approx_eq` is never used
 --> src/bin/cci_many_dbg.rs:2:4
  |
2 | fn approx_eq(a: f64, b: f64, tol: f64) -> bool {
  |    ^^^^^^^^^
  |
  = note: `#[warn(dead_code)]` on by default

warning: `my_project` (bin "cci_many_dbg") generated 1 warning
    Finished `test` profile [unoptimized + debuginfo] target(s) in 39.97s
     Running tests/acosc_cuda.rs (target/debug/deps/acosc_cuda-80a336ae0370d8b0)

running 3 tests
test acosc_cuda_batch_matches_cpu ... ok
test acosc_cuda_many_series_one_param_matches_cpu ... ok
test cuda_feature_off_noop ... ok

test result: ok. 3 passed; 0 failed; 0 ignored; 0 measured; 0 filtered out; finished in 0.49s


=== ad_cuda ===
   Compiling my_project v0.1.0 (/mnt/c/Rust Projects/my_project)
warning: function `approx_eq` is never used
 --> src/bin/cci_many_dbg.rs:2:4
  |
2 | fn approx_eq(a: f64, b: f64, tol: f64) -> bool {
  |    ^^^^^^^^^
  |
  = note: `#[warn(dead_code)]` on by default

warning: `my_project` (bin "cci_many_dbg") generated 1 warning
    Finished `test` profile [unoptimized + debuginfo] target(s) in 10.02s
     Running tests/ad_cuda.rs (target/debug/deps/ad_cuda-4b98434002bed430)

running 3 tests
test ad_cuda_many_series_time_major_matches_cpu ... ok
test ad_cuda_series_matches_cpu ... ok
test cuda_feature_off_noop ... ok

test result: ok. 3 passed; 0 failed; 0 ignored; 0 measured; 0 filtered out; finished in 0.45s


=== adosc_cuda ===
   Compiling my_project v0.1.0 (/mnt/c/Rust Projects/my_project)
warning: function `approx_eq` is never used
 --> src/bin/cci_many_dbg.rs:2:4
  |
2 | fn approx_eq(a: f64, b: f64, tol: f64) -> bool {
  |    ^^^^^^^^^
  |
  = note: `#[warn(dead_code)]` on by default

warning: `my_project` (bin "cci_many_dbg") generated 1 warning
    Finished `test` profile [unoptimized + debuginfo] target(s) in 9.99s
     Running tests/adosc_cuda.rs (target/debug/deps/adosc_cuda-668eb0d90db765dd)

running 3 tests
test adosc_cuda_batch_matches_cpu ... ok
test adosc_cuda_many_series_one_param_matches_cpu ... ok
test cuda_feature_off_noop ... ok

test result: ok. 3 passed; 0 failed; 0 ignored; 0 measured; 0 filtered out; finished in 0.47s


=== adx_cuda ===
warning: function `approx_eq` is never used
 --> src/bin/cci_many_dbg.rs:2:4
  |
2 | fn approx_eq(a: f64, b: f64, tol: f64) -> bool {
  |    ^^^^^^^^^
  |
  = note: `#[warn(dead_code)]` on by default

   Compiling my_project v0.1.0 (/mnt/c/Rust Projects/my_project)
warning: `my_project` (bin "cci_many_dbg") generated 1 warning
    Finished `test` profile [unoptimized + debuginfo] target(s) in 10.06s
     Running tests/adx_cuda.rs (target/debug/deps/adx_cuda-daa080030a4428dd)

running 3 tests
test adx_cuda_batch_matches_cpu ... ok
test adx_cuda_many_series_one_param_matches_cpu ... ok
test cuda_feature_off_noop ... ok

test result: ok. 3 passed; 0 failed; 0 ignored; 0 measured; 0 filtered out; finished in 0.51s


=== adxr_cuda ===
warning: function `approx_eq` is never used
 --> src/bin/cci_many_dbg.rs:2:4
  |
2 | fn approx_eq(a: f64, b: f64, tol: f64) -> bool {
  |    ^^^^^^^^^
  |
  = note: `#[warn(dead_code)]` on by default

   Compiling my_project v0.1.0 (/mnt/c/Rust Projects/my_project)
warning: `my_project` (bin "cci_many_dbg") generated 1 warning
    Finished `test` profile [unoptimized + debuginfo] target(s) in 10.21s
     Running tests/adxr_cuda.rs (target/debug/deps/adxr_cuda-fa2273a8470b5c12)

running 3 tests
test adxr_cuda_batch_matches_cpu ... ok
test adxr_cuda_many_series_one_param_matches_cpu ... ok
test cuda_feature_off_noop ... ok

test result: ok. 3 passed; 0 failed; 0 ignored; 0 measured; 0 filtered out; finished in 0.47s


=== alligator_cuda ===
   Compiling my_project v0.1.0 (/mnt/c/Rust Projects/my_project)
warning: function `approx_eq` is never used
 --> src/bin/cci_many_dbg.rs:2:4
  |
2 | fn approx_eq(a: f64, b: f64, tol: f64) -> bool {
  |    ^^^^^^^^^
  |
  = note: `#[warn(dead_code)]` on by default

warning: `my_project` (bin "cci_many_dbg") generated 1 warning
    Finished `test` profile [unoptimized + debuginfo] target(s) in 10.03s
     Running tests/alligator_cuda.rs (target/debug/deps/alligator_cuda-892303fd0f63f773)

running 3 tests
test alligator_cuda_batch_matches_cpu ... ok
test alligator_cuda_many_series_one_param_matches_cpu ... ok
test cuda_feature_off_noop ... ok

test result: ok. 3 passed; 0 failed; 0 ignored; 0 measured; 0 filtered out; finished in 0.94s


=== alma_cuda ===
   Compiling my_project v0.1.0 (/mnt/c/Rust Projects/my_project)
warning: function `approx_eq` is never used
 --> src/bin/cci_many_dbg.rs:2:4
  |
2 | fn approx_eq(a: f64, b: f64, tol: f64) -> bool {
  |    ^^^^^^^^^
  |
  = note: `#[warn(dead_code)]` on by default

warning: `my_project` (bin "cci_many_dbg") generated 1 warning
    Finished `test` profile [unoptimized + debuginfo] target(s) in 10.06s
     Running tests/alma_cuda.rs (target/debug/deps/alma_cuda-ef44f86d858e97f3)

running 3 tests
test alma_cuda_many_series_one_param_matches_cpu ... ok
test alma_cuda_one_series_many_params_matches_cpu ... ok
test cuda_feature_off_noop ... ok

test result: ok. 3 passed; 0 failed; 0 ignored; 0 measured; 0 filtered out; finished in 0.61s


=== alma_cuda_variants ===
   Compiling my_project v0.1.0 (/mnt/c/Rust Projects/my_project)
warning: function `approx_eq` is never used
 --> src/bin/cci_many_dbg.rs:2:4
  |
2 | fn approx_eq(a: f64, b: f64, tol: f64) -> bool {
  |    ^^^^^^^^^
  |
  = note: `#[warn(dead_code)]` on by default

warning: `my_project` (bin "cci_many_dbg") generated 1 warning
    Finished `test` profile [unoptimized + debuginfo] target(s) in 10.07s
     Running tests/alma_cuda_variants.rs (target/debug/deps/alma_cuda_variants-7b9cd68fc152d8eb)

running 7 tests
test alma_batch_plain_matches_cpu ... ok
test alma_batch_tiled_1x_matches_cpu ... ok
test alma_batch_tiled_2x_matches_cpu ... ok
test alma_many_series_1d_matches_cpu ... ok
test alma_many_series_2d_ty2_matches_cpu ... ok
test alma_many_series_2d_ty4_matches_cpu ... ok
test cuda_feature_off_compiles ... ok

test result: ok. 7 passed; 0 failed; 0 ignored; 0 measured; 0 filtered out; finished in 3.01s


=== alphatrend_cuda ===
   Compiling my_project v0.1.0 (/mnt/c/Rust Projects/my_project)
warning: function `approx_eq` is never used
 --> src/bin/cci_many_dbg.rs:2:4
  |
2 | fn approx_eq(a: f64, b: f64, tol: f64) -> bool {
  |    ^^^^^^^^^
  |
  = note: `#[warn(dead_code)]` on by default

warning: `my_project` (bin "cci_many_dbg") generated 1 warning
    Finished `test` profile [unoptimized + debuginfo] target(s) in 10.22s
     Running tests/alphatrend_cuda.rs (target/debug/deps/alphatrend_cuda-72df08b285e335ec)

running 3 tests
test alphatrend_cuda_batch_matches_cpu ... ok
test alphatrend_cuda_many_series_one_param_matches_cpu ... ok
test cuda_feature_off_noop ... ok

test result: ok. 3 passed; 0 failed; 0 ignored; 0 measured; 0 filtered out; finished in 0.53s


=== ao_cuda ===
   Compiling my_project v0.1.0 (/mnt/c/Rust Projects/my_project)
warning: function `approx_eq` is never used
 --> src/bin/cci_many_dbg.rs:2:4
  |
2 | fn approx_eq(a: f64, b: f64, tol: f64) -> bool {
  |    ^^^^^^^^^
  |
  = note: `#[warn(dead_code)]` on by default

warning: `my_project` (bin "cci_many_dbg") generated 1 warning
    Finished `test` profile [unoptimized + debuginfo] target(s) in 9.99s
     Running tests/ao_cuda.rs (target/debug/deps/ao_cuda-887d4f626211693a)

running 3 tests
test ao_cuda_batch_matches_cpu ... ok
test ao_cuda_many_series_one_param_matches_cpu ... ok
test cuda_feature_off_noop ... ok

test result: ok. 3 passed; 0 failed; 0 ignored; 0 measured; 0 filtered out; finished in 0.46s


=== apo_cuda ===
warning: function `approx_eq` is never used
 --> src/bin/cci_many_dbg.rs:2:4
  |
2 | fn approx_eq(a: f64, b: f64, tol: f64) -> bool {
  |    ^^^^^^^^^
  |
  = note: `#[warn(dead_code)]` on by default

   Compiling my_project v0.1.0 (/mnt/c/Rust Projects/my_project)
warning: `my_project` (bin "cci_many_dbg") generated 1 warning
    Finished `test` profile [unoptimized + debuginfo] target(s) in 10.06s
     Running tests/apo_cuda.rs (target/debug/deps/apo_cuda-4212faca1f8211f2)

running 3 tests
test apo_cuda_batch_matches_cpu ... ok
test apo_cuda_many_series_one_param_matches_cpu ... ok
test cuda_feature_off_noop ... ok

test result: ok. 3 passed; 0 failed; 0 ignored; 0 measured; 0 filtered out; finished in 0.46s


=== aroon_cuda ===
   Compiling my_project v0.1.0 (/mnt/c/Rust Projects/my_project)
warning: function `approx_eq` is never used
 --> src/bin/cci_many_dbg.rs:2:4
  |
2 | fn approx_eq(a: f64, b: f64, tol: f64) -> bool {
  |    ^^^^^^^^^
  |
  = note: `#[warn(dead_code)]` on by default

warning: `my_project` (bin "cci_many_dbg") generated 1 warning
    Finished `test` profile [unoptimized + debuginfo] target(s) in 10.07s
     Running tests/aroon_cuda.rs (target/debug/deps/aroon_cuda-177ba9aee76126bc)

running 3 tests
test aroon_cuda_batch_matches_cpu ... ok
test aroon_cuda_many_series_one_param_matches_cpu ... ok
test cuda_feature_off_noop ... ok

test result: ok. 3 passed; 0 failed; 0 ignored; 0 measured; 0 filtered out; finished in 0.69s


=== aroonosc_cuda ===
warning: function `approx_eq` is never used
 --> src/bin/cci_many_dbg.rs:2:4
  |
2 | fn approx_eq(a: f64, b: f64, tol: f64) -> bool {
  |    ^^^^^^^^^
  |
  = note: `#[warn(dead_code)]` on by default

   Compiling my_project v0.1.0 (/mnt/c/Rust Projects/my_project)
warning: `my_project` (bin "cci_many_dbg") generated 1 warning
    Finished `test` profile [unoptimized + debuginfo] target(s) in 10.03s
     Running tests/aroonosc_cuda.rs (target/debug/deps/aroonosc_cuda-56f7adbe066b28f3)

running 3 tests
test aroonosc_cuda_batch_matches_cpu ... ok
test aroonosc_cuda_many_series_one_param_matches_cpu ... ok
test cuda_feature_off_noop ... ok

test result: ok. 3 passed; 0 failed; 0 ignored; 0 measured; 0 filtered out; finished in 0.46s


=== aso_cuda ===
warning: function `approx_eq` is never used
 --> src/bin/cci_many_dbg.rs:2:4
  |
2 | fn approx_eq(a: f64, b: f64, tol: f64) -> bool {
  |    ^^^^^^^^^
  |
  = note: `#[warn(dead_code)]` on by default

   Compiling my_project v0.1.0 (/mnt/c/Rust Projects/my_project)
warning: `my_project` (bin "cci_many_dbg") generated 1 warning
    Finished `test` profile [unoptimized + debuginfo] target(s) in 10.11s
     Running tests/aso_cuda.rs (target/debug/deps/aso_cuda-309c86447d4b6250)

running 3 tests
test aso_cuda_batch_matches_cpu ... ok
test aso_cuda_many_series_one_param_matches_cpu ... ok
test cuda_feature_off_noop ... ok

test result: ok. 3 passed; 0 failed; 0 ignored; 0 measured; 0 filtered out; finished in 0.47s


=== atr_cuda ===
warning: function `approx_eq` is never used
 --> src/bin/cci_many_dbg.rs:2:4
  |
2 | fn approx_eq(a: f64, b: f64, tol: f64) -> bool {
  |    ^^^^^^^^^
  |
  = note: `#[warn(dead_code)]` on by default

   Compiling my_project v0.1.0 (/mnt/c/Rust Projects/my_project)
warning: `my_project` (bin "cci_many_dbg") generated 1 warning
    Finished `test` profile [unoptimized + debuginfo] target(s) in 9.99s
     Running tests/atr_cuda.rs (target/debug/deps/atr_cuda-13b61e4a993a7fe5)

running 3 tests
test atr_cuda_batch_matches_cpu ... ok
test atr_cuda_many_series_one_param_matches_cpu ... ok
test cuda_feature_off_noop ... ok

test result: ok. 3 passed; 0 failed; 0 ignored; 0 measured; 0 filtered out; finished in 0.45s


=== avsl_cuda ===
   Compiling my_project v0.1.0 (/mnt/c/Rust Projects/my_project)
warning: function `approx_eq` is never used
 --> src/bin/cci_many_dbg.rs:2:4
  |
2 | fn approx_eq(a: f64, b: f64, tol: f64) -> bool {
  |    ^^^^^^^^^
  |
  = note: `#[warn(dead_code)]` on by default

warning: `my_project` (bin "cci_many_dbg") generated 1 warning
warning: unused import: `my_project::utilities::data_loader::Candles`
  --> tests/avsl_cuda.rs:10:5
   |
10 | use my_project::utilities::data_loader::Candles;
   |     ^^^^^^^^^^^^^^^^^^^^^^^^^^^^^^^^^^^^^^^^^^^
   |
   = note: `#[warn(unused_imports)]` on by default

warning: `my_project` (test "avsl_cuda") generated 1 warning (run `cargo fix --test "avsl_cuda"` to apply 1 suggestion)
    Finished `test` profile [unoptimized + debuginfo] target(s) in 10.10s
     Running tests/avsl_cuda.rs (target/debug/deps/avsl_cuda-8dfcfde470588a93)

running 3 tests
test avsl_cuda_batch_matches_cpu ... ok
test avsl_cuda_many_series_one_param_matches_cpu ... ok
test cuda_feature_off_guard ... ok

test result: ok. 3 passed; 0 failed; 0 ignored; 0 measured; 0 filtered out; finished in 0.65s


=== bandpass_cuda ===
   Compiling my_project v0.1.0 (/mnt/c/Rust Projects/my_project)
warning: function `approx_eq` is never used
 --> src/bin/cci_many_dbg.rs:2:4
  |
2 | fn approx_eq(a: f64, b: f64, tol: f64) -> bool {
  |    ^^^^^^^^^
  |
  = note: `#[warn(dead_code)]` on by default

warning: `my_project` (bin "cci_many_dbg") generated 1 warning
    Finished `test` profile [unoptimized + debuginfo] target(s) in 10.06s
     Running tests/bandpass_cuda.rs (target/debug/deps/bandpass_cuda-4fa7c6bf6b9609d4)

running 3 tests
test bandpass_cuda_batch_matches_cpu ... ok
test bandpass_cuda_many_series_one_param_matches_cpu ... ok
test cuda_feature_off_noop ... ok

test result: ok. 3 passed; 0 failed; 0 ignored; 0 measured; 0 filtered out; finished in 0.51s


=== bollinger_bands_cuda ===
warning: function `approx_eq` is never used
 --> src/bin/cci_many_dbg.rs:2:4
  |
2 | fn approx_eq(a: f64, b: f64, tol: f64) -> bool {
  |    ^^^^^^^^^
  |
  = note: `#[warn(dead_code)]` on by default

   Compiling my_project v0.1.0 (/mnt/c/Rust Projects/my_project)
warning: `my_project` (bin "cci_many_dbg") generated 1 warning
    Finished `test` profile [unoptimized + debuginfo] target(s) in 10.07s
     Running tests/bollinger_bands_cuda.rs (target/debug/deps/bollinger_bands_cuda-50b66de5caa12950)

running 3 tests
test bollinger_bands_cuda_batch_matches_cpu ... ok
test bollinger_bands_cuda_many_series_one_param_matches_cpu ... ok
test cuda_feature_off_noop ... ok

test result: ok. 3 passed; 0 failed; 0 ignored; 0 measured; 0 filtered out; finished in 0.47s


=== bollinger_bands_width_cuda ===
   Compiling my_project v0.1.0 (/mnt/c/Rust Projects/my_project)
warning: function `approx_eq` is never used
 --> src/bin/cci_many_dbg.rs:2:4
  |
2 | fn approx_eq(a: f64, b: f64, tol: f64) -> bool {
  |    ^^^^^^^^^
  |
  = note: `#[warn(dead_code)]` on by default

warning: `my_project` (bin "cci_many_dbg") generated 1 warning
    Finished `test` profile [unoptimized + debuginfo] target(s) in 10.12s
     Running tests/bollinger_bands_width_cuda.rs (target/debug/deps/bollinger_bands_width_cuda-78b94c19d4f6a3e2)

running 3 tests
test bollinger_bands_width_cuda_batch_matches_cpu ... ok
test bollinger_bands_width_cuda_many_series_one_param_matches_cpu ... ok
test cuda_feature_off_noop ... ok

test result: ok. 3 passed; 0 failed; 0 ignored; 0 measured; 0 filtered out; finished in 0.56s


=== bop_cuda ===
warning: function `approx_eq` is never used
 --> src/bin/cci_many_dbg.rs:2:4
  |
2 | fn approx_eq(a: f64, b: f64, tol: f64) -> bool {
  |    ^^^^^^^^^
  |
  = note: `#[warn(dead_code)]` on by default

   Compiling my_project v0.1.0 (/mnt/c/Rust Projects/my_project)
warning: `my_project` (bin "cci_many_dbg") generated 1 warning
warning: unused imports: `read_candles_from_csv` and `source_type`
 --> tests/bop_cuda.rs:4:42
  |
4 | use my_project::utilities::data_loader::{read_candles_from_csv, source_type};
  |                                          ^^^^^^^^^^^^^^^^^^^^^  ^^^^^^^^^^^
  |
  = note: `#[warn(unused_imports)]` on by default

warning: `my_project` (test "bop_cuda") generated 1 warning (run `cargo fix --test "bop_cuda"` to apply 1 suggestion)
    Finished `test` profile [unoptimized + debuginfo] target(s) in 10.04s
     Running tests/bop_cuda.rs (target/debug/deps/bop_cuda-f403f2a51f489e60)

running 3 tests
test bop_cuda_batch_matches_cpu ... ok
test bop_cuda_many_series_one_param_matches_cpu ... ok
test cuda_feature_off_noop ... ok

test result: ok. 3 passed; 0 failed; 0 ignored; 0 measured; 0 filtered out; finished in 0.48s


=== buff_averages_cuda ===
warning: function `approx_eq` is never used
 --> src/bin/cci_many_dbg.rs:2:4
  |
2 | fn approx_eq(a: f64, b: f64, tol: f64) -> bool {
  |    ^^^^^^^^^
  |
  = note: `#[warn(dead_code)]` on by default

   Compiling my_project v0.1.0 (/mnt/c/Rust Projects/my_project)
warning: `my_project` (bin "cci_many_dbg") generated 1 warning
    Finished `test` profile [unoptimized + debuginfo] target(s) in 10.02s
     Running tests/buff_averages_cuda.rs (target/debug/deps/buff_averages_cuda-5a027fc255563c78)

running 3 tests
test buff_averages_cuda_batch_matches_cpu ... ok
test buff_averages_cuda_many_series_one_param_matches_cpu ... ok
test cuda_feature_off_noop ... ok

test result: ok. 3 passed; 0 failed; 0 ignored; 0 measured; 0 filtered out; finished in 0.53s


=== buff_averages_cuda_variants ===
   Compiling my_project v0.1.0 (/mnt/c/Rust Projects/my_project)
warning: function `approx_eq` is never used
 --> src/bin/cci_many_dbg.rs:2:4
  |
2 | fn approx_eq(a: f64, b: f64, tol: f64) -> bool {
  |    ^^^^^^^^^
  |
  = note: `#[warn(dead_code)]` on by default

warning: `my_project` (bin "cci_many_dbg") generated 1 warning
    Finished `test` profile [unoptimized + debuginfo] target(s) in 10.06s
     Running tests/buff_averages_cuda_variants.rs (target/debug/deps/buff_averages_cuda_variants-a93b3a0aa1c621c2)

running 3 tests
test buff_averages_cuda_plain_matches_cpu ... ok
test buff_averages_cuda_tiled128_matches_cpu ... ok
test buff_averages_cuda_tiled256_matches_cpu ... ok

test result: ok. 3 passed; 0 failed; 0 ignored; 0 measured; 0 filtered out; finished in 0.71s


=== cci_cuda ===
warning: function `approx_eq` is never used
 --> src/bin/cci_many_dbg.rs:2:4
  |
2 | fn approx_eq(a: f64, b: f64, tol: f64) -> bool {
  |    ^^^^^^^^^
  |
  = note: `#[warn(dead_code)]` on by default

   Compiling my_project v0.1.0 (/mnt/c/Rust Projects/my_project)
warning: `my_project` (bin "cci_many_dbg") generated 1 warning
    Finished `test` profile [unoptimized + debuginfo] target(s) in 10.08s
     Running tests/cci_cuda.rs (target/debug/deps/cci_cuda-0b88f7c81e1de40f)

running 3 tests
test cci_cuda_batch_matches_cpu ... ok
test cci_cuda_many_series_one_param_matches_cpu ... ok
test cuda_feature_off_noop ... ok

test result: ok. 3 passed; 0 failed; 0 ignored; 0 measured; 0 filtered out; finished in 0.46s


=== cci_cycle_cuda ===
   Compiling my_project v0.1.0 (/mnt/c/Rust Projects/my_project)
warning: function `approx_eq` is never used
 --> src/bin/cci_many_dbg.rs:2:4
  |
2 | fn approx_eq(a: f64, b: f64, tol: f64) -> bool {
  |    ^^^^^^^^^
  |
  = note: `#[warn(dead_code)]` on by default

warning: `my_project` (bin "cci_many_dbg") generated 1 warning
warning: unused import: `CciCycleParams`
 --> tests/cci_cycle_cuda.rs:4:54
  |
4 |     cci_cycle_batch_with_kernel, CciCycleBatchRange, CciCycleParams,
  |                                                      ^^^^^^^^^^^^^^
  |
  = note: `#[warn(unused_imports)]` on by default

warning: function `approx_eq` is never used
  --> tests/cci_cycle_cuda.rs:15:4
   |
15 | fn approx_eq(a: f64, b: f64, atol: f64, rtol: f64) -> bool {
   |    ^^^^^^^^^
   |
   = note: `#[warn(dead_code)]` on by default

warning: `my_project` (test "cci_cycle_cuda") generated 2 warnings (run `cargo fix --test "cci_cycle_cuda"` to apply 1 suggestion)
    Finished `test` profile [unoptimized + debuginfo] target(s) in 10.04s
     Running tests/cci_cycle_cuda.rs (target/debug/deps/cci_cycle_cuda-98cb981eff19cd4d)

running 3 tests
test cci_cycle_cuda_batch_matches_cpu_shape ... ok
test cci_cycle_cuda_batch_produces_values_after_warmup ... [cci_cycle_cuda] no rows produced many finite values post-warmup; shape ok
ok
test cuda_feature_off_noop ... ok

test result: ok. 3 passed; 0 failed; 0 ignored; 0 measured; 0 filtered out; finished in 0.51s


=== cfo_cuda ===
warning: function `approx_eq` is never used
 --> src/bin/cci_many_dbg.rs:2:4
  |
2 | fn approx_eq(a: f64, b: f64, tol: f64) -> bool {
  |    ^^^^^^^^^
  |
  = note: `#[warn(dead_code)]` on by default

   Compiling my_project v0.1.0 (/mnt/c/Rust Projects/my_project)
warning: `my_project` (bin "cci_many_dbg") generated 1 warning
warning: unused import: `CfoBuilder`
 --> tests/cfo_cuda.rs:4:60
  |
4 |     cfo_batch_with_kernel, cfo_with_kernel, CfoBatchRange, CfoBuilder, CfoInput, CfoParams,
  |                                                            ^^^^^^^^^^
  |
  = note: `#[warn(unused_imports)]` on by default

warning: `my_project` (test "cfo_cuda") generated 1 warning (run `cargo fix --test "cfo_cuda"` to apply 1 suggestion)
    Finished `test` profile [unoptimized + debuginfo] target(s) in 10.08s
     Running tests/cfo_cuda.rs (target/debug/deps/cfo_cuda-838fdf3b21d42c24)

running 3 tests
test cfo_cuda_batch_matches_cpu ... ok
test cfo_cuda_many_series_one_param_matches_cpu ... ok
test cuda_feature_off_noop ... ok

test result: ok. 3 passed; 0 failed; 0 ignored; 0 measured; 0 filtered out; finished in 0.52s


=== cg_cuda ===
warning: function `approx_eq` is never used
 --> src/bin/cci_many_dbg.rs:2:4
  |
2 | fn approx_eq(a: f64, b: f64, tol: f64) -> bool {
  |    ^^^^^^^^^
  |
  = note: `#[warn(dead_code)]` on by default

   Compiling my_project v0.1.0 (/mnt/c/Rust Projects/my_project)
warning: `my_project` (bin "cci_many_dbg") generated 1 warning
    Finished `test` profile [unoptimized + debuginfo] target(s) in 10.04s
     Running tests/cg_cuda.rs (target/debug/deps/cg_cuda-815d2a7d2ce3aad5)

running 3 tests
test cg_cuda_batch_matches_cpu ... ok
test cg_cuda_many_series_one_param_matches_cpu ... ok
test cuda_feature_off_noop ... ok

test result: ok. 3 passed; 0 failed; 0 ignored; 0 measured; 0 filtered out; finished in 0.51s


=== chande_cuda ===
warning: function `approx_eq` is never used
 --> src/bin/cci_many_dbg.rs:2:4
  |
2 | fn approx_eq(a: f64, b: f64, tol: f64) -> bool {
  |    ^^^^^^^^^
  |
  = note: `#[warn(dead_code)]` on by default

   Compiling my_project v0.1.0 (/mnt/c/Rust Projects/my_project)
warning: `my_project` (bin "cci_many_dbg") generated 1 warning
warning: variable does not need to be mutable
   --> tests/chande_cuda.rs:152:9
    |
152 |     let mut cuda = CudaChande::new(0).expect("CudaChande::new");
    |         ----^^^^
    |         |
    |         help: remove this `mut`
    |
    = note: `#[warn(unused_mut)]` on by default

warning: `my_project` (test "chande_cuda") generated 1 warning (run `cargo fix --test "chande_cuda"` to apply 1 suggestion)
    Finished `test` profile [unoptimized + debuginfo] target(s) in 10.12s
     Running tests/chande_cuda.rs (target/debug/deps/chande_cuda-954479ec55d58c3b)

running 3 tests
test chande_cuda_batch_matches_cpu ... ok
test chande_cuda_many_series_one_param_matches_cpu ... ok
test cuda_feature_off_noop ... ok

test result: ok. 3 passed; 0 failed; 0 ignored; 0 measured; 0 filtered out; finished in 0.57s


=== chandelier_exit_cuda ===
warning: function `approx_eq` is never used
 --> src/bin/cci_many_dbg.rs:2:4
  |
2 | fn approx_eq(a: f64, b: f64, tol: f64) -> bool {
  |    ^^^^^^^^^
  |
  = note: `#[warn(dead_code)]` on by default

   Compiling my_project v0.1.0 (/mnt/c/Rust Projects/my_project)
warning: `my_project` (bin "cci_many_dbg") generated 1 warning
warning: unused variable: `input`
   --> tests/chandelier_exit_cuda.rs:143:13
    |
143 |         let input = ChandelierExitInput {
    |             ^^^^^ help: if this is intentional, prefix it with an underscore: `_input`
    |
    = note: `#[warn(unused_variables)]` on by default

warning: `my_project` (test "chandelier_exit_cuda") generated 1 warning
    Finished `test` profile [unoptimized + debuginfo] target(s) in 10.15s
     Running tests/chandelier_exit_cuda.rs (target/debug/deps/chandelier_exit_cuda-230ca4d7ea47060e)

running 3 tests
test chandelier_exit_cuda_batch_matches_cpu ... ok
test chandelier_exit_cuda_many_series_one_param_matches_cpu ... ok
test cuda_feature_off_noop ... ok

test result: ok. 3 passed; 0 failed; 0 ignored; 0 measured; 0 filtered out; finished in 0.49s


=== chop_cuda ===
   Compiling my_project v0.1.0 (/mnt/c/Rust Projects/my_project)
warning: function `approx_eq` is never used
 --> src/bin/cci_many_dbg.rs:2:4
  |
2 | fn approx_eq(a: f64, b: f64, tol: f64) -> bool {
  |    ^^^^^^^^^
  |
  = note: `#[warn(dead_code)]` on by default

warning: `my_project` (bin "cci_many_dbg") generated 1 warning
warning: unused import: `ChopParams`
  --> tests/chop_cuda.rs:11:70
   |
11 | use my_project::indicators::chop::{ChopBatchBuilder, ChopBatchRange, ChopParams};
   |                                                                      ^^^^^^^^^^
   |
   = note: `#[warn(unused_imports)]` on by default

warning: `my_project` (test "chop_cuda") generated 1 warning (run `cargo fix --test "chop_cuda"` to apply 1 suggestion)
    Finished `test` profile [unoptimized + debuginfo] target(s) in 10.03s
     Running tests/chop_cuda.rs (target/debug/deps/chop_cuda-ba3bac27110e85fe)

running 2 tests
test chop_cuda_batch_matches_cpu ... ok
test cuda_feature_off_noop ... ok

test result: ok. 2 passed; 0 failed; 0 ignored; 0 measured; 0 filtered out; finished in 0.33s


=== cksp_cuda ===
warning: function `approx_eq` is never used
 --> src/bin/cci_many_dbg.rs:2:4
  |
2 | fn approx_eq(a: f64, b: f64, tol: f64) -> bool {
  |    ^^^^^^^^^
  |
  = note: `#[warn(dead_code)]` on by default

   Compiling my_project v0.1.0 (/mnt/c/Rust Projects/my_project)
warning: `my_project` (bin "cci_many_dbg") generated 1 warning
warning: unused import: `CkspParams`
 --> tests/cksp_cuda.rs:3:70
  |
3 | use my_project::indicators::cksp::{CkspBatchBuilder, CkspBatchRange, CkspParams};
  |                                                                      ^^^^^^^^^^
  |
  = note: `#[warn(unused_imports)]` on by default

warning: `my_project` (test "cksp_cuda") generated 1 warning (run `cargo fix --test "cksp_cuda"` to apply 1 suggestion)
    Finished `test` profile [unoptimized + debuginfo] target(s) in 10.09s
     Running tests/cksp_cuda.rs (target/debug/deps/cksp_cuda-ddcaa34d682f0eb9)

running 2 tests
test cksp_cuda_batch_matches_cpu ... ok
test cuda_feature_off_noop ... ok

test result: ok. 2 passed; 0 failed; 0 ignored; 0 measured; 0 filtered out; finished in 0.37s


=== cmo_cuda ===
warning: function `approx_eq` is never used
 --> src/bin/cci_many_dbg.rs:2:4
  |
2 | fn approx_eq(a: f64, b: f64, tol: f64) -> bool {
  |    ^^^^^^^^^
  |
  = note: `#[warn(dead_code)]` on by default

   Compiling my_project v0.1.0 (/mnt/c/Rust Projects/my_project)
warning: `my_project` (bin "cci_many_dbg") generated 1 warning
    Finished `test` profile [unoptimized + debuginfo] target(s) in 10.01s
     Running tests/cmo_cuda.rs (target/debug/deps/cmo_cuda-bda4c5f7388af390)

running 3 tests
test cmo_cuda_batch_matches_cpu ... ok
test cmo_cuda_many_series_one_param_matches_cpu ... ok
test cuda_feature_off_noop ... ok

test result: ok. 3 passed; 0 failed; 0 ignored; 0 measured; 0 filtered out; finished in 0.52s


=== coppock_cuda ===
   Compiling my_project v0.1.0 (/mnt/c/Rust Projects/my_project)
warning: function `approx_eq` is never used
 --> src/bin/cci_many_dbg.rs:2:4
  |
2 | fn approx_eq(a: f64, b: f64, tol: f64) -> bool {
  |    ^^^^^^^^^
  |
  = note: `#[warn(dead_code)]` on by default

warning: `my_project` (bin "cci_many_dbg") generated 1 warning
    Finished `test` profile [unoptimized + debuginfo] target(s) in 10.07s
     Running tests/coppock_cuda.rs (target/debug/deps/coppock_cuda-ad37074af192d01a)

running 3 tests
test coppock_cuda_batch_matches_cpu ... ok
test coppock_cuda_many_series_one_param_matches_cpu ... ok
test cuda_feature_off_noop ... ok

test result: ok. 3 passed; 0 failed; 0 ignored; 0 measured; 0 filtered out; finished in 0.45s


=== cora_wave_cuda ===
   Compiling my_project v0.1.0 (/mnt/c/Rust Projects/my_project)
warning: function `approx_eq` is never used
 --> src/bin/cci_many_dbg.rs:2:4
  |
2 | fn approx_eq(a: f64, b: f64, tol: f64) -> bool {
  |    ^^^^^^^^^
  |
  = note: `#[warn(dead_code)]` on by default

warning: `my_project` (bin "cci_many_dbg") generated 1 warning
    Finished `test` profile [unoptimized + debuginfo] target(s) in 10.12s
     Running tests/cora_wave_cuda.rs (target/debug/deps/cora_wave_cuda-f6302eb1f23c2db1)

running 3 tests
test cora_wave_cuda_many_series_one_param_matches_cpu ... ok
test cora_wave_cuda_one_series_many_params_matches_cpu ... ok
test cuda_feature_off_noop ... ok

test result: ok. 3 passed; 0 failed; 0 ignored; 0 measured; 0 filtered out; finished in 0.45s


=== correlation_cycle_cuda ===
warning: function `approx_eq` is never used
 --> src/bin/cci_many_dbg.rs:2:4
  |
2 | fn approx_eq(a: f64, b: f64, tol: f64) -> bool {
  |    ^^^^^^^^^
  |
  = note: `#[warn(dead_code)]` on by default

   Compiling my_project v0.1.0 (/mnt/c/Rust Projects/my_project)
warning: `my_project` (bin "cci_many_dbg") generated 1 warning
    Finished `test` profile [unoptimized + debuginfo] target(s) in 10.11s
     Running tests/correlation_cycle_cuda.rs (target/debug/deps/correlation_cycle_cuda-83ba04eb6cf545f6)

running 3 tests
test correlation_cycle_cuda_batch_matches_cpu ... ok
test correlation_cycle_cuda_many_series_one_param_matches_cpu ... ok
test cuda_feature_off_noop ... ok

test result: ok. 3 passed; 0 failed; 0 ignored; 0 measured; 0 filtered out; finished in 0.49s


=== correl_hl_cuda ===
warning: function `approx_eq` is never used
 --> src/bin/cci_many_dbg.rs:2:4
  |
2 | fn approx_eq(a: f64, b: f64, tol: f64) -> bool {
  |    ^^^^^^^^^
  |
  = note: `#[warn(dead_code)]` on by default

   Compiling my_project v0.1.0 (/mnt/c/Rust Projects/my_project)
warning: `my_project` (bin "cci_many_dbg") generated 1 warning
    Finished `test` profile [unoptimized + debuginfo] target(s) in 10.00s
     Running tests/correl_hl_cuda.rs (target/debug/deps/correl_hl_cuda-58949abe98c00c18)

running 3 tests
test correl_hl_cuda_batch_matches_cpu ... ok
test correl_hl_cuda_many_series_one_param_matches_cpu ... ok
test cuda_feature_off_noop ... ok

test result: ok. 3 passed; 0 failed; 0 ignored; 0 measured; 0 filtered out; finished in 0.62s


=== cvi_cuda ===
   Compiling my_project v0.1.0 (/mnt/c/Rust Projects/my_project)
warning: function `approx_eq` is never used
 --> src/bin/cci_many_dbg.rs:2:4
  |
2 | fn approx_eq(a: f64, b: f64, tol: f64) -> bool {
  |    ^^^^^^^^^
  |
  = note: `#[warn(dead_code)]` on by default

warning: `my_project` (bin "cci_many_dbg") generated 1 warning
    Finished `test` profile [unoptimized + debuginfo] target(s) in 10.04s
     Running tests/cvi_cuda.rs (target/debug/deps/cvi_cuda-57ee58d45174fab6)

running 3 tests
test cuda_feature_off_noop ... ok
test cvi_cuda_batch_matches_cpu ... ok
test cvi_cuda_many_series_one_param_matches_cpu ... ok

test result: ok. 3 passed; 0 failed; 0 ignored; 0 measured; 0 filtered out; finished in 0.51s


=== cwma_cuda ===
   Compiling my_project v0.1.0 (/mnt/c/Rust Projects/my_project)
warning: function `approx_eq` is never used
 --> src/bin/cci_many_dbg.rs:2:4
  |
2 | fn approx_eq(a: f64, b: f64, tol: f64) -> bool {
  |    ^^^^^^^^^
  |
  = note: `#[warn(dead_code)]` on by default

warning: `my_project` (bin "cci_many_dbg") generated 1 warning
warning: variable does not need to be mutable
   --> tests/cwma_cuda.rs:191:9
    |
191 |     let mut cuda = CudaCwma::new_with_policy(
    |         ----^^^^
    |         |
    |         help: remove this `mut`
    |
    = note: `#[warn(unused_mut)]` on by default

warning: variable does not need to be mutable
   --> tests/cwma_cuda.rs:270:9
    |
270 |     let mut cuda = CudaCwma::new_with_policy(
    |         ----^^^^
    |         |
    |         help: remove this `mut`

warning: `my_project` (test "cwma_cuda") generated 2 warnings (run `cargo fix --test "cwma_cuda"` to apply 2 suggestions)
    Finished `test` profile [unoptimized + debuginfo] target(s) in 10.02s
     Running tests/cwma_cuda.rs (target/debug/deps/cwma_cuda-40a286001dea903f)

running 5 tests
test cuda_feature_off_noop ... ok
test cwma_cuda_batched_tiled_matches_cpu ... ok
test cwma_cuda_many_series_one_param_matches_cpu ... ok
test cwma_cuda_many_series_tiled2d_matches_cpu ... ok
test cwma_cuda_one_series_many_params_matches_cpu ... ok

test result: ok. 5 passed; 0 failed; 0 ignored; 0 measured; 0 filtered out; finished in 1.11s


=== damiani_volatmeter_cuda ===
warning: function `approx_eq` is never used
 --> src/bin/cci_many_dbg.rs:2:4
  |
2 | fn approx_eq(a: f64, b: f64, tol: f64) -> bool {
  |    ^^^^^^^^^
  |
  = note: `#[warn(dead_code)]` on by default

   Compiling my_project v0.1.0 (/mnt/c/Rust Projects/my_project)
warning: `my_project` (bin "cci_many_dbg") generated 1 warning
warning: function `approx_eq` is never used
  --> tests/damiani_volatmeter_cuda.rs:13:4
   |
13 | fn approx_eq(a: f64, b: f64, tol: f64) -> bool {
   |    ^^^^^^^^^
   |
   = note: `#[warn(dead_code)]` on by default

warning: `my_project` (test "damiani_volatmeter_cuda") generated 1 warning
    Finished `test` profile [unoptimized + debuginfo] target(s) in 10.10s
     Running tests/damiani_volatmeter_cuda.rs (target/debug/deps/damiani_volatmeter_cuda-563661db1127c777)

running 2 tests
test cuda_feature_off_noop ... ok
test damiani_cuda_batch_matches_cpu ... ok

test result: ok. 2 passed; 0 failed; 0 ignored; 0 measured; 0 filtered out; finished in 0.38s


=== dec_osc_cuda ===
   Compiling my_project v0.1.0 (/mnt/c/Rust Projects/my_project)
warning: function `approx_eq` is never used
 --> src/bin/cci_many_dbg.rs:2:4
  |
2 | fn approx_eq(a: f64, b: f64, tol: f64) -> bool {
  |    ^^^^^^^^^
  |
  = note: `#[warn(dead_code)]` on by default

warning: `my_project` (bin "cci_many_dbg") generated 1 warning
warning: unused import: `DecOscBatchBuilder`
 --> tests/dec_osc_cuda.rs:4:53
  |
4 |     dec_osc_batch_with_kernel, dec_osc_with_kernel, DecOscBatchBuilder, DecOscBatchRange,
  |                                                     ^^^^^^^^^^^^^^^^^^
  |
  = note: `#[warn(unused_imports)]` on by default

warning: `my_project` (test "dec_osc_cuda") generated 1 warning (run `cargo fix --test "dec_osc_cuda"` to apply 1 suggestion)
    Finished `test` profile [unoptimized + debuginfo] target(s) in 10.40s
     Running tests/dec_osc_cuda.rs (target/debug/deps/dec_osc_cuda-4452823d90f7c710)

running 3 tests
test cuda_feature_off_noop_dec_osc ... ok
test dec_osc_cuda_batch_matches_cpu ... ok
test dec_osc_cuda_many_series_one_param_matches_cpu ... ok

test result: ok. 3 passed; 0 failed; 0 ignored; 0 measured; 0 filtered out; finished in 0.50s


=== decycler_cuda ===
   Compiling my_project v0.1.0 (/mnt/c/Rust Projects/my_project)
warning: function `approx_eq` is never used
 --> src/bin/cci_many_dbg.rs:2:4
  |
2 | fn approx_eq(a: f64, b: f64, tol: f64) -> bool {
  |    ^^^^^^^^^
  |
  = note: `#[warn(dead_code)]` on by default

warning: `my_project` (bin "cci_many_dbg") generated 1 warning
    Finished `test` profile [unoptimized + debuginfo] target(s) in 11.93s
     Running tests/decycler_cuda.rs (target/debug/deps/decycler_cuda-15c89f43ddbdf91b)

running 3 tests
test cuda_feature_off_noop ... ok
test decycler_cuda_batch_matches_cpu ... ok
test decycler_cuda_many_series_one_param_matches_cpu ... ok

test result: ok. 3 passed; 0 failed; 0 ignored; 0 measured; 0 filtered out; finished in 0.45s


=== dema_cuda ===
   Compiling my_project v0.1.0 (/mnt/c/Rust Projects/my_project)
warning: function `approx_eq` is never used
 --> src/bin/cci_many_dbg.rs:2:4
  |
2 | fn approx_eq(a: f64, b: f64, tol: f64) -> bool {
  |    ^^^^^^^^^
  |
  = note: `#[warn(dead_code)]` on by default

warning: `my_project` (bin "cci_many_dbg") generated 1 warning
warning: function `expand_grid_count` is never used
   --> tests/dema_cuda.rs:135:4
    |
135 | fn expand_grid_count(range: &DemaBatchRange) -> usize {
    |    ^^^^^^^^^^^^^^^^^
    |
    = note: `#[warn(dead_code)]` on by default

warning: `my_project` (test "dema_cuda") generated 1 warning
    Finished `test` profile [unoptimized + debuginfo] target(s) in 10.28s
     Running tests/dema_cuda.rs (target/debug/deps/dema_cuda-edda3661078aa03c)

running 4 tests
test cuda_feature_off_noop ... ok
test dema_cuda_batch_matches_cpu ... ok
test dema_cuda_host_copy_matches_cpu ... ok
test dema_cuda_many_series_one_param_matches_cpu ... ok

test result: ok. 4 passed; 0 failed; 0 ignored; 0 measured; 0 filtered out; finished in 0.62s


=== deviation_cuda ===
   Compiling my_project v0.1.0 (/mnt/c/Rust Projects/my_project)
warning: function `approx_eq` is never used
 --> src/bin/cci_many_dbg.rs:2:4
  |
2 | fn approx_eq(a: f64, b: f64, tol: f64) -> bool {
  |    ^^^^^^^^^
  |
  = note: `#[warn(dead_code)]` on by default

warning: `my_project` (bin "cci_many_dbg") generated 1 warning
    Finished `test` profile [unoptimized + debuginfo] target(s) in 10.34s
     Running tests/deviation_cuda.rs (target/debug/deps/deviation_cuda-e36463aef5c409fb)

running 3 tests
test cuda_feature_off_noop ... ok
test deviation_cuda_batch_matches_cpu ... ok
test deviation_cuda_many_series_one_param_matches_cpu ... ok

test result: ok. 3 passed; 0 failed; 0 ignored; 0 measured; 0 filtered out; finished in 0.49s


=== devstop_cuda ===
   Compiling my_project v0.1.0 (/mnt/c/Rust Projects/my_project)
warning: function `approx_eq` is never used
 --> src/bin/cci_many_dbg.rs:2:4
  |
2 | fn approx_eq(a: f64, b: f64, tol: f64) -> bool {
  |    ^^^^^^^^^
  |
  = note: `#[warn(dead_code)]` on by default

warning: `my_project` (bin "cci_many_dbg") generated 1 warning
warning: unnecessary parentheses around assigned value
  --> tests/devstop_cuda.rs:45:19
   |
45 |         let off = (0.35 + 0.01 * (x * 0.00031).cos().abs());
   |                   ^                                       ^
   |
   = note: `#[warn(unused_parens)]` on by default
help: remove these parentheses
   |
45 -         let off = (0.35 + 0.01 * (x * 0.00031).cos().abs());
45 +         let off = 0.35 + 0.01 * (x * 0.00031).cos().abs();
   |

warning: `my_project` (test "devstop_cuda") generated 1 warning (run `cargo fix --test "devstop_cuda"` to apply 1 suggestion)
    Finished `test` profile [unoptimized + debuginfo] target(s) in 10.44s
     Running tests/devstop_cuda.rs (target/debug/deps/devstop_cuda-c446d47160f21f8d)

running 3 tests
test cuda_feature_off_noop ... ok
test devstop_cuda_batch_matches_cpu ... ok
test devstop_cuda_many_series_one_param_matches_cpu ... ok

test result: ok. 3 passed; 0 failed; 0 ignored; 0 measured; 0 filtered out; finished in 0.72s


=== di_cuda ===
   Compiling my_project v0.1.0 (/mnt/c/Rust Projects/my_project)
warning: function `approx_eq` is never used
 --> src/bin/cci_many_dbg.rs:2:4
  |
2 | fn approx_eq(a: f64, b: f64, tol: f64) -> bool {
  |    ^^^^^^^^^
  |
  = note: `#[warn(dead_code)]` on by default

warning: `my_project` (bin "cci_many_dbg") generated 1 warning
    Finished `test` profile [unoptimized + debuginfo] target(s) in 10.33s
     Running tests/di_cuda.rs (target/debug/deps/di_cuda-bb0fb25af5e17e43)

running 3 tests
test cuda_feature_off_noop ... ok
test di_cuda_batch_matches_cpu ... ok
test di_cuda_many_series_one_param_matches_cpu ... ok

test result: ok. 3 passed; 0 failed; 0 ignored; 0 measured; 0 filtered out; finished in 0.46s


=== dma_cuda ===
   Compiling my_project v0.1.0 (/mnt/c/Rust Projects/my_project)
warning: function `approx_eq` is never used
 --> src/bin/cci_many_dbg.rs:2:4
  |
2 | fn approx_eq(a: f64, b: f64, tol: f64) -> bool {
  |    ^^^^^^^^^
  |
  = note: `#[warn(dead_code)]` on by default

warning: `my_project` (bin "cci_many_dbg") generated 1 warning
    Finished `test` profile [unoptimized + debuginfo] target(s) in 10.33s
     Running tests/dma_cuda.rs (target/debug/deps/dma_cuda-fb93d0e1c52da09c)

running 4 tests
test cuda_feature_off_noop ... ok
test dma_cuda_batch_ema_matches_cpu ... ok
test dma_cuda_batch_wma_matches_cpu ... ok
test dma_cuda_many_series_one_param_matches_cpu ... ok

test result: ok. 4 passed; 0 failed; 0 ignored; 0 measured; 0 filtered out; finished in 0.60s


=== dma_cuda_variants ===
warning: function `approx_eq` is never used
 --> src/bin/cci_many_dbg.rs:2:4
  |
2 | fn approx_eq(a: f64, b: f64, tol: f64) -> bool {
  |    ^^^^^^^^^
  |
  = note: `#[warn(dead_code)]` on by default

   Compiling my_project v0.1.0 (/mnt/c/Rust Projects/my_project)
warning: `my_project` (bin "cci_many_dbg") generated 1 warning
warning: variable does not need to be mutable
  --> tests/dma_cuda_variants.rs:71:9
   |
71 |     let mut cuda = CudaDma::new_with_policy(0, policy).expect("cuda dma");
   |         ----^^^^
   |         |
   |         help: remove this `mut`
   |
   = note: `#[warn(unused_mut)]` on by default

warning: variable does not need to be mutable
   --> tests/dma_cuda_variants.rs:138:9
    |
138 |     let mut cuda = CudaDma::new_with_policy(0, policy).expect("cuda dma");
    |         ----^^^^
    |         |
    |         help: remove this `mut`

warning: `my_project` (test "dma_cuda_variants") generated 2 warnings (run `cargo fix --test "dma_cuda_variants"` to apply 2 suggestions)
    Finished `test` profile [unoptimized + debuginfo] target(s) in 10.19s
     Running tests/dma_cuda_variants.rs (target/debug/deps/dma_cuda_variants-b68b71794a3e0d50)

running 6 tests
test cuda_feature_off_compiles ... ok
test dma_batch_plain_matches_cpu ... ok
test dma_batch_tiled_matches_cpu ... ok
test dma_many_series_1d_matches_cpu ... ok
test dma_many_series_2d_ty2_matches_cpu ... ok
test dma_many_series_2d_ty4_matches_cpu ... ok

test result: ok. 6 passed; 0 failed; 0 ignored; 0 measured; 0 filtered out; finished in 2.11s


=== dm_cuda ===
   Compiling my_project v0.1.0 (/mnt/c/Rust Projects/my_project)
warning: function `approx_eq` is never used
 --> src/bin/cci_many_dbg.rs:2:4
  |
2 | fn approx_eq(a: f64, b: f64, tol: f64) -> bool {
  |    ^^^^^^^^^
  |
  = note: `#[warn(dead_code)]` on by default

warning: `my_project` (bin "cci_many_dbg") generated 1 warning
    Finished `test` profile [unoptimized + debuginfo] target(s) in 10.29s
     Running tests/dm_cuda.rs (target/debug/deps/dm_cuda-f5e606c111862e08)

running 3 tests
test cuda_feature_off_noop ... ok
test dm_cuda_batch_matches_cpu ... [dm] batch kernel: block_x=768 rows=8 len=8192
ok
test dm_cuda_many_series_one_param_matches_cpu ... [dm] many-series kernel: block_x=768 cols=8 rows=1024 period=14
ok

test result: ok. 3 passed; 0 failed; 0 ignored; 0 measured; 0 filtered out; finished in 0.46s


=== donchian_cuda ===
   Compiling my_project v0.1.0 (/mnt/c/Rust Projects/my_project)
warning: function `approx_eq` is never used
 --> src/bin/cci_many_dbg.rs:2:4
  |
2 | fn approx_eq(a: f64, b: f64, tol: f64) -> bool {
  |    ^^^^^^^^^
  |
  = note: `#[warn(dead_code)]` on by default

warning: `my_project` (bin "cci_many_dbg") generated 1 warning
    Finished `test` profile [unoptimized + debuginfo] target(s) in 10.21s
     Running tests/donchian_cuda.rs (target/debug/deps/donchian_cuda-73d187137c87358c)

running 3 tests
test cuda_feature_off_noop ... ok
test donchian_cuda_batch_matches_cpu ... ok
test donchian_cuda_many_series_one_param_matches_cpu ... ok

test result: ok. 3 passed; 0 failed; 0 ignored; 0 measured; 0 filtered out; finished in 0.61s


=== dpo_cuda ===
warning: function `approx_eq` is never used
 --> src/bin/cci_many_dbg.rs:2:4
  |
2 | fn approx_eq(a: f64, b: f64, tol: f64) -> bool {
  |    ^^^^^^^^^
  |
  = note: `#[warn(dead_code)]` on by default

   Compiling my_project v0.1.0 (/mnt/c/Rust Projects/my_project)
warning: `my_project` (bin "cci_many_dbg") generated 1 warning
warning: unused import: `DpoBuilder`
 --> tests/dpo_cuda.rs:4:60
  |
4 |     dpo_batch_with_kernel, dpo_with_kernel, DpoBatchRange, DpoBuilder, DpoInput, DpoParams,
  |                                                            ^^^^^^^^^^
  |
  = note: `#[warn(unused_imports)]` on by default

warning: unused variable: `sweep`
  --> tests/dpo_cuda.rs:47:9
   |
47 |     let sweep = DpoBatchRange {
   |         ^^^^^ help: if this is intentional, prefix it with an underscore: `_sweep`
   |
   = note: `#[warn(unused_variables)]` on by default

warning: unused variable: `dev`
  --> tests/dpo_cuda.rs:58:9
   |
58 |     let dev = cuda
   |         ^^^ help: if this is intentional, prefix it with an underscore: `_dev`

warning: unused variable: `params`
   --> tests/dpo_cuda.rs:119:13
    |
119 |         let params = DpoParams {
    |             ^^^^^^ help: if this is intentional, prefix it with an underscore: `_params`

warning: `my_project` (test "dpo_cuda") generated 4 warnings (run `cargo fix --test "dpo_cuda"` to apply 1 suggestion)
    Finished `test` profile [unoptimized + debuginfo] target(s) in 10.14s
     Running tests/dpo_cuda.rs (target/debug/deps/dpo_cuda-a5a510352ca62469)

running 3 tests
test cuda_feature_off_noop ... ok
test dpo_cuda_batch_matches_cpu ... ok
test dpo_cuda_many_series_one_param_matches_cpu ... ok

test result: ok. 3 passed; 0 failed; 0 ignored; 0 measured; 0 filtered out; finished in 0.51s


=== dti_cuda ===
warning: function `approx_eq` is never used
 --> src/bin/cci_many_dbg.rs:2:4
  |
2 | fn approx_eq(a: f64, b: f64, tol: f64) -> bool {
  |    ^^^^^^^^^
  |
  = note: `#[warn(dead_code)]` on by default

   Compiling my_project v0.1.0 (/mnt/c/Rust Projects/my_project)
warning: `my_project` (bin "cci_many_dbg") generated 1 warning
warning: unused import: `DtiBatchBuilder`
 --> tests/dti_cuda.rs:3:35
  |
3 | use my_project::indicators::dti::{DtiBatchBuilder, DtiBatchRange, DtiParams};
  |                                   ^^^^^^^^^^^^^^^
  |
  = note: `#[warn(unused_imports)]` on by default

warning: unused variable: `br`
  --> tests/dti_cuda.rs:89:18
   |
89 |             let (br, bs, bu) = (1.0 - ar, 1.0 - as_, 1.0 - au);
   |                  ^^ help: if this is intentional, prefix it with an underscore: `_br`
   |
   = note: `#[warn(unused_variables)]` on by default

warning: unused variable: `bs`
  --> tests/dti_cuda.rs:89:22
   |
89 |             let (br, bs, bu) = (1.0 - ar, 1.0 - as_, 1.0 - au);
   |                      ^^ help: if this is intentional, prefix it with an underscore: `_bs`

warning: unused variable: `bu`
  --> tests/dti_cuda.rs:89:26
   |
89 |             let (br, bs, bu) = (1.0 - ar, 1.0 - as_, 1.0 - au);
   |                          ^^ help: if this is intentional, prefix it with an underscore: `_bu`

warning: unused variable: `br`
   --> tests/dti_cuda.rs:191:10
    |
191 |     let (br, bs, bu) = (1.0 - ar, 1.0 - as_, 1.0 - au);
    |          ^^ help: if this is intentional, prefix it with an underscore: `_br`

warning: unused variable: `bs`
   --> tests/dti_cuda.rs:191:14
    |
191 |     let (br, bs, bu) = (1.0 - ar, 1.0 - as_, 1.0 - au);
    |              ^^ help: if this is intentional, prefix it with an underscore: `_bs`

warning: unused variable: `bu`
   --> tests/dti_cuda.rs:191:18
    |
191 |     let (br, bs, bu) = (1.0 - ar, 1.0 - as_, 1.0 - au);
    |                  ^^ help: if this is intentional, prefix it with an underscore: `_bu`

warning: `my_project` (test "dti_cuda") generated 7 warnings (run `cargo fix --test "dti_cuda"` to apply 1 suggestion)
    Finished `test` profile [unoptimized + debuginfo] target(s) in 10.16s
     Running tests/dti_cuda.rs (target/debug/deps/dti_cuda-9439106332d46145)

running 3 tests
test cuda_feature_off_noop ... ok
test dti_cuda_batch_matches_cpu ... ok
test dti_cuda_many_series_one_param_matches_cpu ... ok

test result: ok. 3 passed; 0 failed; 0 ignored; 0 measured; 0 filtered out; finished in 0.61s


=== dvdiqqe_cuda ===
   Compiling my_project v0.1.0 (/mnt/c/Rust Projects/my_project)
warning: function `approx_eq` is never used
 --> src/bin/cci_many_dbg.rs:2:4
  |
2 | fn approx_eq(a: f64, b: f64, tol: f64) -> bool {
  |    ^^^^^^^^^
  |
  = note: `#[warn(dead_code)]` on by default

warning: `my_project` (bin "cci_many_dbg") generated 1 warning
warning: unused import: `my_project::utilities::data_loader::Candles`
 --> tests/dvdiqqe_cuda.rs:6:5
  |
6 | use my_project::utilities::data_loader::Candles;
  |     ^^^^^^^^^^^^^^^^^^^^^^^^^^^^^^^^^^^^^^^^^^^
  |
  = note: `#[warn(unused_imports)]` on by default

warning: unused variable: `ts`
  --> tests/dvdiqqe_cuda.rs:35:9
   |
35 |     let ts: Vec<i64> = (0..len as i64).collect();
   |         ^^ help: if this is intentional, prefix it with an underscore: `_ts`
   |
   = note: `#[warn(unused_variables)]` on by default

warning: unused variable: `tol`
  --> tests/dvdiqqe_cuda.rs:99:9
   |
99 |     let tol = 2e-2; // chained EMAs in fp32
   |         ^^^ help: if this is intentional, prefix it with an underscore: `_tol`

warning: `my_project` (test "dvdiqqe_cuda") generated 3 warnings (run `cargo fix --test "dvdiqqe_cuda"` to apply 1 suggestion)
    Finished `test` profile [unoptimized + debuginfo] target(s) in 10.21s
     Running tests/dvdiqqe_cuda.rs (target/debug/deps/dvdiqqe_cuda-d8e9f5c5b7ec0b45)

running 3 tests
test dvdiqqe_cuda_batch_matches_cpu ... ok
test dvdiqqe_cuda_feature_off_noop ... ok
test dvdiqqe_cuda_many_series_one_param_matches_cpu ... ok

test result: ok. 3 passed; 0 failed; 0 ignored; 0 measured; 0 filtered out; finished in 1.23s


=== dx_cuda ===
warning: function `approx_eq` is never used
 --> src/bin/cci_many_dbg.rs:2:4
  |
2 | fn approx_eq(a: f64, b: f64, tol: f64) -> bool {
  |    ^^^^^^^^^
  |
  = note: `#[warn(dead_code)]` on by default

   Compiling my_project v0.1.0 (/mnt/c/Rust Projects/my_project)
warning: `my_project` (bin "cci_many_dbg") generated 1 warning
    Finished `test` profile [unoptimized + debuginfo] target(s) in 10.27s
     Running tests/dx_cuda.rs (target/debug/deps/dx_cuda-f03a159e44ef921a)

running 3 tests
test cuda_feature_off_noop ... ok
test dx_cuda_batch_matches_cpu ... ok
test dx_cuda_many_series_one_param_matches_cpu ... ok

test result: ok. 3 passed; 0 failed; 0 ignored; 0 measured; 0 filtered out; finished in 0.52s


=== edcf_cuda ===
   Compiling my_project v0.1.0 (/mnt/c/Rust Projects/my_project)
warning: function `approx_eq` is never used
 --> src/bin/cci_many_dbg.rs:2:4
  |
2 | fn approx_eq(a: f64, b: f64, tol: f64) -> bool {
  |    ^^^^^^^^^
  |
  = note: `#[warn(dead_code)]` on by default

warning: `my_project` (bin "cci_many_dbg") generated 1 warning
    Finished `test` profile [unoptimized + debuginfo] target(s) in 10.19s
     Running tests/edcf_cuda.rs (target/debug/deps/edcf_cuda-ccda882c7558cdf1)

running 3 tests
test cuda_feature_off_noop ... ok
test edcf_cuda_batch_device_reuse_matches_cpu ... ok
test edcf_cuda_batch_matches_cpu ... ok

test result: ok. 3 passed; 0 failed; 0 ignored; 0 measured; 0 filtered out; finished in 0.56s


=== edcf_cuda_variants ===
   Compiling my_project v0.1.0 (/mnt/c/Rust Projects/my_project)
warning: function `approx_eq` is never used
 --> src/bin/cci_many_dbg.rs:2:4
  |
2 | fn approx_eq(a: f64, b: f64, tol: f64) -> bool {
  |    ^^^^^^^^^
  |
  = note: `#[warn(dead_code)]` on by default

warning: `my_project` (bin "cci_many_dbg") generated 1 warning
warning: variable does not need to be mutable
  --> tests/edcf_cuda_variants.rs:77:9
   |
77 |     let mut cuda = CudaEdcf::new_with_policy(0, policy).expect("cuda edcf");
   |         ----^^^^
   |         |
   |         help: remove this `mut`
   |
   = note: `#[warn(unused_mut)]` on by default

warning: `my_project` (test "edcf_cuda_variants") generated 1 warning (run `cargo fix --test "edcf_cuda_variants"` to apply 1 suggestion)
    Finished `test` profile [unoptimized + debuginfo] target(s) in 10.18s
     Running tests/edcf_cuda_variants.rs (target/debug/deps/edcf_cuda_variants-4b6efaf172790a49)

running 6 tests
test cuda_feature_off_compiles ... ok
test edcf_batch_plain_matches_cpu ... ok
test edcf_batch_tiled_matches_cpu ... ok
test edcf_many_series_1d_matches_cpu ... ok
test edcf_many_series_2d_ty2_matches_cpu ... ok
test edcf_many_series_2d_ty4_matches_cpu ... ok

test result: ok. 6 passed; 0 failed; 0 ignored; 0 measured; 0 filtered out; finished in 1.84s


=== efi_cuda ===
warning: function `approx_eq` is never used
 --> src/bin/cci_many_dbg.rs:2:4
  |
2 | fn approx_eq(a: f64, b: f64, tol: f64) -> bool {
  |    ^^^^^^^^^
  |
  = note: `#[warn(dead_code)]` on by default

   Compiling my_project v0.1.0 (/mnt/c/Rust Projects/my_project)
warning: `my_project` (bin "cci_many_dbg") generated 1 warning
    Finished `test` profile [unoptimized + debuginfo] target(s) in 10.24s
     Running tests/efi_cuda.rs (target/debug/deps/efi_cuda-4b5bc0f99de50682)

running 3 tests
test cuda_feature_off_noop ... ok
test efi_cuda_batch_matches_cpu ... ok
test efi_cuda_many_series_one_param_matches_cpu ... ok

test result: ok. 3 passed; 0 failed; 0 ignored; 0 measured; 0 filtered out; finished in 0.56s


=== ehlers_ecema_cuda ===
warning: function `approx_eq` is never used
 --> src/bin/cci_many_dbg.rs:2:4
  |
2 | fn approx_eq(a: f64, b: f64, tol: f64) -> bool {
  |    ^^^^^^^^^
  |
  = note: `#[warn(dead_code)]` on by default

   Compiling my_project v0.1.0 (/mnt/c/Rust Projects/my_project)
warning: `my_project` (bin "cci_many_dbg") generated 1 warning
    Finished `test` profile [unoptimized + debuginfo] target(s) in 10.27s
     Running tests/ehlers_ecema_cuda.rs (target/debug/deps/ehlers_ecema_cuda-d6067a0a62a51a58)

running 4 tests
test cuda_feature_off_noop ... ok
test ehlers_ecema_cuda_batch_matches_cpu ... ok
test ehlers_ecema_cuda_batch_pine_confirmed_matches_cpu ... ok
test ehlers_ecema_cuda_many_series_one_param_matches_cpu ... ok

test result: ok. 4 passed; 0 failed; 0 ignored; 0 measured; 0 filtered out; finished in 0.74s


=== ehlers_ecema_cuda_variants ===
   Compiling my_project v0.1.0 (/mnt/c/Rust Projects/my_project)
warning: function `approx_eq` is never used
 --> src/bin/cci_many_dbg.rs:2:4
  |
2 | fn approx_eq(a: f64, b: f64, tol: f64) -> bool {
  |    ^^^^^^^^^
  |
  = note: `#[warn(dead_code)]` on by default

warning: `my_project` (bin "cci_many_dbg") generated 1 warning
warning: variable does not need to be mutable
  --> tests/ehlers_ecema_cuda_variants.rs:50:9
   |
50 |     let mut cuda_plain = CudaEhlersEcema::new_with_policy(
   |         ----^^^^^^^^^^
   |         |
   |         help: remove this `mut`
   |
   = note: `#[warn(unused_mut)]` on by default

warning: variable does not need to be mutable
  --> tests/ehlers_ecema_cuda_variants.rs:68:9
   |
68 |     let mut cuda_tiled = CudaEhlersEcema::new_with_policy(
   |         ----^^^^^^^^^^
   |         |
   |         help: remove this `mut`

warning: variable does not need to be mutable
   --> tests/ehlers_ecema_cuda_variants.rs:155:9
    |
155 |     let mut cuda_1d = CudaEhlersEcema::new_with_policy(
    |         ----^^^^^^^
    |         |
    |         help: remove this `mut`

warning: variable does not need to be mutable
   --> tests/ehlers_ecema_cuda_variants.rs:168:9
    |
168 |     let mut cuda_2d = CudaEhlersEcema::new_with_policy(
    |         ----^^^^^^^
    |         |
    |         help: remove this `mut`

warning: `my_project` (test "ehlers_ecema_cuda_variants") generated 4 warnings (run `cargo fix --test "ehlers_ecema_cuda_variants"` to apply 4 suggestions)
    Finished `test` profile [unoptimized + debuginfo] target(s) in 10.12s
     Running tests/ehlers_ecema_cuda_variants.rs (target/debug/deps/ehlers_ecema_cuda_variants-3cb335ff6f7734a7)

running 2 tests
test ecema_cuda_variants_batch_plain_and_tiled_match_cpu ... ok
test ecema_cuda_variants_many_series_1d_and_2d_match_cpu ... ok

test result: ok. 2 passed; 0 failed; 0 ignored; 0 measured; 0 filtered out; finished in 0.66s


=== ehlers_itrend_cuda ===
   Compiling my_project v0.1.0 (/mnt/c/Rust Projects/my_project)
warning: function `approx_eq` is never used
 --> src/bin/cci_many_dbg.rs:2:4
  |
2 | fn approx_eq(a: f64, b: f64, tol: f64) -> bool {
  |    ^^^^^^^^^
  |
  = note: `#[warn(dead_code)]` on by default

warning: `my_project` (bin "cci_many_dbg") generated 1 warning
    Finished `test` profile [unoptimized + debuginfo] target(s) in 10.02s
     Running tests/ehlers_itrend_cuda.rs (target/debug/deps/ehlers_itrend_cuda-b8d508a0f5106e49)

running 3 tests
test cuda_feature_off_noop ... ok
test ehlers_itrend_cuda_batch_matches_cpu ... ok
test ehlers_itrend_cuda_many_series_one_param_matches_cpu ... ok

test result: ok. 3 passed; 0 failed; 0 ignored; 0 measured; 0 filtered out; finished in 0.56s


=== ehlers_kama_cuda ===
warning: function `approx_eq` is never used
 --> src/bin/cci_many_dbg.rs:2:4
  |
2 | fn approx_eq(a: f64, b: f64, tol: f64) -> bool {
  |    ^^^^^^^^^
  |
  = note: `#[warn(dead_code)]` on by default

   Compiling my_project v0.1.0 (/mnt/c/Rust Projects/my_project)
warning: `my_project` (bin "cci_many_dbg") generated 1 warning
warning: variable does not need to be mutable
   --> tests/ehlers_kama_cuda.rs:206:9
    |
206 |     let mut cuda = CudaEhlersKama::new_with_policy(
    |         ----^^^^
    |         |
    |         help: remove this `mut`
    |
    = note: `#[warn(unused_mut)]` on by default

warning: `my_project` (test "ehlers_kama_cuda") generated 1 warning (run `cargo fix --test "ehlers_kama_cuda"` to apply 1 suggestion)
    Finished `test` profile [unoptimized + debuginfo] target(s) in 10.17s
     Running tests/ehlers_kama_cuda.rs (target/debug/deps/ehlers_kama_cuda-89263a59f5ad28bb)

running 4 tests
test cuda_feature_off_noop ... ok
test ehlers_kama_cuda_batch_matches_cpu ... ok
test ehlers_kama_cuda_many_series_one_param_matches_cpu ... ok
test ehlers_kama_cuda_many_series_one_param_tiled2d_matches_cpu ... ok

test result: ok. 4 passed; 0 failed; 0 ignored; 0 measured; 0 filtered out; finished in 0.62s


=== ehlers_pma_cuda ===
warning: function `approx_eq` is never used
 --> src/bin/cci_many_dbg.rs:2:4
  |
2 | fn approx_eq(a: f64, b: f64, tol: f64) -> bool {
  |    ^^^^^^^^^
  |
  = note: `#[warn(dead_code)]` on by default

   Compiling my_project v0.1.0 (/mnt/c/Rust Projects/my_project)
warning: `my_project` (bin "cci_many_dbg") generated 1 warning
    Finished `test` profile [unoptimized + debuginfo] target(s) in 10.16s
     Running tests/ehlers_pma_cuda.rs (target/debug/deps/ehlers_pma_cuda-ba9f1ddb54d471d7)

running 3 tests
test cuda_feature_off_noop ... ok
test ehlers_pma_cuda_many_series_one_param_matches_cpu ... ok
test ehlers_pma_cuda_one_series_many_params_matches_cpu ... ok

test result: ok. 3 passed; 0 failed; 0 ignored; 0 measured; 0 filtered out; finished in 0.57s


=== ehlers_pma_cuda_variants ===
   Compiling my_project v0.1.0 (/mnt/c/Rust Projects/my_project)
warning: function `approx_eq` is never used
 --> src/bin/cci_many_dbg.rs:2:4
  |
2 | fn approx_eq(a: f64, b: f64, tol: f64) -> bool {
  |    ^^^^^^^^^
  |
  = note: `#[warn(dead_code)]` on by default

warning: `my_project` (bin "cci_many_dbg") generated 1 warning
warning: unused import: `my_project::utilities::enums::Kernel`
 --> tests/ehlers_pma_cuda_variants.rs:6:5
  |
6 | use my_project::utilities::enums::Kernel;
  |     ^^^^^^^^^^^^^^^^^^^^^^^^^^^^^^^^^^^^
  |
  = note: `#[warn(unused_imports)]` on by default

warning: variable does not need to be mutable
  --> tests/ehlers_pma_cuda_variants.rs:69:9
   |
69 |     let mut cuda = CudaEhlersPma::new_with_policy(0, policy).expect("cuda pma");
   |         ----^^^^
   |         |
   |         help: remove this `mut`
   |
   = note: `#[warn(unused_mut)]` on by default

warning: variable does not need to be mutable
   --> tests/ehlers_pma_cuda_variants.rs:128:9
    |
128 |     let mut cuda = CudaEhlersPma::new_with_policy(0, policy).expect("cuda pma");
    |         ----^^^^
    |         |
    |         help: remove this `mut`

warning: `my_project` (test "ehlers_pma_cuda_variants") generated 3 warnings (run `cargo fix --test "ehlers_pma_cuda_variants"` to apply 3 suggestions)
    Finished `test` profile [unoptimized + debuginfo] target(s) in 10.00s
     Running tests/ehlers_pma_cuda_variants.rs (target/debug/deps/ehlers_pma_cuda_variants-32108211d2191236)

running 6 tests
test cuda_feature_off_compiles ... ok
test ehlers_pma_batch_plain_matches_cpu ... ok
test ehlers_pma_batch_tiled_matches_cpu ... ok
test ehlers_pma_many_series_1d_matches_cpu ... ok
test ehlers_pma_many_series_2d_ty2_matches_cpu ... ok
test ehlers_pma_many_series_2d_ty4_matches_cpu ... ok

test result: ok. 6 passed; 0 failed; 0 ignored; 0 measured; 0 filtered out; finished in 1.17s


=== ehma_cuda ===
   Compiling my_project v0.1.0 (/mnt/c/Rust Projects/my_project)
warning: function `approx_eq` is never used
 --> src/bin/cci_many_dbg.rs:2:4
  |
2 | fn approx_eq(a: f64, b: f64, tol: f64) -> bool {
  |    ^^^^^^^^^
  |
  = note: `#[warn(dead_code)]` on by default

warning: `my_project` (bin "cci_many_dbg") generated 1 warning
    Finished `test` profile [unoptimized + debuginfo] target(s) in 10.10s
     Running tests/ehma_cuda.rs (target/debug/deps/ehma_cuda-b2db4da8885f6912)

running 3 tests
test cuda_feature_off_noop ... ok
test ehma_cuda_batch_matches_cpu ... ok
test ehma_cuda_many_series_one_param_matches_cpu ... ok

test result: ok. 3 passed; 0 failed; 0 ignored; 0 measured; 0 filtered out; finished in 0.98s


=== ehma_cuda_variants ===
   Compiling my_project v0.1.0 (/mnt/c/Rust Projects/my_project)
warning: function `approx_eq` is never used
 --> src/bin/cci_many_dbg.rs:2:4
  |
2 | fn approx_eq(a: f64, b: f64, tol: f64) -> bool {
  |    ^^^^^^^^^
  |
  = note: `#[warn(dead_code)]` on by default

warning: `my_project` (bin "cci_many_dbg") generated 1 warning
warning: variable does not need to be mutable
  --> tests/ehma_cuda_variants.rs:73:9
   |
73 |     let mut cuda = CudaEhma::new_with_policy(0, policy).expect("cuda ehma");
   |         ----^^^^
   |         |
   |         help: remove this `mut`
   |
   = note: `#[warn(unused_mut)]` on by default

warning: variable does not need to be mutable
   --> tests/ehma_cuda_variants.rs:127:9
    |
127 |     let mut cuda = CudaEhma::new_with_policy(0, policy).expect("cuda ehma");
    |         ----^^^^
    |         |
    |         help: remove this `mut`

warning: `my_project` (test "ehma_cuda_variants") generated 2 warnings (run `cargo fix --test "ehma_cuda_variants"` to apply 2 suggestions)
    Finished `test` profile [unoptimized + debuginfo] target(s) in 10.25s
     Running tests/ehma_cuda_variants.rs (target/debug/deps/ehma_cuda_variants-b8599e98a92c96a6)

running 6 tests
test cuda_feature_off_compiles ... ok
test ehma_batch_plain_matches_cpu ... ok
test ehma_batch_tiled_2x_matches_cpu ... ok
test ehma_many_series_1d_matches_cpu ... ok
test ehma_many_series_2d_ty2_matches_cpu ... ok
test ehma_many_series_2d_ty4_matches_cpu ... ok

test result: ok. 6 passed; 0 failed; 0 ignored; 0 measured; 0 filtered out; finished in 2.41s


=== ema_cuda ===
warning: function `approx_eq` is never used
 --> src/bin/cci_many_dbg.rs:2:4
  |
2 | fn approx_eq(a: f64, b: f64, tol: f64) -> bool {
  |    ^^^^^^^^^
  |
  = note: `#[warn(dead_code)]` on by default

   Compiling my_project v0.1.0 (/mnt/c/Rust Projects/my_project)
warning: `my_project` (bin "cci_many_dbg") generated 1 warning
    Finished `test` profile [unoptimized + debuginfo] target(s) in 10.18s
     Running tests/ema_cuda.rs (target/debug/deps/ema_cuda-327a0f0cc73794ed)

running 3 tests
test cuda_feature_off_noop ... ok
test ema_cuda_batch_matches_cpu ... ok
test ema_cuda_many_series_one_param_matches_cpu ... ok

test result: ok. 3 passed; 0 failed; 0 ignored; 0 measured; 0 filtered out; finished in 0.51s


=== emd_cuda ===
warning: function `approx_eq` is never used
 --> src/bin/cci_many_dbg.rs:2:4
  |
2 | fn approx_eq(a: f64, b: f64, tol: f64) -> bool {
  |    ^^^^^^^^^
  |
  = note: `#[warn(dead_code)]` on by default

   Compiling my_project v0.1.0 (/mnt/c/Rust Projects/my_project)
warning: `my_project` (bin "cci_many_dbg") generated 1 warning
    Finished `test` profile [unoptimized + debuginfo] target(s) in 10.14s
     Running tests/emd_cuda.rs (target/debug/deps/emd_cuda-4a63276f05dd24f6)

running 3 tests
test cuda_feature_off_noop ... ok
test emd_cuda_batch_matches_cpu ... Error: InvalidKernelForBatch(Scalar)
FAILED
test emd_cuda_many_series_one_param_matches_cpu ... ok

failures:

failures:
    emd_cuda_batch_matches_cpu

test result: FAILED. 2 passed; 1 failed; 0 ignored; 0 measured; 0 filtered out; finished in 0.36s

error: test failed, to rerun pass `--test emd_cuda`
=== emv_cuda ===
   Compiling my_project v0.1.0 (/mnt/c/Rust Projects/my_project)
warning: function `approx_eq` is never used
 --> src/bin/cci_many_dbg.rs:2:4
  |
2 | fn approx_eq(a: f64, b: f64, tol: f64) -> bool {
  |    ^^^^^^^^^
  |
  = note: `#[warn(dead_code)]` on by default

warning: `my_project` (bin "cci_many_dbg") generated 1 warning
    Finished `test` profile [unoptimized + debuginfo] target(s) in 10.77s
     Running tests/emv_cuda.rs (target/debug/deps/emv_cuda-4757dc221773872f)

running 3 tests
test cuda_feature_off_noop ... ok
test emv_cuda_batch_matches_cpu ... ok
test emv_cuda_many_series_one_param_matches_cpu ... ok

test result: ok. 3 passed; 0 failed; 0 ignored; 0 measured; 0 filtered out; finished in 1.41s


=== epma_cuda ===
warning: function `approx_eq` is never used
 --> src/bin/cci_many_dbg.rs:2:4
  |
2 | fn approx_eq(a: f64, b: f64, tol: f64) -> bool {
  |    ^^^^^^^^^
  |
  = note: `#[warn(dead_code)]` on by default

   Compiling my_project v0.1.0 (/mnt/c/Rust Projects/my_project)
warning: `my_project` (bin "cci_many_dbg") generated 1 warning
    Finished `test` profile [unoptimized + debuginfo] target(s) in 10.81s
     Running tests/epma_cuda.rs (target/debug/deps/epma_cuda-2dd876dea05fda4c)

running 3 tests
test cuda_feature_off_noop ... ok
test epma_cuda_batch_matches_cpu ... ok
test epma_cuda_many_series_one_param_matches_cpu ... ok

test result: ok. 3 passed; 0 failed; 0 ignored; 0 measured; 0 filtered out; finished in 1.35s


=== er_cuda ===
   Compiling my_project v0.1.0 (/mnt/c/Rust Projects/my_project)
warning: function `approx_eq` is never used
 --> src/bin/cci_many_dbg.rs:2:4
  |
2 | fn approx_eq(a: f64, b: f64, tol: f64) -> bool {
  |    ^^^^^^^^^
  |
  = note: `#[warn(dead_code)]` on by default

warning: `my_project` (bin "cci_many_dbg") generated 1 warning
    Finished `test` profile [unoptimized + debuginfo] target(s) in 10.72s
     Running tests/er_cuda.rs (target/debug/deps/er_cuda-8d70401c5e062858)

running 3 tests
test cuda_feature_off_noop ... ok
test er_cuda_batch_matches_cpu ... ok
test er_cuda_many_series_one_param_matches_cpu ... ok

test result: ok. 3 passed; 0 failed; 0 ignored; 0 measured; 0 filtered out; finished in 1.35s


=== eri_cuda ===
warning: function `approx_eq` is never used
 --> src/bin/cci_many_dbg.rs:2:4
  |
2 | fn approx_eq(a: f64, b: f64, tol: f64) -> bool {
  |    ^^^^^^^^^
  |
  = note: `#[warn(dead_code)]` on by default

   Compiling my_project v0.1.0 (/mnt/c/Rust Projects/my_project)
warning: `my_project` (bin "cci_many_dbg") generated 1 warning
    Finished `test` profile [unoptimized + debuginfo] target(s) in 11.10s
     Running tests/eri_cuda.rs (target/debug/deps/eri_cuda-a10dac9057bc316b)

running 3 tests
test cuda_feature_off_noop ... ok
test eri_cuda_batch_matches_cpu ... ok
test eri_cuda_many_series_one_param_matches_cpu ... ok

test result: ok. 3 passed; 0 failed; 0 ignored; 0 measured; 0 filtered out; finished in 1.55s


=== fisher_cuda ===
warning: function `approx_eq` is never used
 --> src/bin/cci_many_dbg.rs:2:4
  |
2 | fn approx_eq(a: f64, b: f64, tol: f64) -> bool {
  |    ^^^^^^^^^
  |
  = note: `#[warn(dead_code)]` on by default

   Compiling my_project v0.1.0 (/mnt/c/Rust Projects/my_project)
warning: `my_project` (bin "cci_many_dbg") generated 1 warning
warning: unused import: `fisher_batch_with_kernel`
 --> tests/fisher_cuda.rs:4:5
  |
4 |     fisher_batch_with_kernel, fisher_with_kernel, FisherBatchBuilder, FisherBatchRange,
  |     ^^^^^^^^^^^^^^^^^^^^^^^^
  |
  = note: `#[warn(unused_imports)]` on by default

warning: `my_project` (test "fisher_cuda") generated 1 warning (run `cargo fix --test "fisher_cuda"` to apply 1 suggestion)
    Finished `test` profile [unoptimized + debuginfo] target(s) in 10.73s
     Running tests/fisher_cuda.rs (target/debug/deps/fisher_cuda-8b73a6a090454671)

running 3 tests
test cuda_feature_off_noop ... ok
test fisher_cuda_batch_matches_cpu ... ok
test fisher_cuda_many_series_one_param_matches_cpu ... ok

test result: ok. 3 passed; 0 failed; 0 ignored; 0 measured; 0 filtered out; finished in 1.28s


=== fosc_cuda ===
warning: function `approx_eq` is never used
 --> src/bin/cci_many_dbg.rs:2:4
  |
2 | fn approx_eq(a: f64, b: f64, tol: f64) -> bool {
  |    ^^^^^^^^^
  |
  = note: `#[warn(dead_code)]` on by default

   Compiling my_project v0.1.0 (/mnt/c/Rust Projects/my_project)
warning: `my_project` (bin "cci_many_dbg") generated 1 warning
warning: unused import: `FoscBuilder`
 --> tests/fosc_cuda.rs:4:63
  |
4 |     fosc_batch_with_kernel, fosc_with_kernel, FoscBatchRange, FoscBuilder, FoscInput, FoscParams,
  |                                                               ^^^^^^^^^^^
  |
  = note: `#[warn(unused_imports)]` on by default

warning: `my_project` (test "fosc_cuda") generated 1 warning (run `cargo fix --test "fosc_cuda"` to apply 1 suggestion)
    Finished `test` profile [unoptimized + debuginfo] target(s) in 10.76s
     Running tests/fosc_cuda.rs (target/debug/deps/fosc_cuda-b4968ddf9429c68f)

running 3 tests
test cuda_feature_off_noop ... ok
test fosc_cuda_batch_matches_cpu ... ok
test fosc_cuda_many_series_one_param_matches_cpu ... ok

test result: ok. 3 passed; 0 failed; 0 ignored; 0 measured; 0 filtered out; finished in 1.73s


=== frama_cuda ===
warning: function `approx_eq` is never used
 --> src/bin/cci_many_dbg.rs:2:4
  |
2 | fn approx_eq(a: f64, b: f64, tol: f64) -> bool {
  |    ^^^^^^^^^
  |
  = note: `#[warn(dead_code)]` on by default

   Compiling my_project v0.1.0 (/mnt/c/Rust Projects/my_project)
warning: `my_project` (bin "cci_many_dbg") generated 1 warning
    Finished `test` profile [unoptimized + debuginfo] target(s) in 10.90s
     Running tests/frama_cuda.rs (target/debug/deps/frama_cuda-c015a7b4846b6e0c)

running 3 tests
test cuda_feature_off_noop ... ok
test frama_cuda_many_series_one_param_matches_cpu ... ok
test frama_cuda_one_series_many_params_matches_cpu ... ok

test result: ok. 3 passed; 0 failed; 0 ignored; 0 measured; 0 filtered out; finished in 6.31s


=== fvg_trailing_stop_cuda ===
warning: function `approx_eq` is never used
 --> src/bin/cci_many_dbg.rs:2:4
  |
2 | fn approx_eq(a: f64, b: f64, tol: f64) -> bool {
  |    ^^^^^^^^^
  |
  = note: `#[warn(dead_code)]` on by default

   Compiling my_project v0.1.0 (/mnt/c/Rust Projects/my_project)
warning: `my_project` (bin "cci_many_dbg") generated 1 warning
    Finished `test` profile [unoptimized + debuginfo] target(s) in 10.81s
     Running tests/fvg_trailing_stop_cuda.rs (target/debug/deps/fvg_trailing_stop_cuda-91bc0d1d951262c9)

running 3 tests
test cuda_feature_guard ... ok
test fvg_ts_cuda_batch_matches_cpu ... ok
test fvg_ts_cuda_many_series_matches_cpu ... ok

test result: ok. 3 passed; 0 failed; 0 ignored; 0 measured; 0 filtered out; finished in 2.27s


=== fwma_cuda ===
warning: function `approx_eq` is never used
 --> src/bin/cci_many_dbg.rs:2:4
  |
2 | fn approx_eq(a: f64, b: f64, tol: f64) -> bool {
  |    ^^^^^^^^^
  |
  = note: `#[warn(dead_code)]` on by default

   Compiling my_project v0.1.0 (/mnt/c/Rust Projects/my_project)
warning: `my_project` (bin "cci_many_dbg") generated 1 warning
    Finished `test` profile [unoptimized + debuginfo] target(s) in 10.58s
     Running tests/fwma_cuda.rs (target/debug/deps/fwma_cuda-02d2c0e6741c64fe)

running 3 tests
test cuda_feature_off_noop ... ok
test fwma_cuda_batch_matches_cpu ... ok
test fwma_cuda_many_series_one_param_matches_cpu ... ok

test result: ok. 3 passed; 0 failed; 0 ignored; 0 measured; 0 filtered out; finished in 1.30s


=== gatorosc_cuda ===
   Compiling my_project v0.1.0 (/mnt/c/Rust Projects/my_project)
warning: function `approx_eq` is never used
 --> src/bin/cci_many_dbg.rs:2:4
  |
2 | fn approx_eq(a: f64, b: f64, tol: f64) -> bool {
  |    ^^^^^^^^^
  |
  = note: `#[warn(dead_code)]` on by default

warning: `my_project` (bin "cci_many_dbg") generated 1 warning
    Finished `test` profile [unoptimized + debuginfo] target(s) in 10.66s
     Running tests/gatorosc_cuda.rs (target/debug/deps/gatorosc_cuda-0f14c7c6347d6426)

running 3 tests
test cuda_feature_off_noop ... ok
test gatorosc_cuda_batch_matches_cpu ... ok
test gatorosc_cuda_many_series_one_param_matches_cpu ... ok

test result: ok. 3 passed; 0 failed; 0 ignored; 0 measured; 0 filtered out; finished in 2.18s


=== gaussian_cuda ===
   Compiling my_project v0.1.0 (/mnt/c/Rust Projects/my_project)
warning: function `approx_eq` is never used
 --> src/bin/cci_many_dbg.rs:2:4
  |
2 | fn approx_eq(a: f64, b: f64, tol: f64) -> bool {
  |    ^^^^^^^^^
  |
  = note: `#[warn(dead_code)]` on by default

warning: `my_project` (bin "cci_many_dbg") generated 1 warning
    Finished `test` profile [unoptimized + debuginfo] target(s) in 10.56s
     Running tests/gaussian_cuda.rs (target/debug/deps/gaussian_cuda-0fa00408c0782186)

running 3 tests
test cuda_feature_off_noop ... ok
test gaussian_cuda_many_series_one_param_matches_cpu ... ok
test gaussian_cuda_one_series_many_params_matches_cpu ... ok

test result: ok. 3 passed; 0 failed; 0 ignored; 0 measured; 0 filtered out; finished in 1.36s


=== halftrend_cuda ===
   Compiling my_project v0.1.0 (/mnt/c/Rust Projects/my_project)
warning: function `approx_eq` is never used
 --> src/bin/cci_many_dbg.rs:2:4
  |
2 | fn approx_eq(a: f64, b: f64, tol: f64) -> bool {
  |    ^^^^^^^^^
  |
  = note: `#[warn(dead_code)]` on by default

warning: `my_project` (bin "cci_many_dbg") generated 1 warning
    Finished `test` profile [unoptimized + debuginfo] target(s) in 10.82s
     Running tests/halftrend_cuda.rs (target/debug/deps/halftrend_cuda-6841289b3d65d8fa)

running 3 tests
test cuda_feature_off_noop ... ok
test halftrend_cuda_batch_matches_cpu ... ok
test halftrend_cuda_many_series_one_param_matches_cpu ... ok

test result: ok. 3 passed; 0 failed; 0 ignored; 0 measured; 0 filtered out; finished in 1.58s


=== highpass_2_pole_cuda ===
   Compiling my_project v0.1.0 (/mnt/c/Rust Projects/my_project)
warning: function `approx_eq` is never used
 --> src/bin/cci_many_dbg.rs:2:4
  |
2 | fn approx_eq(a: f64, b: f64, tol: f64) -> bool {
  |    ^^^^^^^^^
  |
  = note: `#[warn(dead_code)]` on by default

warning: `my_project` (bin "cci_many_dbg") generated 1 warning
    Finished `test` profile [unoptimized + debuginfo] target(s) in 10.60s
     Running tests/highpass_2_pole_cuda.rs (target/debug/deps/highpass_2_pole_cuda-69fe35dcfa666473)

running 3 tests
test cuda_feature_off_noop ... ok
test highpass2_cuda_batch_matches_cpu ... ok
test highpass2_cuda_many_series_one_param_matches_cpu ... ok

test result: ok. 3 passed; 0 failed; 0 ignored; 0 measured; 0 filtered out; finished in 1.32s


=== highpass_cuda ===
warning: function `approx_eq` is never used
 --> src/bin/cci_many_dbg.rs:2:4
  |
2 | fn approx_eq(a: f64, b: f64, tol: f64) -> bool {
  |    ^^^^^^^^^
  |
  = note: `#[warn(dead_code)]` on by default

   Compiling my_project v0.1.0 (/mnt/c/Rust Projects/my_project)
warning: `my_project` (bin "cci_many_dbg") generated 1 warning
    Finished `test` profile [unoptimized + debuginfo] target(s) in 10.72s
     Running tests/highpass_cuda.rs (target/debug/deps/highpass_cuda-d43d25f93dd7d9bc)

running 3 tests
test cuda_feature_off_noop ... ok
test highpass_cuda_batch_matches_cpu ... ok
test highpass_cuda_many_series_one_param_matches_cpu ... ok

test result: ok. 3 passed; 0 failed; 0 ignored; 0 measured; 0 filtered out; finished in 1.55s


=== hma_cuda ===
warning: function `approx_eq` is never used
 --> src/bin/cci_many_dbg.rs:2:4
  |
2 | fn approx_eq(a: f64, b: f64, tol: f64) -> bool {
  |    ^^^^^^^^^
  |
  = note: `#[warn(dead_code)]` on by default

   Compiling my_project v0.1.0 (/mnt/c/Rust Projects/my_project)
warning: `my_project` (bin "cci_many_dbg") generated 1 warning
    Finished `test` profile [unoptimized + debuginfo] target(s) in 10.78s
     Running tests/hma_cuda.rs (target/debug/deps/hma_cuda-a5f512c8a583c409)

running 3 tests
test cuda_feature_off_noop ... ok
test hma_cuda_many_series_one_param_matches_cpu ... ok
test hma_cuda_one_series_many_params_matches_cpu ... ok

test result: ok. 3 passed; 0 failed; 0 ignored; 0 measured; 0 filtered out; finished in 1.55s


=== hwma_cuda ===
warning: function `approx_eq` is never used
 --> src/bin/cci_many_dbg.rs:2:4
  |
2 | fn approx_eq(a: f64, b: f64, tol: f64) -> bool {
  |    ^^^^^^^^^
  |
  = note: `#[warn(dead_code)]` on by default

   Compiling my_project v0.1.0 (/mnt/c/Rust Projects/my_project)
warning: `my_project` (bin "cci_many_dbg") generated 1 warning
    Finished `test` profile [unoptimized + debuginfo] target(s) in 10.58s
     Running tests/hwma_cuda.rs (target/debug/deps/hwma_cuda-90f96041cefd61ad)

running 3 tests
test cuda_feature_off_noop ... ok
test hwma_cuda_batch_matches_cpu ... 
thread 'hwma_cuda_batch_matches_cpu' panicked at tests/hwma_cuda.rs:69:9:
mismatch at 11082: cpu=1458.31145636188 gpu=1458.3106689453125
note: run with `RUST_BACKTRACE=1` environment variable to display a backtrace
FAILED
test hwma_cuda_many_series_one_param_matches_cpu ... ok

failures:

failures:
    hwma_cuda_batch_matches_cpu

test result: FAILED. 2 passed; 1 failed; 0 ignored; 0 measured; 0 filtered out; finished in 1.41s

error: test failed, to rerun pass `--test hwma_cuda`
=== ift_rsi_cuda ===
warning: function `approx_eq` is never used
 --> src/bin/cci_many_dbg.rs:2:4
  |
2 | fn approx_eq(a: f64, b: f64, tol: f64) -> bool {
  |    ^^^^^^^^^
  |
  = note: `#[warn(dead_code)]` on by default

   Compiling my_project v0.1.0 (/mnt/c/Rust Projects/my_project)
warning: `my_project` (bin "cci_many_dbg") generated 1 warning
warning: unused imports: `IftRsiInput` and `ift_rsi_with_kernel`
 --> tests/ift_rsi_cuda.rs:4:32
  |
4 |     ift_rsi_batch_with_kernel, ift_rsi_with_kernel, IftRsiBatchRange, IftRsiBuilder, IftRsiInput,
  |                                ^^^^^^^^^^^^^^^^^^^                                   ^^^^^^^^^^^
  |
  = note: `#[warn(unused_imports)]` on by default

warning: `my_project` (test "ift_rsi_cuda") generated 1 warning (run `cargo fix --test "ift_rsi_cuda"` to apply 1 suggestion)
    Finished `test` profile [unoptimized + debuginfo] target(s) in 10.37s
     Running tests/ift_rsi_cuda.rs (target/debug/deps/ift_rsi_cuda-e5f67a59c9f7f0fe)

running 3 tests
test cuda_feature_off_noop ... ok
test ift_rsi_cuda_batch_matches_cpu ... ok
test ift_rsi_cuda_many_series_one_param_matches_cpu ... ok

test result: ok. 3 passed; 0 failed; 0 ignored; 0 measured; 0 filtered out; finished in 0.58s


=== jma_cuda ===
warning: function `approx_eq` is never used
 --> src/bin/cci_many_dbg.rs:2:4
  |
2 | fn approx_eq(a: f64, b: f64, tol: f64) -> bool {
  |    ^^^^^^^^^
  |
  = note: `#[warn(dead_code)]` on by default

   Compiling my_project v0.1.0 (/mnt/c/Rust Projects/my_project)
warning: `my_project` (bin "cci_many_dbg") generated 1 warning
    Finished `test` profile [unoptimized + debuginfo] target(s) in 10.20s
     Running tests/jma_cuda.rs (target/debug/deps/jma_cuda-722b050cc67f852b)

running 3 tests
test cuda_feature_off_noop ... ok
test jma_cuda_many_series_one_param_matches_cpu ... ok
test jma_cuda_one_series_many_params_matches_cpu ... ok

test result: ok. 3 passed; 0 failed; 0 ignored; 0 measured; 0 filtered out; finished in 0.51s


=== jsa_cuda ===
   Compiling my_project v0.1.0 (/mnt/c/Rust Projects/my_project)
warning: function `approx_eq` is never used
 --> src/bin/cci_many_dbg.rs:2:4
  |
2 | fn approx_eq(a: f64, b: f64, tol: f64) -> bool {
  |    ^^^^^^^^^
  |
  = note: `#[warn(dead_code)]` on by default

warning: `my_project` (bin "cci_many_dbg") generated 1 warning
    Finished `test` profile [unoptimized + debuginfo] target(s) in 10.24s
     Running tests/jsa_cuda.rs (target/debug/deps/jsa_cuda-57efcdc17bbccb9d)

running 3 tests
test cuda_feature_off_noop ... ok
test jsa_cuda_batch_matches_cpu ... ok
test jsa_cuda_many_series_one_param_matches_cpu ... ok

test result: ok. 3 passed; 0 failed; 0 ignored; 0 measured; 0 filtered out; finished in 0.51s


=== kama_cuda ===
warning: function `approx_eq` is never used
 --> src/bin/cci_many_dbg.rs:2:4
  |
2 | fn approx_eq(a: f64, b: f64, tol: f64) -> bool {
  |    ^^^^^^^^^
  |
  = note: `#[warn(dead_code)]` on by default

   Compiling my_project v0.1.0 (/mnt/c/Rust Projects/my_project)
warning: `my_project` (bin "cci_many_dbg") generated 1 warning
    Finished `test` profile [unoptimized + debuginfo] target(s) in 10.25s
     Running tests/kama_cuda.rs (target/debug/deps/kama_cuda-0cc0334e2e1ae00d)

running 3 tests
test cuda_feature_off_noop ... ok
test kama_cuda_batch_matches_cpu ... ok
test kama_cuda_many_series_one_param_matches_cpu ... ok

test result: ok. 3 passed; 0 failed; 0 ignored; 0 measured; 0 filtered out; finished in 0.55s


=== kaufmanstop_cuda ===
   Compiling my_project v0.1.0 (/mnt/c/Rust Projects/my_project)
warning: function `approx_eq` is never used
 --> src/bin/cci_many_dbg.rs:2:4
  |
2 | fn approx_eq(a: f64, b: f64, tol: f64) -> bool {
  |    ^^^^^^^^^
  |
  = note: `#[warn(dead_code)]` on by default

warning: `my_project` (bin "cci_many_dbg") generated 1 warning
warning: unused import: `KaufmanstopBatchBuilder`
 --> tests/kaufmanstop_cuda.rs:4:36
  |
4 |     kaufmanstop_batch_with_kernel, KaufmanstopBatchBuilder, KaufmanstopBatchRange,
  |                                    ^^^^^^^^^^^^^^^^^^^^^^^
  |
  = note: `#[warn(unused_imports)]` on by default

warning: `my_project` (test "kaufmanstop_cuda") generated 1 warning (run `cargo fix --test "kaufmanstop_cuda"` to apply 1 suggestion)
    Finished `test` profile [unoptimized + debuginfo] target(s) in 10.55s
     Running tests/kaufmanstop_cuda.rs (target/debug/deps/kaufmanstop_cuda-74df0d51f3283eb4)

running 3 tests
test cuda_feature_off_noop ... ok
test kaufmanstop_cuda_batch_matches_cpu ... ok
test kaufmanstop_cuda_many_series_one_param_matches_cpu ... ok

test result: ok. 3 passed; 0 failed; 0 ignored; 0 measured; 0 filtered out; finished in 0.74s


=== kdj_cuda ===
warning: function `approx_eq` is never used
 --> src/bin/cci_many_dbg.rs:2:4
  |
2 | fn approx_eq(a: f64, b: f64, tol: f64) -> bool {
  |    ^^^^^^^^^
  |
  = note: `#[warn(dead_code)]` on by default

   Compiling my_project v0.1.0 (/mnt/c/Rust Projects/my_project)
warning: `my_project` (bin "cci_many_dbg") generated 1 warning
warning: unused import: `my_project::utilities::data_loader::Candles`
 --> tests/kdj_cuda.rs:9:5
  |
9 | use my_project::utilities::data_loader::Candles;
  |     ^^^^^^^^^^^^^^^^^^^^^^^^^^^^^^^^^^^^^^^^^^^
  |
  = note: `#[warn(unused_imports)]` on by default

warning: `my_project` (test "kdj_cuda") generated 1 warning (run `cargo fix --test "kdj_cuda"` to apply 1 suggestion)
    Finished `test` profile [unoptimized + debuginfo] target(s) in 10.48s
     Running tests/kdj_cuda.rs (target/debug/deps/kdj_cuda-9eec9b3e3aba9c64)

running 2 tests
test kdj_cuda_batch_matches_cpu ... ok
test kdj_cuda_many_series_one_param_matches_cpu ... ok

test result: ok. 2 passed; 0 failed; 0 ignored; 0 measured; 0 filtered out; finished in 2.07s


=== keltner_cuda ===
warning: function `approx_eq` is never used
 --> src/bin/cci_many_dbg.rs:2:4
  |
2 | fn approx_eq(a: f64, b: f64, tol: f64) -> bool {
  |    ^^^^^^^^^
  |
  = note: `#[warn(dead_code)]` on by default

   Compiling my_project v0.1.0 (/mnt/c/Rust Projects/my_project)
warning: `my_project` (bin "cci_many_dbg") generated 1 warning
    Finished `test` profile [unoptimized + debuginfo] target(s) in 10.71s
     Running tests/keltner_cuda.rs (target/debug/deps/keltner_cuda-1f51cdf02813fdd6)

running 3 tests
test cuda_feature_off_noop ... ok
test keltner_cuda_batch_matches_cpu ... cpu up/mid/low @13 = NaN 0.012070 NaN; gpu NaN 0.012070 NaN
ok
test keltner_cuda_many_series_one_param_matches_cpu ... ok

test result: ok. 3 passed; 0 failed; 0 ignored; 0 measured; 0 filtered out; finished in 1.69s


=== kst_cuda ===
   Compiling my_project v0.1.0 (/mnt/c/Rust Projects/my_project)
warning: function `approx_eq` is never used
 --> src/bin/cci_many_dbg.rs:2:4
  |
2 | fn approx_eq(a: f64, b: f64, tol: f64) -> bool {
  |    ^^^^^^^^^
  |
  = note: `#[warn(dead_code)]` on by default

warning: `my_project` (bin "cci_many_dbg") generated 1 warning
warning: unused variable: `input`
   --> tests/kst_cuda.rs:184:13
    |
184 |         let input = KstInput::from_slice(&series, params);
    |             ^^^^^ help: if this is intentional, prefix it with an underscore: `_input`
    |
    = note: `#[warn(unused_variables)]` on by default

warning: `my_project` (test "kst_cuda") generated 1 warning
    Finished `test` profile [unoptimized + debuginfo] target(s) in 10.59s
     Running tests/kst_cuda.rs (target/debug/deps/kst_cuda-41f519c2042268b4)

running 3 tests
test cuda_feature_off_noop_kst ... ok
test kst_cuda_batch_matches_cpu ... ok
test kst_cuda_many_series_one_param_matches_cpu ... ok

test result: ok. 3 passed; 0 failed; 0 ignored; 0 measured; 0 filtered out; finished in 1.69s


=== kurtosis_cuda ===
warning: function `approx_eq` is never used
 --> src/bin/cci_many_dbg.rs:2:4
  |
2 | fn approx_eq(a: f64, b: f64, tol: f64) -> bool {
  |    ^^^^^^^^^
  |
  = note: `#[warn(dead_code)]` on by default

   Compiling my_project v0.1.0 (/mnt/c/Rust Projects/my_project)
warning: `my_project` (bin "cci_many_dbg") generated 1 warning
    Finished `test` profile [unoptimized + debuginfo] target(s) in 10.61s
     Running tests/kurtosis_cuda.rs (target/debug/deps/kurtosis_cuda-9db57d1a8ffe6125)

running 3 tests
test cuda_feature_off_noop ... ok
test kurtosis_cuda_batch_matches_cpu ... 
thread 'kurtosis_cuda_batch_matches_cpu' panicked at tests/kurtosis_cuda.rs:71:9:
mismatch at 26: cpu=-1.0000406758028668 gpu=-1.0019543
note: run with `RUST_BACKTRACE=1` environment variable to display a backtrace
FAILED
test kurtosis_cuda_many_series_one_param_matches_cpu ... 
thread 'kurtosis_cuda_many_series_one_param_matches_cpu' panicked at tests/kurtosis_cuda.rs:133:9:
mismatch at 112
FAILED

failures:

failures:
    kurtosis_cuda_batch_matches_cpu
    kurtosis_cuda_many_series_one_param_matches_cpu

test result: FAILED. 1 passed; 2 failed; 0 ignored; 0 measured; 0 filtered out; finished in 1.50s

error: test failed, to rerun pass `--test kurtosis_cuda`
=== kvo_cuda ===
   Compiling my_project v0.1.0 (/mnt/c/Rust Projects/my_project)
warning: unused variable: `dev`
  --> tests/kvo_cuda.rs:68:10
   |
68 |     let (dev, combos) = cuda
   |          ^^^ help: if this is intentional, prefix it with an underscore: `_dev`
   |
   = note: `#[warn(unused_variables)]` on by default

warning: function `approx_eq` is never used
 --> src/bin/cci_many_dbg.rs:2:4
  |
2 | fn approx_eq(a: f64, b: f64, tol: f64) -> bool {
  |    ^^^^^^^^^
  |
  = note: `#[warn(dead_code)]` on by default

warning: unused variable: `combos`
  --> tests/kvo_cuda.rs:68:15
   |
68 |     let (dev, combos) = cuda
   |               ^^^^^^ help: if this is intentional, prefix it with an underscore: `_combos`

warning: unused variable: `params`
   --> tests/kvo_cuda.rs:147:13
    |
147 |         let params = KvoParams {
    |             ^^^^^^ help: if this is intentional, prefix it with an underscore: `_params`

warning: `my_project` (bin "cci_many_dbg") generated 1 warning
warning: `my_project` (test "kvo_cuda") generated 3 warnings
    Finished `test` profile [unoptimized + debuginfo] target(s) in 1m 54s
     Running tests/kvo_cuda.rs (target/debug/deps/kvo_cuda-8003cf63fee91ee0)

running 3 tests
test cuda_feature_off_noop ... ok
test kvo_cuda_batch_matches_cpu ... ok
test kvo_cuda_many_series_one_param_matches_cpu ... ok

test result: ok. 3 passed; 0 failed; 0 ignored; 0 measured; 0 filtered out; finished in 1.65s


=== linearreg_angle_cuda ===
   Compiling my_project v0.1.0 (/mnt/c/Rust Projects/my_project)
warning: function `approx_eq` is never used
 --> src/bin/cci_many_dbg.rs:2:4
  |
2 | fn approx_eq(a: f64, b: f64, tol: f64) -> bool {
  |    ^^^^^^^^^
  |
  = note: `#[warn(dead_code)]` on by default

warning: `my_project` (bin "cci_many_dbg") generated 1 warning
    Finished `test` profile [unoptimized + debuginfo] target(s) in 42.88s
     Running tests/linearreg_angle_cuda.rs (target/debug/deps/linearreg_angle_cuda-18ed800ceafe4bac)

running 3 tests
test cuda_feature_off_noop ... ok
test linearreg_angle_cuda_batch_matches_cpu ... ok
test linearreg_angle_cuda_many_series_one_param_matches_cpu ... ok

test result: ok. 3 passed; 0 failed; 0 ignored; 0 measured; 0 filtered out; finished in 0.56s


=== linearreg_intercept_cuda ===
warning: function `approx_eq` is never used
 --> src/bin/cci_many_dbg.rs:2:4
  |
2 | fn approx_eq(a: f64, b: f64, tol: f64) -> bool {
  |    ^^^^^^^^^
  |
  = note: `#[warn(dead_code)]` on by default

   Compiling my_project v0.1.0 (/mnt/c/Rust Projects/my_project)
warning: `my_project` (bin "cci_many_dbg") generated 1 warning
    Finished `test` profile [unoptimized + debuginfo] target(s) in 10.48s
     Running tests/linearreg_intercept_cuda.rs (target/debug/deps/linearreg_intercept_cuda-88043f41308ecc5a)

running 4 tests
test cuda_feature_off_noop ... ok
test linearreg_intercept_cuda_batch_matches_cpu ... ok
test linearreg_intercept_cuda_host_copy_matches_cpu ... ok
test linearreg_intercept_cuda_many_series_one_param_matches_cpu ... ok

test result: ok. 4 passed; 0 failed; 0 ignored; 0 measured; 0 filtered out; finished in 0.73s


=== linearreg_slope_cuda ===
   Compiling my_project v0.1.0 (/mnt/c/Rust Projects/my_project)
warning: function `approx_eq` is never used
 --> src/bin/cci_many_dbg.rs:2:4
  |
2 | fn approx_eq(a: f64, b: f64, tol: f64) -> bool {
  |    ^^^^^^^^^
  |
  = note: `#[warn(dead_code)]` on by default

warning: `my_project` (bin "cci_many_dbg") generated 1 warning
    Finished `test` profile [unoptimized + debuginfo] target(s) in 10.55s
     Running tests/linearreg_slope_cuda.rs (target/debug/deps/linearreg_slope_cuda-663592d5cc9857cb)

running 3 tests
test cuda_feature_off_noop ... ok
test linearreg_slope_cuda_batch_matches_cpu ... 
thread 'linearreg_slope_cuda_batch_matches_cpu' panicked at tests/linearreg_slope_cuda.rs:51:17:
row 0 col 19 expected NaN got 0.010486867278814316 diff NaN tol NaN
note: run with `RUST_BACKTRACE=1` environment variable to display a backtrace
FAILED
test linearreg_slope_cuda_many_series_one_param_matches_cpu ... ok

failures:

failures:
    linearreg_slope_cuda_batch_matches_cpu

test result: FAILED. 2 passed; 1 failed; 0 ignored; 0 measured; 0 filtered out; finished in 0.55s

error: test failed, to rerun pass `--test linearreg_slope_cuda`

=== linearreg_slope_cuda ===
   Compiling my_project v0.1.0 (/mnt/c/Rust Projects/my_project)
warning: function `approx_eq` is never used
 --> src/bin/cci_many_dbg.rs:2:4
  |
2 | fn approx_eq(a: f64, b: f64, tol: f64) -> bool {
  |    ^^^^^^^^^
  |
  = note: `#[warn(dead_code)]` on by default

warning: `my_project` (bin "cci_many_dbg") generated 1 warning
    Finished `test` profile [unoptimized + debuginfo] target(s) in 1m 50s
     Running tests/linearreg_slope_cuda.rs (target/debug/deps/linearreg_slope_cuda-663592d5cc9857cb)

running 3 tests
test cuda_feature_off_noop ... ok
test linearreg_slope_cuda_batch_matches_cpu ... ok
test linearreg_slope_cuda_many_series_one_param_matches_cpu ... ok

test result: ok. 3 passed; 0 failed; 0 ignored; 0 measured; 0 filtered out; finished in 1.56s


=== linreg_cuda ===
   Compiling my_project v0.1.0 (/mnt/c/Rust Projects/my_project)
warning: function `approx_eq` is never used
 --> src/bin/cci_many_dbg.rs:2:4
  |
2 | fn approx_eq(a: f64, b: f64, tol: f64) -> bool {
  |    ^^^^^^^^^
  |
  = note: `#[warn(dead_code)]` on by default

warning: `my_project` (bin "cci_many_dbg") generated 1 warning
    Finished `test` profile [unoptimized + debuginfo] target(s) in 42.84s
     Running tests/linreg_cuda.rs (target/debug/deps/linreg_cuda-e173bee74ab30020)

running 4 tests
test cuda_feature_off_noop ... ok
test linreg_cuda_batch_matches_cpu ... ok
test linreg_cuda_host_copy_matches_cpu ... ok
test linreg_cuda_many_series_one_param_matches_cpu ... ok

test result: ok. 4 passed; 0 failed; 0 ignored; 0 measured; 0 filtered out; finished in 2.02s


=== lpc_cuda ===
warning: function `approx_eq` is never used
 --> src/bin/cci_many_dbg.rs:2:4
  |
2 | fn approx_eq(a: f64, b: f64, tol: f64) -> bool {
  |    ^^^^^^^^^
  |
  = note: `#[warn(dead_code)]` on by default

   Compiling my_project v0.1.0 (/mnt/c/Rust Projects/my_project)
warning: `my_project` (bin "cci_many_dbg") generated 1 warning
warning: unused import: `my_project::utilities::data_loader::Candles`
 --> tests/lpc_cuda.rs:6:5
  |
6 | use my_project::utilities::data_loader::Candles;
  |     ^^^^^^^^^^^^^^^^^^^^^^^^^^^^^^^^^^^^^^^^^^^
  |
  = note: `#[warn(unused_imports)]` on by default

warning: `my_project` (test "lpc_cuda") generated 1 warning (run `cargo fix --test "lpc_cuda"` to apply 1 suggestion)
    Finished `test` profile [unoptimized + debuginfo] target(s) in 10.61s
     Running tests/lpc_cuda.rs (target/debug/deps/lpc_cuda-5246b0859e8a6be7)

running 3 tests
test feature_off_noop ... ok
test lpc_cuda_batch_matches_cpu_fixed ... ok
test lpc_cuda_many_series_one_param_matches_cpu_fixed ... ok

test result: ok. 3 passed; 0 failed; 0 ignored; 0 measured; 0 filtered out; finished in 1.46s


=== lrsi_cuda ===
   Compiling my_project v0.1.0 (/mnt/c/Rust Projects/my_project)
warning: function `approx_eq` is never used
 --> src/bin/cci_many_dbg.rs:2:4
  |
2 | fn approx_eq(a: f64, b: f64, tol: f64) -> bool {
  |    ^^^^^^^^^
  |
  = note: `#[warn(dead_code)]` on by default

warning: `my_project` (bin "cci_many_dbg") generated 1 warning
    Finished `test` profile [unoptimized + debuginfo] target(s) in 10.65s
     Running tests/lrsi_cuda.rs (target/debug/deps/lrsi_cuda-11e90c17856a6a37)

running 3 tests
test cuda_feature_off_noop ... ok
test lrsi_cuda_batch_matches_cpu ... ok
test lrsi_cuda_many_series_one_param_matches_cpu ... ok

test result: ok. 3 passed; 0 failed; 0 ignored; 0 measured; 0 filtered out; finished in 2.01s


=== maaq_cuda ===
warning: function `approx_eq` is never used
 --> src/bin/cci_many_dbg.rs:2:4
  |
2 | fn approx_eq(a: f64, b: f64, tol: f64) -> bool {
  |    ^^^^^^^^^
  |
  = note: `#[warn(dead_code)]` on by default

   Compiling my_project v0.1.0 (/mnt/c/Rust Projects/my_project)
warning: `my_project` (bin "cci_many_dbg") generated 1 warning
    Finished `test` profile [unoptimized + debuginfo] target(s) in 10.58s
     Running tests/maaq_cuda.rs (target/debug/deps/maaq_cuda-84fce71e40c5f797)

running 3 tests
test cuda_feature_off_noop ... ok
test maaq_cuda_batch_matches_cpu ... ok
test maaq_cuda_many_series_one_param_matches_cpu ... ok

test result: ok. 3 passed; 0 failed; 0 ignored; 0 measured; 0 filtered out; finished in 0.59s


=== mab_cuda ===
warning: function `approx_eq` is never used
 --> src/bin/cci_many_dbg.rs:2:4
  |
2 | fn approx_eq(a: f64, b: f64, tol: f64) -> bool {
  |    ^^^^^^^^^
  |
  = note: `#[warn(dead_code)]` on by default

   Compiling my_project v0.1.0 (/mnt/c/Rust Projects/my_project)
warning: `my_project` (bin "cci_many_dbg") generated 1 warning
    Finished `test` profile [unoptimized + debuginfo] target(s) in 10.49s
     Running tests/mab_cuda.rs (target/debug/deps/mab_cuda-66d6615eff8028b9)

running 3 tests
test cuda_feature_off_noop ... ok
test mab_cuda_batch_matches_cpu ... ok
test mab_cuda_many_series_one_param_matches_cpu ... ok

test result: ok. 3 passed; 0 failed; 0 ignored; 0 measured; 0 filtered out; finished in 0.78s


=== macd_cuda ===
   Compiling my_project v0.1.0 (/mnt/c/Rust Projects/my_project)
warning: function `approx_eq` is never used
 --> src/bin/cci_many_dbg.rs:2:4
  |
2 | fn approx_eq(a: f64, b: f64, tol: f64) -> bool {
  |    ^^^^^^^^^
  |
  = note: `#[warn(dead_code)]` on by default

warning: `my_project` (bin "cci_many_dbg") generated 1 warning
warning: unused import: `MacdBatchBuilder`
 --> tests/macd_cuda.rs:3:42
  |
3 | use my_project::indicators::macd::{macd, MacdBatchBuilder, MacdBatchRange, MacdInput, MacdParams};
  |                                          ^^^^^^^^^^^^^^^^
  |
  = note: `#[warn(unused_imports)]` on by default

warning: `my_project` (test "macd_cuda") generated 1 warning (run `cargo fix --test "macd_cuda"` to apply 1 suggestion)
    Finished `test` profile [unoptimized + debuginfo] target(s) in 10.55s
     Running tests/macd_cuda.rs (target/debug/deps/macd_cuda-f4f0b6008bdd1d14)

running 3 tests
test cuda_feature_off_noop ... ok
test macd_cuda_batch_matches_cpu ... ok
test macd_cuda_many_series_one_param_matches_cpu ... ok

test result: ok. 3 passed; 0 failed; 0 ignored; 0 measured; 0 filtered out; finished in 0.52s


=== macz_cuda ===
   Compiling my_project v0.1.0 (/mnt/c/Rust Projects/my_project)
warning: function `approx_eq` is never used
 --> src/bin/cci_many_dbg.rs:2:4
  |
2 | fn approx_eq(a: f64, b: f64, tol: f64) -> bool {
  |    ^^^^^^^^^
  |
  = note: `#[warn(dead_code)]` on by default

warning: `my_project` (bin "cci_many_dbg") generated 1 warning
    Finished `test` profile [unoptimized + debuginfo] target(s) in 10.59s
     Running tests/macz_cuda.rs (target/debug/deps/macz_cuda-087f9986bcd6ecc2)

running 3 tests
test cuda_feature_off_noop ... ok
test macz_cuda_batch_matches_cpu ... [macz] batch kernel: block_x=256 rows=2187 len=4096 vwap_fallback_sma=0

thread 'macz_cuda_batch_matches_cpu' panicked at tests/macz_cuda.rs:76:9:
hist mismatch at 85: cpu=NaN gpu=-0.00024056434631347656
note: run with `RUST_BACKTRACE=1` environment variable to display a backtrace
FAILED
test macz_cuda_many_series_one_param_matches_cpu ... [macz] many-series kernel: block_x=256 cols=6 rows=1024 vwap_fallback_sma=0

thread 'macz_cuda_many_series_one_param_matches_cpu' panicked at tests/macz_cuda.rs:160:9:
hist mismatch at 192
FAILED

failures:

failures:
    macz_cuda_batch_matches_cpu
    macz_cuda_many_series_one_param_matches_cpu

test result: FAILED. 1 passed; 2 failed; 0 ignored; 0 measured; 0 filtered out; finished in 0.86s

error: test failed, to rerun pass `--test macz_cuda`

=== macz_cuda ===
   Compiling my_project v0.1.0 (/mnt/c/Rust Projects/my_project)
warning: function `approx_eq` is never used
 --> src/bin/cci_many_dbg.rs:2:4
  |
2 | fn approx_eq(a: f64, b: f64, tol: f64) -> bool {
  |    ^^^^^^^^^
  |
  = note: `#[warn(dead_code)]` on by default

warning: `my_project` (bin "cci_many_dbg") generated 1 warning
    Finished `test` profile [unoptimized + debuginfo] target(s) in 1m 53s
     Running tests/macz_cuda.rs (target/debug/deps/macz_cuda-087f9986bcd6ecc2)

running 3 tests
test cuda_feature_off_noop ... ok
test macz_cuda_batch_matches_cpu ... [macz] batch kernel: block_x=256 rows=2187 len=4096 vwap_fallback_sma=0
ok
test macz_cuda_many_series_one_param_matches_cpu ... [macz] many-series kernel: block_x=256 cols=6 rows=1024 vwap_fallback_sma=0
ok

test result: ok. 3 passed; 0 failed; 0 ignored; 0 measured; 0 filtered out; finished in 2.43s


=== mama_cuda ===
   Compiling my_project v0.1.0 (/mnt/c/Rust Projects/my_project)
warning: function `approx_eq` is never used
 --> src/bin/cci_many_dbg.rs:2:4
  |
2 | fn approx_eq(a: f64, b: f64, tol: f64) -> bool {
  |    ^^^^^^^^^
  |
  = note: `#[warn(dead_code)]` on by default

warning: `my_project` (bin "cci_many_dbg") generated 1 warning
    Finished `test` profile [unoptimized + debuginfo] target(s) in 43.59s
     Running tests/mama_cuda.rs (target/debug/deps/mama_cuda-d2e9445c76318294)

running 3 tests
test cuda_feature_off_noop ... ok
test mama_cuda_many_series_one_param_matches_cpu ... ok
test mama_cuda_one_series_many_params_matches_cpu ... ok

test result: ok. 3 passed; 0 failed; 0 ignored; 0 measured; 0 filtered out; finished in 2.29s


=== marketefi_cuda ===
   Compiling my_project v0.1.0 (/mnt/c/Rust Projects/my_project)
warning: function `approx_eq` is never used
 --> src/bin/cci_many_dbg.rs:2:4
  |
2 | fn approx_eq(a: f64, b: f64, tol: f64) -> bool {
  |    ^^^^^^^^^
  |
  = note: `#[warn(dead_code)]` on by default

warning: `my_project` (bin "cci_many_dbg") generated 1 warning
warning: unused import: `my_project::utilities::enums::Kernel`
 --> tests/marketefi_cuda.rs:6:5
  |
6 | use my_project::utilities::enums::Kernel;
  |     ^^^^^^^^^^^^^^^^^^^^^^^^^^^^^^^^^^^^
  |
  = note: `#[warn(unused_imports)]` on by default

warning: `my_project` (test "marketefi_cuda") generated 1 warning (run `cargo fix --test "marketefi_cuda"` to apply 1 suggestion)
    Finished `test` profile [unoptimized + debuginfo] target(s) in 10.64s
     Running tests/marketefi_cuda.rs (target/debug/deps/marketefi_cuda-a722708a8b8dbed0)

running 3 tests
test cuda_feature_off_noop ... ok
test marketefi_cuda_batch_matches_cpu ... ok
test marketefi_cuda_many_series_one_param_matches_cpu ... ok

test result: ok. 3 passed; 0 failed; 0 ignored; 0 measured; 0 filtered out; finished in 1.43s


=== mass_cuda ===
warning: function `approx_eq` is never used
 --> src/bin/cci_many_dbg.rs:2:4
  |
2 | fn approx_eq(a: f64, b: f64, tol: f64) -> bool {
  |    ^^^^^^^^^
  |
  = note: `#[warn(dead_code)]` on by default

   Compiling my_project v0.1.0 (/mnt/c/Rust Projects/my_project)
warning: `my_project` (bin "cci_many_dbg") generated 1 warning
    Finished `test` profile [unoptimized + debuginfo] target(s) in 10.57s
     Running tests/mass_cuda.rs (target/debug/deps/mass_cuda-048e72b9cb444c2a)

running 3 tests
test cuda_feature_off_noop_mass ... ok
test mass_cuda_batch_matches_cpu ... ok
test mass_cuda_many_series_one_param_matches_cpu ... ok

test result: ok. 3 passed; 0 failed; 0 ignored; 0 measured; 0 filtered out; finished in 1.30s


=== mean_ad_cuda ===
   Compiling my_project v0.1.0 (/mnt/c/Rust Projects/my_project)
warning: function `approx_eq` is never used
 --> src/bin/cci_many_dbg.rs:2:4
  |
2 | fn approx_eq(a: f64, b: f64, tol: f64) -> bool {
  |    ^^^^^^^^^
  |
  = note: `#[warn(dead_code)]` on by default

warning: `my_project` (bin "cci_many_dbg") generated 1 warning
    Finished `test` profile [unoptimized + debuginfo] target(s) in 10.73s
     Running tests/mean_ad_cuda.rs (target/debug/deps/mean_ad_cuda-9ae4b20aba16984b)

running 3 tests
test cuda_feature_off_noop ... ok
test mean_ad_cuda_batch_matches_cpu ... ok
test mean_ad_cuda_many_series_one_param_matches_cpu ... ok

test result: ok. 3 passed; 0 failed; 0 ignored; 0 measured; 0 filtered out; finished in 1.47s


=== medium_ad_cuda ===
warning: function `approx_eq` is never used
 --> src/bin/cci_many_dbg.rs:2:4
  |
2 | fn approx_eq(a: f64, b: f64, tol: f64) -> bool {
  |    ^^^^^^^^^
  |
  = note: `#[warn(dead_code)]` on by default

   Compiling my_project v0.1.0 (/mnt/c/Rust Projects/my_project)
warning: `my_project` (bin "cci_many_dbg") generated 1 warning
warning: unused imports: `MediumAdBatchBuilder` and `MediumAdParams`
 --> tests/medium_ad_cuda.rs:4:34
  |
4 |     medium_ad_batch_with_kernel, MediumAdBatchBuilder, MediumAdBatchRange, MediumAdBuilder,
  |                                  ^^^^^^^^^^^^^^^^^^^^
5 |     MediumAdParams,
  |     ^^^^^^^^^^^^^^
  |
  = note: `#[warn(unused_imports)]` on by default

warning: `my_project` (test "medium_ad_cuda") generated 1 warning (run `cargo fix --test "medium_ad_cuda"` to apply 1 suggestion)
    Finished `test` profile [unoptimized + debuginfo] target(s) in 10.73s
     Running tests/medium_ad_cuda.rs (target/debug/deps/medium_ad_cuda-654178ff8747b79d)

running 3 tests
test cuda_feature_off_noop ... ok
test medium_ad_cuda_batch_matches_cpu ... ok
test medium_ad_cuda_many_series_one_param_matches_cpu ... ok

test result: ok. 3 passed; 0 failed; 0 ignored; 0 measured; 0 filtered out; finished in 1.72s


=== medprice_cuda ===
   Compiling my_project v0.1.0 (/mnt/c/Rust Projects/my_project)
warning: function `approx_eq` is never used
 --> src/bin/cci_many_dbg.rs:2:4
  |
2 | fn approx_eq(a: f64, b: f64, tol: f64) -> bool {
  |    ^^^^^^^^^
  |
  = note: `#[warn(dead_code)]` on by default

warning: `my_project` (bin "cci_many_dbg") generated 1 warning
    Finished `test` profile [unoptimized + debuginfo] target(s) in 10.62s
     Running tests/medprice_cuda.rs (target/debug/deps/medprice_cuda-e5bb5e6f81ce9840)

running 3 tests
test cuda_feature_off_noop ... ok
test medprice_cuda_dev_matches_cpu ... ok
test medprice_many_series_one_param_matches_cpu ... ok

test result: ok. 3 passed; 0 failed; 0 ignored; 0 measured; 0 filtered out; finished in 1.50s


=== mfi_cuda ===
warning: function `approx_eq` is never used
 --> src/bin/cci_many_dbg.rs:2:4
  |
2 | fn approx_eq(a: f64, b: f64, tol: f64) -> bool {
  |    ^^^^^^^^^
  |
  = note: `#[warn(dead_code)]` on by default

   Compiling my_project v0.1.0 (/mnt/c/Rust Projects/my_project)
warning: `my_project` (bin "cci_many_dbg") generated 1 warning
    Finished `test` profile [unoptimized + debuginfo] target(s) in 10.71s
     Running tests/mfi_cuda.rs (target/debug/deps/mfi_cuda-62b3814fb04a1fd6)

running 3 tests
test cuda_feature_off_noop ... ok
test mfi_cuda_batch_matches_cpu ... ok
test mfi_cuda_many_series_one_param_matches_cpu ... ok

test result: ok. 3 passed; 0 failed; 0 ignored; 0 measured; 0 filtered out; finished in 1.54s


=== minmax_cuda ===
warning: function `approx_eq` is never used
 --> src/bin/cci_many_dbg.rs:2:4
  |
2 | fn approx_eq(a: f64, b: f64, tol: f64) -> bool {
  |    ^^^^^^^^^
  |
  = note: `#[warn(dead_code)]` on by default

   Compiling my_project v0.1.0 (/mnt/c/Rust Projects/my_project)
warning: `my_project` (bin "cci_many_dbg") generated 1 warning
    Finished `test` profile [unoptimized + debuginfo] target(s) in 10.62s
     Running tests/minmax_cuda.rs (target/debug/deps/minmax_cuda-8cd21872b5dfb13c)

running 3 tests
test cuda_feature_off_noop ... ok
test minmax_cuda_batch_matches_cpu ... ok
test minmax_cuda_many_series_one_param_matches_cpu ... ok

test result: ok. 3 passed; 0 failed; 0 ignored; 0 measured; 0 filtered out; finished in 2.66s


=== mod_god_mode_cuda ===
   Compiling my_project v0.1.0 (/mnt/c/Rust Projects/my_project)
warning: function `approx_eq` is never used
 --> src/bin/cci_many_dbg.rs:2:4
  |
2 | fn approx_eq(a: f64, b: f64, tol: f64) -> bool {
  |    ^^^^^^^^^
  |
  = note: `#[warn(dead_code)]` on by default

warning: `my_project` (bin "cci_many_dbg") generated 1 warning
warning: unused variable: `sweep`
  --> tests/mod_god_mode_cuda.rs:63:9
   |
63 |     let sweep = ModGodModeBatchRange {
   |         ^^^^^ help: if this is intentional, prefix it with an underscore: `_sweep`
   |
   = note: `#[warn(unused_variables)]` on by default

warning: unused variable: `cpu`
  --> tests/mod_god_mode_cuda.rs:77:9
   |
77 |     let cpu = mod_god_mode_batch_with_kernel(
   |         ^^^ help: if this is intentional, prefix it with an underscore: `_cpu`

warning: unused variable: `res`
  --> tests/mod_god_mode_cuda.rs:96:9
   |
96 |     let res = cuda
   |         ^^^ help: if this is intentional, prefix it with an underscore: `_res`

warning: unused variable: `input`
   --> tests/mod_god_mode_cuda.rs:194:13
    |
194 |         let input = ModGodModeInput {
    |             ^^^^^ help: if this is intentional, prefix it with an underscore: `_input`

warning: `my_project` (test "mod_god_mode_cuda") generated 4 warnings
    Finished `test` profile [unoptimized + debuginfo] target(s) in 10.78s
     Running tests/mod_god_mode_cuda.rs (target/debug/deps/mod_god_mode_cuda-42e28b1461f43311)

running 3 tests
test cuda_feature_off_noop ... ok
test mod_god_mode_cuda_batch_matches_cpu ... 
thread 'mod_god_mode_cuda_batch_matches_cpu' panicked at tests/mod_god_mode_cuda.rs:114:9:
wavetrend mismatch @14
note: run with `RUST_BACKTRACE=1` environment variable to display a backtrace
FAILED
test mod_god_mode_cuda_many_series_one_param_matches_cpu ... 
thread 'mod_god_mode_cuda_many_series_one_param_matches_cpu' panicked at tests/mod_god_mode_cuda.rs:272:9:
wt mismatch @80
FAILED

failures:

failures:
    mod_god_mode_cuda_batch_matches_cpu
    mod_god_mode_cuda_many_series_one_param_matches_cpu

test result: FAILED. 1 passed; 2 failed; 0 ignored; 0 measured; 0 filtered out; finished in 4.84s

error: test failed, to rerun pass `--test mod_god_mode_cuda`

=== mod_god_mode_cuda ===
   Compiling my_project v0.1.0 (/mnt/c/Rust Projects/my_project)
warning: function `approx_eq` is never used
 --> src/bin/cci_many_dbg.rs:2:4
  |
2 | fn approx_eq(a: f64, b: f64, tol: f64) -> bool {
  |    ^^^^^^^^^
  |
  = note: `#[warn(dead_code)]` on by default

warning: `my_project` (bin "cci_many_dbg") generated 1 warning
    Finished `test` profile [unoptimized + debuginfo] target(s) in 1m 56s
     Running tests/mod_god_mode_cuda.rs (target/debug/deps/mod_god_mode_cuda-42e28b1461f43311)

running 3 tests
test cuda_feature_off_noop ... ok
test mod_god_mode_cuda_batch_matches_cpu ... ok
test mod_god_mode_cuda_many_series_one_param_matches_cpu ... ok

test result: ok. 3 passed; 0 failed; 0 ignored; 0 measured; 0 filtered out; finished in 4.40s


=== mom_cuda ===
   Compiling my_project v0.1.0 (/mnt/c/Rust Projects/my_project)
warning: function `approx_eq` is never used
 --> src/bin/cci_many_dbg.rs:2:4
  |
2 | fn approx_eq(a: f64, b: f64, tol: f64) -> bool {
  |    ^^^^^^^^^
  |
  = note: `#[warn(dead_code)]` on by default

warning: `my_project` (bin "cci_many_dbg") generated 1 warning
    Finished `test` profile [unoptimized + debuginfo] target(s) in 43.61s
     Running tests/mom_cuda.rs (target/debug/deps/mom_cuda-02fe5e58acea60f9)

running 3 tests
test cuda_feature_off_noop ... ok
test mom_cuda_batch_matches_cpu ... ok
test mom_cuda_many_series_one_param_matches_cpu ... ok

test result: ok. 3 passed; 0 failed; 0 ignored; 0 measured; 0 filtered out; finished in 1.35s


=== msw_cuda ===
   Compiling my_project v0.1.0 (/mnt/c/Rust Projects/my_project)
warning: function `approx_eq` is never used
 --> src/bin/cci_many_dbg.rs:2:4
  |
2 | fn approx_eq(a: f64, b: f64, tol: f64) -> bool {
  |    ^^^^^^^^^
  |
  = note: `#[warn(dead_code)]` on by default

warning: `my_project` (bin "cci_many_dbg") generated 1 warning
    Finished `test` profile [unoptimized + debuginfo] target(s) in 10.64s
     Running tests/msw_cuda.rs (target/debug/deps/msw_cuda-bb3886f0dd123444)

running 3 tests
test cuda_feature_off_noop ... ok
test msw_cuda_batch_matches_cpu ... 
thread 'msw_cuda_batch_matches_cpu' panicked at tests/msw_cuda.rs:69:13:
sine mismatch (period=25 idx=1424): cpu=0.9999999999999997 gpu=-0.29739067
note: run with `RUST_BACKTRACE=1` environment variable to display a backtrace
FAILED
test msw_cuda_many_series_one_param_matches_cpu ... ok

failures:

failures:
    msw_cuda_batch_matches_cpu

test result: FAILED. 2 passed; 1 failed; 0 ignored; 0 measured; 0 filtered out; finished in 1.53s

error: test failed, to rerun pass `--test msw_cuda`

=== msw_cuda ===
   Compiling my_project v0.1.0 (/mnt/c/Rust Projects/my_project)
warning: function `approx_eq` is never used
 --> src/bin/cci_many_dbg.rs:2:4
  |
2 | fn approx_eq(a: f64, b: f64, tol: f64) -> bool {
  |    ^^^^^^^^^
  |
  = note: `#[warn(dead_code)]` on by default

warning: `my_project` (bin "cci_many_dbg") generated 1 warning
    Finished `test` profile [unoptimized + debuginfo] target(s) in 1m 57s
     Running tests/msw_cuda.rs (target/debug/deps/msw_cuda-bb3886f0dd123444)

running 3 tests
test cuda_feature_off_noop ... ok
test msw_cuda_batch_matches_cpu ... ok
test msw_cuda_many_series_one_param_matches_cpu ... ok

test result: ok. 3 passed; 0 failed; 0 ignored; 0 measured; 0 filtered out; finished in 1.57s


=== mwdx_cuda ===
   Compiling my_project v0.1.0 (/mnt/c/Rust Projects/my_project)
warning: function `approx_eq` is never used
 --> src/bin/cci_many_dbg.rs:2:4
  |
2 | fn approx_eq(a: f64, b: f64, tol: f64) -> bool {
  |    ^^^^^^^^^
  |
  = note: `#[warn(dead_code)]` on by default

warning: `my_project` (bin "cci_many_dbg") generated 1 warning
    Finished `test` profile [unoptimized + debuginfo] target(s) in 42.50s
     Running tests/mwdx_cuda.rs (target/debug/deps/mwdx_cuda-2c33d12852a2ea91)

running 3 tests
test cuda_feature_off_noop ... ok
test mwdx_cuda_batch_matches_cpu ... ok
test mwdx_cuda_many_series_one_param_matches_cpu ... ok

test result: ok. 3 passed; 0 failed; 0 ignored; 0 measured; 0 filtered out; finished in 1.65s


=== nadaraya_watson_envelope_cuda ===
   Compiling my_project v0.1.0 (/mnt/c/Rust Projects/my_project)
warning: function `approx_eq` is never used
 --> src/bin/cci_many_dbg.rs:2:4
  |
2 | fn approx_eq(a: f64, b: f64, tol: f64) -> bool {
  |    ^^^^^^^^^
  |
  = note: `#[warn(dead_code)]` on by default

warning: `my_project` (bin "cci_many_dbg") generated 1 warning
    Finished `test` profile [unoptimized + debuginfo] target(s) in 10.62s
     Running tests/nadaraya_watson_envelope_cuda.rs (target/debug/deps/nadaraya_watson_envelope_cuda-cde84a775d5de6a3)

running 3 tests
test cuda_feature_off_ok ... ok
test nwe_cuda_batch_matches_cpu ... ok
test nwe_cuda_many_series_one_param_matches_cpu ... ok

test result: ok. 3 passed; 0 failed; 0 ignored; 0 measured; 0 filtered out; finished in 8.00s


=== nama_cuda ===
warning: function `approx_eq` is never used
 --> src/bin/cci_many_dbg.rs:2:4
  |
2 | fn approx_eq(a: f64, b: f64, tol: f64) -> bool {
  |    ^^^^^^^^^
  |
  = note: `#[warn(dead_code)]` on by default

   Compiling my_project v0.1.0 (/mnt/c/Rust Projects/my_project)
warning: `my_project` (bin "cci_many_dbg") generated 1 warning
    Finished `test` profile [unoptimized + debuginfo] target(s) in 10.84s
     Running tests/nama_cuda.rs (target/debug/deps/nama_cuda-b21743f3a51003f7)

running 3 tests
test cuda_feature_off_noop ... ok
test nama_cuda_batch_matches_cpu ... ok
test nama_cuda_many_series_one_param_matches_cpu ... ok

test result: ok. 3 passed; 0 failed; 0 ignored; 0 measured; 0 filtered out; finished in 1.77s


=== natr_cuda ===
warning: function `approx_eq` is never used
 --> src/bin/cci_many_dbg.rs:2:4
  |
2 | fn approx_eq(a: f64, b: f64, tol: f64) -> bool {
  |    ^^^^^^^^^
  |
  = note: `#[warn(dead_code)]` on by default

   Compiling my_project v0.1.0 (/mnt/c/Rust Projects/my_project)
warning: `my_project` (bin "cci_many_dbg") generated 1 warning
    Finished `test` profile [unoptimized + debuginfo] target(s) in 10.89s
     Running tests/natr_cuda.rs (target/debug/deps/natr_cuda-16005b7704c72262)

running 3 tests
test cuda_feature_off_noop ... ok
test natr_cuda_batch_matches_cpu ... ok
test natr_cuda_many_series_one_param_matches_cpu ... ok

test result: ok. 3 passed; 0 failed; 0 ignored; 0 measured; 0 filtered out; finished in 1.48s


=== net_myrsi_cuda ===
   Compiling my_project v0.1.0 (/mnt/c/Rust Projects/my_project)
warning: function `approx_eq` is never used
 --> src/bin/cci_many_dbg.rs:2:4
  |
2 | fn approx_eq(a: f64, b: f64, tol: f64) -> bool {
  |    ^^^^^^^^^
  |
  = note: `#[warn(dead_code)]` on by default

warning: `my_project` (bin "cci_many_dbg") generated 1 warning
    Finished `test` profile [unoptimized + debuginfo] target(s) in 10.79s
     Running tests/net_myrsi_cuda.rs (target/debug/deps/net_myrsi_cuda-6f8eba3620e2f495)

running 3 tests
test cuda_feature_off_noop ... ok
test net_myrsi_cuda_batch_matches_cpu ... ok
test net_myrsi_cuda_many_series_one_param_matches_cpu ... 
thread 'net_myrsi_cuda_many_series_one_param_matches_cpu' panicked at tests/net_myrsi_cuda.rs:134:9:
mismatch at 2028
note: run with `RUST_BACKTRACE=1` environment variable to display a backtrace
FAILED

failures:

failures:
    net_myrsi_cuda_many_series_one_param_matches_cpu

test result: FAILED. 2 passed; 1 failed; 0 ignored; 0 measured; 0 filtered out; finished in 4.95s

error: test failed, to rerun pass `--test net_myrsi_cuda`

=== net_myrsi_cuda ===
   Compiling my_project v0.1.0 (/mnt/c/Rust Projects/my_project)
warning: function `approx_eq` is never used
 --> src/bin/cci_many_dbg.rs:2:4
  |
2 | fn approx_eq(a: f64, b: f64, tol: f64) -> bool {
  |    ^^^^^^^^^
  |
  = note: `#[warn(dead_code)]` on by default

warning: `my_project` (bin "cci_many_dbg") generated 1 warning
    Finished `test` profile [unoptimized + debuginfo] target(s) in 1m 58s
     Running tests/net_myrsi_cuda.rs (target/debug/deps/net_myrsi_cuda-6f8eba3620e2f495)

running 3 tests
test cuda_feature_off_noop ... ok
test net_myrsi_cuda_batch_matches_cpu ... ok
test net_myrsi_cuda_many_series_one_param_matches_cpu ... ok

test result: ok. 3 passed; 0 failed; 0 ignored; 0 measured; 0 filtered out; finished in 5.56s


=== nma_cuda ===
   Compiling my_project v0.1.0 (/mnt/c/Rust Projects/my_project)
warning: function `approx_eq` is never used
 --> src/bin/cci_many_dbg.rs:2:4
  |
2 | fn approx_eq(a: f64, b: f64, tol: f64) -> bool {
  |    ^^^^^^^^^
  |
  = note: `#[warn(dead_code)]` on by default

warning: `my_project` (bin "cci_many_dbg") generated 1 warning
    Finished `test` profile [unoptimized + debuginfo] target(s) in 43.38s
     Running tests/nma_cuda.rs (target/debug/deps/nma_cuda-9810921aa76996ff)

running 3 tests
test cuda_feature_off_noop ... ok
test nma_cuda_many_series_one_param_matches_cpu ... ok
test nma_cuda_one_series_many_params_matches_cpu ... ok

test result: ok. 3 passed; 0 failed; 0 ignored; 0 measured; 0 filtered out; finished in 0.55s


=== nvi_cuda ===
   Compiling my_project v0.1.0 (/mnt/c/Rust Projects/my_project)
warning: function `approx_eq` is never used
 --> src/bin/cci_many_dbg.rs:2:4
  |
2 | fn approx_eq(a: f64, b: f64, tol: f64) -> bool {
  |    ^^^^^^^^^
  |
  = note: `#[warn(dead_code)]` on by default

warning: `my_project` (bin "cci_many_dbg") generated 1 warning
    Finished `test` profile [unoptimized + debuginfo] target(s) in 10.45s
     Running tests/nvi_cuda.rs (target/debug/deps/nvi_cuda-6210de13d3dc501e)

running 3 tests
test cuda_feature_off_noop ... ok
test nvi_cuda_batch_matches_cpu ... ok
test nvi_cuda_many_series_one_param_matches_cpu ... ok

test result: ok. 3 passed; 0 failed; 0 ignored; 0 measured; 0 filtered out; finished in 0.54s


=== obv_cuda ===
   Compiling my_project v0.1.0 (/mnt/c/Rust Projects/my_project)
warning: function `approx_eq` is never used
 --> src/bin/cci_many_dbg.rs:2:4
  |
2 | fn approx_eq(a: f64, b: f64, tol: f64) -> bool {
  |    ^^^^^^^^^
  |
  = note: `#[warn(dead_code)]` on by default

warning: `my_project` (bin "cci_many_dbg") generated 1 warning
    Finished `test` profile [unoptimized + debuginfo] target(s) in 10.46s
     Running tests/obv_cuda.rs (target/debug/deps/obv_cuda-adde6d410571d533)

running 3 tests
test cuda_feature_off_noop ... ok
test obv_cuda_batch_matches_cpu ... 