=== ehlers_kama_cuda ===
   Compiling my_project v0.1.0 (/mnt/c/Rust Projects/my_project)
warning: function `approx_eq` is never used
 --> src/bin/cci_many_dbg.rs:2:4
  |
2 | fn approx_eq(a: f64, b: f64, tol: f64) -> bool {
  |    ^^^^^^^^^
  |
  = note: `#[warn(dead_code)]` on by default

warning: variable does not need to be mutable
   --> tests/ehlers_kama_cuda.rs:206:9
    |
206 |     let mut cuda = CudaEhlersKama::new_with_policy(
    |         ----^^^^
    |         |
    |         help: remove this `mut`
    |
    = note: `#[warn(unused_mut)]` on by default

warning: `my_project` (bin "cci_many_dbg") generated 1 warning
warning: `my_project` (test "ehlers_kama_cuda") generated 1 warning (run `cargo fix --test "ehlers_kama_cuda"` to apply 1 suggestion)
    Finished `test` profile [unoptimized + debuginfo] target(s) in 41.85s
     Running tests/ehlers_kama_cuda.rs (target/debug/deps/ehlers_kama_cuda-89263a59f5ad28bb)

running 4 tests
test cuda_feature_off_noop ... ok
test ehlers_kama_cuda_batch_matches_cpu ... ok
test ehlers_kama_cuda_many_series_one_param_matches_cpu ... ok
test ehlers_kama_cuda_many_series_one_param_tiled2d_matches_cpu ... ok

test result: ok. 4 passed; 0 failed; 0 ignored; 0 measured; 0 filtered out; finished in 0.61s

=== ehlers_pma_cuda ===
warning: function `approx_eq` is never used
 --> src/bin/cci_many_dbg.rs:2:4
  |
2 | fn approx_eq(a: f64, b: f64, tol: f64) -> bool {
  |    ^^^^^^^^^
  |
  = note: `#[warn(dead_code)]` on by default

   Compiling my_project v0.1.0 (/mnt/c/Rust Projects/my_project)
warning: `my_project` (bin "cci_many_dbg") generated 1 warning
    Finished `test` profile [unoptimized + debuginfo] target(s) in 10.35s
     Running tests/ehlers_pma_cuda.rs (target/debug/deps/ehlers_pma_cuda-ba9f1ddb54d471d7)

running 3 tests
test cuda_feature_off_noop ... ok
test ehlers_pma_cuda_many_series_one_param_matches_cpu ... ok
test ehlers_pma_cuda_one_series_many_params_matches_cpu ... ok

test result: ok. 3 passed; 0 failed; 0 ignored; 0 measured; 0 filtered out; finished in 0.44s

=== ehlers_pma_cuda_variants ===
   Compiling my_project v0.1.0 (/mnt/c/Rust Projects/my_project)
warning: function `approx_eq` is never used
 --> src/bin/cci_many_dbg.rs:2:4
  |
2 | fn approx_eq(a: f64, b: f64, tol: f64) -> bool {
  |    ^^^^^^^^^
  |
  = note: `#[warn(dead_code)]` on by default

warning: `my_project` (bin "cci_many_dbg") generated 1 warning
warning: unused import: `my_project::utilities::enums::Kernel`
 --> tests/ehlers_pma_cuda_variants.rs:6:5
  |
6 | use my_project::utilities::enums::Kernel;
  |     ^^^^^^^^^^^^^^^^^^^^^^^^^^^^^^^^^^^^
  |
  = note: `#[warn(unused_imports)]` on by default

warning: variable does not need to be mutable
  --> tests/ehlers_pma_cuda_variants.rs:69:9
   |
69 |     let mut cuda = CudaEhlersPma::new_with_policy(0, policy).expect("cuda pma");
   |         ----^^^^
   |         |
   |         help: remove this `mut`
   |
   = note: `#[warn(unused_mut)]` on by default

warning: variable does not need to be mutable
   --> tests/ehlers_pma_cuda_variants.rs:128:9
    |
128 |     let mut cuda = CudaEhlersPma::new_with_policy(0, policy).expect("cuda pma");
    |         ----^^^^
    |         |
    |         help: remove this `mut`

warning: `my_project` (test "ehlers_pma_cuda_variants") generated 3 warnings (run `cargo fix --test "ehlers_pma_cuda_variants"` to apply 3 suggestions)
    Finished `test` profile [unoptimized + debuginfo] target(s) in 10.23s
     Running tests/ehlers_pma_cuda_variants.rs (target/debug/deps/ehlers_pma_cuda_variants-32108211d2191236)

running 6 tests
test cuda_feature_off_compiles ... ok
test ehlers_pma_batch_plain_matches_cpu ... ok
test ehlers_pma_batch_tiled_matches_cpu ... ok
test ehlers_pma_many_series_1d_matches_cpu ... ok
test ehlers_pma_many_series_2d_ty2_matches_cpu ... ok
test ehlers_pma_many_series_2d_ty4_matches_cpu ... ok

test result: ok. 6 passed; 0 failed; 0 ignored; 0 measured; 0 filtered out; finished in 1.16s

=== ehma_cuda ===
warning: function `approx_eq` is never used
 --> src/bin/cci_many_dbg.rs:2:4
  |
2 | fn approx_eq(a: f64, b: f64, tol: f64) -> bool {
  |    ^^^^^^^^^
  |
  = note: `#[warn(dead_code)]` on by default

   Compiling my_project v0.1.0 (/mnt/c/Rust Projects/my_project)
warning: `my_project` (bin "cci_many_dbg") generated 1 warning
    Finished `test` profile [unoptimized + debuginfo] target(s) in 10.34s
     Running tests/ehma_cuda.rs (target/debug/deps/ehma_cuda-b2db4da8885f6912)

running 3 tests
test cuda_feature_off_noop ... ok
test ehma_cuda_batch_matches_cpu ... ok
test ehma_cuda_many_series_one_param_matches_cpu ... ok

test result: ok. 3 passed; 0 failed; 0 ignored; 0 measured; 0 filtered out; finished in 0.95s

=== ehma_cuda_variants ===
   Compiling my_project v0.1.0 (/mnt/c/Rust Projects/my_project)
warning: function `approx_eq` is never used
 --> src/bin/cci_many_dbg.rs:2:4
  |
2 | fn approx_eq(a: f64, b: f64, tol: f64) -> bool {
  |    ^^^^^^^^^
  |
  = note: `#[warn(dead_code)]` on by default

warning: `my_project` (bin "cci_many_dbg") generated 1 warning
warning: variable does not need to be mutable
  --> tests/ehma_cuda_variants.rs:73:9
   |
73 |     let mut cuda = CudaEhma::new_with_policy(0, policy).expect("cuda ehma");
   |         ----^^^^
   |         |
   |         help: remove this `mut`
   |
   = note: `#[warn(unused_mut)]` on by default

warning: variable does not need to be mutable
   --> tests/ehma_cuda_variants.rs:127:9
    |
127 |     let mut cuda = CudaEhma::new_with_policy(0, policy).expect("cuda ehma");
    |         ----^^^^
    |         |
    |         help: remove this `mut`

warning: `my_project` (test "ehma_cuda_variants") generated 2 warnings (run `cargo fix --test "ehma_cuda_variants"` to apply 2 suggestions)
    Finished `test` profile [unoptimized + debuginfo] target(s) in 10.26s
     Running tests/ehma_cuda_variants.rs (target/debug/deps/ehma_cuda_variants-b8599e98a92c96a6)

running 6 tests
test cuda_feature_off_compiles ... ok
test ehma_batch_plain_matches_cpu ... ok
test ehma_batch_tiled_2x_matches_cpu ... ok
test ehma_many_series_1d_matches_cpu ... ok
test ehma_many_series_2d_ty2_matches_cpu ... 
thread 'ehma_many_series_2d_ty2_matches_cpu' panicked at tests/ehma_cuda_variants.rs:141:9:
many-series mismatch at 1134: 1.02641993242174 vs 0
note: run with `RUST_BACKTRACE=1` environment variable to display a backtrace
FAILED
test ehma_many_series_2d_ty4_matches_cpu ... 
thread 'ehma_many_series_2d_ty4_matches_cpu' panicked at tests/ehma_cuda_variants.rs:141:9:
many-series mismatch at 2016: 1.02641993242174 vs 0
FAILED

failures:

failures:
    ehma_many_series_2d_ty2_matches_cpu
    ehma_many_series_2d_ty4_matches_cpu

test result: FAILED. 4 passed; 2 failed; 0 ignored; 0 measured; 0 filtered out; finished in 2.44s

error: test failed, to rerun pass `--test ehma_cuda_variants`
